[0.319s] DEBUG:colcon:Command line arguments: ['/usr/bin/colcon', 'build', '--packages-select', 'tf_lab_t2', '--symlink-install']
[0.319s] DEBUG:colcon:Parsed command line arguments: Namespace(log_base=None, log_level=None, verb_name='build', build_base='build', install_base='install', merge_install=False, symlink_install=True, test_result_base=None, continue_on_error=False, executor='parallel', parallel_workers=12, event_handlers=None, ignore_user_meta=False, metas=['./colcon.meta'], base_paths=['.'], packages_ignore=None, packages_ignore_regex=None, paths=None, packages_up_to=None, packages_up_to_regex=None, packages_above=None, packages_above_and_dependencies=None, packages_above_depth=None, packages_select_by_dep=None, packages_skip_by_dep=None, packages_skip_up_to=None, packages_select_build_failed=False, packages_skip_build_finished=False, packages_select_test_failures=False, packages_skip_test_passed=False, packages_select=['tf_lab_t2'], packages_skip=None, packages_select_regex=None, packages_skip_regex=None, packages_start=None, packages_end=None, allow_overriding=[], cmake_args=None, cmake_target=None, cmake_target_skip_unavailable=False, cmake_clean_cache=False, cmake_clean_first=False, cmake_force_configure=False, ament_cmake_args=None, catkin_cmake_args=None, catkin_skip_building_tests=False, verb_parser=<colcon_defaults.argument_parser.defaults.DefaultArgumentsDecorator object at 0x7fe209b53160>, verb_extension=<colcon_core.verb.build.BuildVerb object at 0x7fe20a49bf40>, main=<bound method BuildVerb.main of <colcon_core.verb.build.BuildVerb object at 0x7fe20a49bf40>>)
[0.345s] Level 1:colcon.colcon_core.package_discovery:discover_packages(colcon_meta) check parameters
[0.345s] Level 1:colcon.colcon_core.package_discovery:discover_packages(recursive) check parameters
[0.345s] Level 1:colcon.colcon_core.package_discovery:discover_packages(ignore) check parameters
[0.345s] Level 1:colcon.colcon_core.package_discovery:discover_packages(path) check parameters
[0.346s] Level 1:colcon.colcon_core.package_discovery:discover_packages(colcon_meta) discover
[0.346s] Level 1:colcon.colcon_core.package_discovery:discover_packages(recursive) discover
[0.346s] INFO:colcon.colcon_core.package_discovery:Crawling recursively for packages in '/home/NightBaRron1412/Desktop/Robotics_ITI/Day_12'
[0.346s] Level 1:colcon.colcon_core.package_identification:_identify(.) by extensions ['ignore', 'ignore_ament_install']
[0.346s] Level 1:colcon.colcon_core.package_identification:_identify(.) by extension 'ignore'
[0.346s] Level 1:colcon.colcon_core.package_identification:_identify(.) by extension 'ignore_ament_install'
[0.346s] Level 1:colcon.colcon_core.package_identification:_identify(.) by extensions ['colcon_pkg']
[0.346s] Level 1:colcon.colcon_core.package_identification:_identify(.) by extension 'colcon_pkg'
[0.346s] Level 1:colcon.colcon_core.package_identification:_identify(.) by extensions ['colcon_meta']
[0.346s] Level 1:colcon.colcon_core.package_identification:_identify(.) by extension 'colcon_meta'
[0.346s] Level 1:colcon.colcon_core.package_identification:_identify(.) by extensions ['ros']
[0.346s] Level 1:colcon.colcon_core.package_identification:_identify(.) by extension 'ros'
[0.356s] Level 1:colcon.colcon_core.package_identification:_identify(.) by extensions ['cmake', 'python']
[0.356s] Level 1:colcon.colcon_core.package_identification:_identify(.) by extension 'cmake'
[0.356s] Level 1:colcon.colcon_core.package_identification:_identify(.) by extension 'python'
[0.356s] Level 1:colcon.colcon_core.package_identification:_identify(.) by extensions ['python_setup_py']
[0.357s] Level 1:colcon.colcon_core.package_identification:_identify(.) by extension 'python_setup_py'
[0.357s] Level 1:colcon.colcon_core.package_identification:_identify(build) by extensions ['ignore', 'ignore_ament_install']
[0.357s] Level 1:colcon.colcon_core.package_identification:_identify(build) by extension 'ignore'
[0.357s] Level 1:colcon.colcon_core.package_identification:_identify(build) ignored
[0.357s] Level 1:colcon.colcon_core.package_identification:_identify(install) by extensions ['ignore', 'ignore_ament_install']
[0.357s] Level 1:colcon.colcon_core.package_identification:_identify(install) by extension 'ignore'
[0.357s] Level 1:colcon.colcon_core.package_identification:_identify(install) ignored
[0.357s] Level 1:colcon.colcon_core.package_identification:_identify(log) by extensions ['ignore', 'ignore_ament_install']
[0.357s] Level 1:colcon.colcon_core.package_identification:_identify(log) by extension 'ignore'
[0.357s] Level 1:colcon.colcon_core.package_identification:_identify(log) ignored
[0.357s] Level 1:colcon.colcon_core.package_identification:_identify(src) by extensions ['ignore', 'ignore_ament_install']
[0.357s] Level 1:colcon.colcon_core.package_identification:_identify(src) by extension 'ignore'
[0.357s] Level 1:colcon.colcon_core.package_identification:_identify(src) by extension 'ignore_ament_install'
[0.358s] Level 1:colcon.colcon_core.package_identification:_identify(src) by extensions ['colcon_pkg']
[0.358s] Level 1:colcon.colcon_core.package_identification:_identify(src) by extension 'colcon_pkg'
[0.358s] Level 1:colcon.colcon_core.package_identification:_identify(src) by extensions ['colcon_meta']
[0.358s] Level 1:colcon.colcon_core.package_identification:_identify(src) by extension 'colcon_meta'
[0.358s] Level 1:colcon.colcon_core.package_identification:_identify(src) by extensions ['ros']
[0.358s] Level 1:colcon.colcon_core.package_identification:_identify(src) by extension 'ros'
[0.358s] Level 1:colcon.colcon_core.package_identification:_identify(src) by extensions ['cmake', 'python']
[0.358s] Level 1:colcon.colcon_core.package_identification:_identify(src) by extension 'cmake'
[0.358s] Level 1:colcon.colcon_core.package_identification:_identify(src) by extension 'python'
[0.358s] Level 1:colcon.colcon_core.package_identification:_identify(src) by extensions ['python_setup_py']
[0.358s] Level 1:colcon.colcon_core.package_identification:_identify(src) by extension 'python_setup_py'
[0.358s] Level 1:colcon.colcon_core.package_identification:_identify(src/tf_lab_t1_bringup) by extensions ['ignore', 'ignore_ament_install']
[0.358s] Level 1:colcon.colcon_core.package_identification:_identify(src/tf_lab_t1_bringup) by extension 'ignore'
[0.358s] Level 1:colcon.colcon_core.package_identification:_identify(src/tf_lab_t1_bringup) by extension 'ignore_ament_install'
[0.358s] Level 1:colcon.colcon_core.package_identification:_identify(src/tf_lab_t1_bringup) by extensions ['colcon_pkg']
[0.358s] Level 1:colcon.colcon_core.package_identification:_identify(src/tf_lab_t1_bringup) by extension 'colcon_pkg'
[0.358s] Level 1:colcon.colcon_core.package_identification:_identify(src/tf_lab_t1_bringup) by extensions ['colcon_meta']
[0.358s] Level 1:colcon.colcon_core.package_identification:_identify(src/tf_lab_t1_bringup) by extension 'colcon_meta'
[0.358s] Level 1:colcon.colcon_core.package_identification:_identify(src/tf_lab_t1_bringup) by extensions ['ros']
[0.358s] Level 1:colcon.colcon_core.package_identification:_identify(src/tf_lab_t1_bringup) by extension 'ros'
[0.360s] DEBUG:colcon.colcon_core.package_identification:Package 'src/tf_lab_t1_bringup' with type 'ros.ament_cmake' and name 'tf_lab_bringup'
[0.360s] Level 1:colcon.colcon_core.package_identification:_identify(src/tf_lab_t2) by extensions ['ignore', 'ignore_ament_install']
[0.361s] Level 1:colcon.colcon_core.package_identification:_identify(src/tf_lab_t2) by extension 'ignore'
[0.361s] Level 1:colcon.colcon_core.package_identification:_identify(src/tf_lab_t2) by extension 'ignore_ament_install'
[0.361s] Level 1:colcon.colcon_core.package_identification:_identify(src/tf_lab_t2) by extensions ['colcon_pkg']
[0.361s] Level 1:colcon.colcon_core.package_identification:_identify(src/tf_lab_t2) by extension 'colcon_pkg'
[0.361s] Level 1:colcon.colcon_core.package_identification:_identify(src/tf_lab_t2) by extensions ['colcon_meta']
[0.361s] Level 1:colcon.colcon_core.package_identification:_identify(src/tf_lab_t2) by extension 'colcon_meta'
[0.361s] Level 1:colcon.colcon_core.package_identification:_identify(src/tf_lab_t2) by extensions ['ros']
[0.361s] Level 1:colcon.colcon_core.package_identification:_identify(src/tf_lab_t2) by extension 'ros'
[0.361s] DEBUG:colcon.colcon_core.package_identification:Package 'src/tf_lab_t2' with type 'ros.ament_python' and name 'tf_lab_t2'
[0.361s] Level 1:colcon.colcon_core.package_discovery:discover_packages(recursive) using defaults
[0.361s] Level 1:colcon.colcon_core.package_discovery:discover_packages(ignore) discover
[0.361s] Level 1:colcon.colcon_core.package_discovery:discover_packages(ignore) using defaults
[0.361s] Level 1:colcon.colcon_core.package_discovery:discover_packages(path) discover
[0.361s] Level 1:colcon.colcon_core.package_discovery:discover_packages(path) using defaults
[0.382s] INFO:colcon.colcon_core.package_selection:Skipping not selected package 'tf_lab_bringup' in 'src/tf_lab_t1_bringup'
[0.383s] Level 1:colcon.colcon_core.package_discovery:discover_packages(prefix_path) check parameters
[0.383s] Level 1:colcon.colcon_core.package_discovery:discover_packages(prefix_path) discover
[0.386s] DEBUG:colcon.colcon_installed_package_information.package_discovery:Found 1 installed packages in /home/NightBaRron1412/Desktop/Robotics_ITI/Day_12/install
[0.386s] DEBUG:colcon.colcon_installed_package_information.package_discovery:Found 2 installed packages in /home/NightBaRron1412/ros2_ws/install
[0.388s] DEBUG:colcon.colcon_installed_package_information.package_discovery:Found 354 installed packages in /opt/ros/humble
[0.390s] Level 1:colcon.colcon_core.package_discovery:discover_packages(prefix_path) using defaults
[0.456s] Level 5:colcon.colcon_core.verb:set package 'tf_lab_t2' build argument 'cmake_args' from command line to 'None'
[0.456s] Level 5:colcon.colcon_core.verb:set package 'tf_lab_t2' build argument 'cmake_target' from command line to 'None'
[0.456s] Level 5:colcon.colcon_core.verb:set package 'tf_lab_t2' build argument 'cmake_target_skip_unavailable' from command line to 'False'
[0.456s] Level 5:colcon.colcon_core.verb:set package 'tf_lab_t2' build argument 'cmake_clean_cache' from command line to 'False'
[0.456s] Level 5:colcon.colcon_core.verb:set package 'tf_lab_t2' build argument 'cmake_clean_first' from command line to 'False'
[0.456s] Level 5:colcon.colcon_core.verb:set package 'tf_lab_t2' build argument 'cmake_force_configure' from command line to 'False'
[0.457s] Level 5:colcon.colcon_core.verb:set package 'tf_lab_t2' build argument 'ament_cmake_args' from command line to 'None'
[0.457s] Level 5:colcon.colcon_core.verb:set package 'tf_lab_t2' build argument 'catkin_cmake_args' from command line to 'None'
[0.457s] Level 5:colcon.colcon_core.verb:set package 'tf_lab_t2' build argument 'catkin_skip_building_tests' from command line to 'False'
[0.457s] DEBUG:colcon.colcon_core.verb:Building package 'tf_lab_t2' with the following arguments: {'ament_cmake_args': None, 'build_base': '/home/NightBaRron1412/Desktop/Robotics_ITI/Day_12/build/tf_lab_t2', 'catkin_cmake_args': None, 'catkin_skip_building_tests': False, 'cmake_args': None, 'cmake_clean_cache': False, 'cmake_clean_first': False, 'cmake_force_configure': False, 'cmake_target': None, 'cmake_target_skip_unavailable': False, 'install_base': '/home/NightBaRron1412/Desktop/Robotics_ITI/Day_12/install/tf_lab_t2', 'merge_install': False, 'path': '/home/NightBaRron1412/Desktop/Robotics_ITI/Day_12/src/tf_lab_t2', 'symlink_install': True, 'test_result_base': None}
[0.457s] INFO:colcon.colcon_core.executor:Executing jobs using 'parallel' executor
[0.461s] DEBUG:colcon.colcon_parallel_executor.executor.parallel:run_until_complete
[0.461s] INFO:colcon.colcon_ros.task.ament_python.build:Building ROS package in '/home/NightBaRron1412/Desktop/Robotics_ITI/Day_12/src/tf_lab_t2' with build type 'ament_python'
[0.461s] Level 1:colcon.colcon_core.shell:create_environment_hook('tf_lab_t2', 'ament_prefix_path')
[0.466s] INFO:colcon.colcon_core.plugin_system:Skipping extension 'colcon_core.shell.bat': Not used on non-Windows systems
[0.466s] INFO:colcon.colcon_core.shell:Creating environment hook '/home/NightBaRron1412/Desktop/Robotics_ITI/Day_12/install/tf_lab_t2/share/tf_lab_t2/hook/ament_prefix_path.ps1'
[0.467s] INFO:colcon.colcon_core.shell:Creating environment descriptor '/home/NightBaRron1412/Desktop/Robotics_ITI/Day_12/install/tf_lab_t2/share/tf_lab_t2/hook/ament_prefix_path.dsv'
[0.467s] INFO:colcon.colcon_core.shell:Creating environment hook '/home/NightBaRron1412/Desktop/Robotics_ITI/Day_12/install/tf_lab_t2/share/tf_lab_t2/hook/ament_prefix_path.sh'
[0.469s] INFO:colcon.colcon_core.shell:Skip shell extension 'powershell' for command environment: Not usable outside of PowerShell
[0.469s] DEBUG:colcon.colcon_core.shell:Skip shell extension 'dsv' for command environment
[0.726s] INFO:colcon.colcon_core.task.python.build:Building Python package in '/home/NightBaRron1412/Desktop/Robotics_ITI/Day_12/src/tf_lab_t2'
[0.727s] INFO:colcon.colcon_core.shell:Skip shell extension 'powershell' for command environment: Not usable outside of PowerShell
[0.727s] DEBUG:colcon.colcon_core.shell:Skip shell extension 'dsv' for command environment
[1.073s] DEBUG:colcon.colcon_core.task.python.build:While undoing a previous installation files outside the Python library path are being ignored: /home/NightBaRron1412/Desktop/Robotics_ITI/Day_12/install/tf_lab_t2/share/ament_index/resource_index/packages/tf_lab_t2
[1.074s] DEBUG:colcon.colcon_core.task.python.build:While undoing a previous installation files outside the Python library path are being ignored: /home/NightBaRron1412/Desktop/Robotics_ITI/Day_12/install/tf_lab_t2/share/tf_lab_t2/package.xml
[1.074s] DEBUG:colcon.colcon_core.task.python.build:While undoing a previous installation files outside the Python library path are being ignored: /home/NightBaRron1412/Desktop/Robotics_ITI/Day_12/install/tf_lab_t2/lib/tf_lab_t2/frame_pub
[1.076s] DEBUG:colcon.colcon_core.event_handler.log_command:Invoking command in '/home/NightBaRron1412/Desktop/Robotics_ITI/Day_12/build/tf_lab_t2': PYTHONPATH=/home/NightBaRron1412/Desktop/Robotics_ITI/Day_12/install/tf_lab_t2/lib/python3.10/site-packages:${PYTHONPATH} /usr/bin/python3 setup.py develop --prefix /home/NightBaRron1412/Desktop/Robotics_ITI/Day_12/install/tf_lab_t2 --editable --build-directory /home/NightBaRron1412/Desktop/Robotics_ITI/Day_12/build/tf_lab_t2/build --no-deps install_data --install-dir /home/NightBaRron1412/Desktop/Robotics_ITI/Day_12/install/tf_lab_t2
[1.720s] Level 1:colcon.colcon_core.shell:create_environment_hook('tf_lab_t2', 'pythonpath_develop')
[1.721s] INFO:colcon.colcon_core.shell:Creating environment hook '/home/NightBaRron1412/Desktop/Robotics_ITI/Day_12/build/tf_lab_t2/share/tf_lab_t2/hook/pythonpath_develop.ps1'
[1.721s] DEBUG:colcon.colcon_core.event_handler.log_command:Invoked command in '/home/NightBaRron1412/Desktop/Robotics_ITI/Day_12/build/tf_lab_t2' returned '0': PYTHONPATH=/home/NightBaRron1412/Desktop/Robotics_ITI/Day_12/install/tf_lab_t2/lib/python3.10/site-packages:${PYTHONPATH} /usr/bin/python3 setup.py develop --prefix /home/NightBaRron1412/Desktop/Robotics_ITI/Day_12/install/tf_lab_t2 --editable --build-directory /home/NightBaRron1412/Desktop/Robotics_ITI/Day_12/build/tf_lab_t2/build --no-deps install_data --install-dir /home/NightBaRron1412/Desktop/Robotics_ITI/Day_12/install/tf_lab_t2
[1.722s] INFO:colcon.colcon_core.shell:Creating environment descriptor '/home/NightBaRron1412/Desktop/Robotics_ITI/Day_12/build/tf_lab_t2/share/tf_lab_t2/hook/pythonpath_develop.dsv'
[1.722s] INFO:colcon.colcon_core.shell:Creating environment hook '/home/NightBaRron1412/Desktop/Robotics_ITI/Day_12/build/tf_lab_t2/share/tf_lab_t2/hook/pythonpath_develop.sh'
[1.726s] Level 1:colcon.colcon_core.environment:checking '/home/NightBaRron1412/Desktop/Robotics_ITI/Day_12/install/tf_lab_t2' for CMake module files
[1.726s] Level 1:colcon.colcon_core.environment:checking '/home/NightBaRron1412/Desktop/Robotics_ITI/Day_12/install/tf_lab_t2' for CMake config files
[1.727s] Level 1:colcon.colcon_core.environment:checking '/home/NightBaRron1412/Desktop/Robotics_ITI/Day_12/install/tf_lab_t2/lib'
[1.727s] Level 1:colcon.colcon_core.environment:checking '/home/NightBaRron1412/Desktop/Robotics_ITI/Day_12/install/tf_lab_t2/bin'
[1.727s] Level 1:colcon.colcon_core.environment:checking '/home/NightBaRron1412/Desktop/Robotics_ITI/Day_12/install/tf_lab_t2/lib/pkgconfig/tf_lab_t2.pc'
[1.727s] Level 1:colcon.colcon_core.environment:checking '/home/NightBaRron1412/Desktop/Robotics_ITI/Day_12/install/tf_lab_t2/lib/python3.10/site-packages'
[1.727s] Level 1:colcon.colcon_core.shell:create_environment_hook('tf_lab_t2', 'pythonpath')
[1.728s] INFO:colcon.colcon_core.shell:Creating environment hook '/home/NightBaRron1412/Desktop/Robotics_ITI/Day_12/install/tf_lab_t2/share/tf_lab_t2/hook/pythonpath.ps1'
[1.729s] INFO:colcon.colcon_core.shell:Creating environment descriptor '/home/NightBaRron1412/Desktop/Robotics_ITI/Day_12/install/tf_lab_t2/share/tf_lab_t2/hook/pythonpath.dsv'
[1.729s] INFO:colcon.colcon_core.shell:Creating environment hook '/home/NightBaRron1412/Desktop/Robotics_ITI/Day_12/install/tf_lab_t2/share/tf_lab_t2/hook/pythonpath.sh'
[1.729s] Level 1:colcon.colcon_core.environment:checking '/home/NightBaRron1412/Desktop/Robotics_ITI/Day_12/install/tf_lab_t2/bin'
[1.729s] Level 1:colcon.colcon_core.environment:create_environment_scripts_only(tf_lab_t2)
[1.731s] INFO:colcon.colcon_core.shell:Creating package script '/home/NightBaRron1412/Desktop/Robotics_ITI/Day_12/install/tf_lab_t2/share/tf_lab_t2/package.ps1'
[1.731s] INFO:colcon.colcon_core.shell:Creating package descriptor '/home/NightBaRron1412/Desktop/Robotics_ITI/Day_12/install/tf_lab_t2/share/tf_lab_t2/package.dsv'
[1.732s] INFO:colcon.colcon_core.shell:Creating package script '/home/NightBaRron1412/Desktop/Robotics_ITI/Day_12/install/tf_lab_t2/share/tf_lab_t2/package.sh'
[1.732s] INFO:colcon.colcon_core.shell:Creating package script '/home/NightBaRron1412/Desktop/Robotics_ITI/Day_12/install/tf_lab_t2/share/tf_lab_t2/package.bash'
[1.733s] INFO:colcon.colcon_core.shell:Creating package script '/home/NightBaRron1412/Desktop/Robotics_ITI/Day_12/install/tf_lab_t2/share/tf_lab_t2/package.zsh'
[1.734s] Level 1:colcon.colcon_core.environment:create_file_with_runtime_dependencies(/home/NightBaRron1412/Desktop/Robotics_ITI/Day_12/install/tf_lab_t2/share/colcon-core/packages/tf_lab_t2)
[1.734s] DEBUG:colcon.colcon_parallel_executor.executor.parallel:closing loop
[1.734s] DEBUG:colcon.colcon_parallel_executor.executor.parallel:loop closed
[1.734s] DEBUG:colcon.colcon_parallel_executor.executor.parallel:run_until_complete finished with '0'
[1.734s] DEBUG:colcon.colcon_core.event_reactor:joining thread
[1.740s] INFO:colcon.colcon_core.plugin_system:Skipping extension 'colcon_notification.desktop_notification.terminal_notifier': Not used on non-Darwin systems
[1.740s] INFO:colcon.colcon_core.plugin_system:Skipping extension 'colcon_notification.desktop_notification.win32': Not used on non-Windows systems
[1.740s] INFO:colcon.colcon_notification.desktop_notification:Sending desktop notification using 'notify2'
[1.753s] DEBUG:colcon.colcon_core.event_reactor:joined thread
[1.755s] INFO:colcon.colcon_core.shell:Creating prefix script '/home/NightBaRron1412/Desktop/Robotics_ITI/Day_12/install/local_setup.ps1'
[1.756s] INFO:colcon.colcon_core.shell:Creating prefix util module '/home/NightBaRron1412/Desktop/Robotics_ITI/Day_12/install/_local_setup_util_ps1.py'
[1.758s] INFO:colcon.colcon_core.shell:Creating prefix chain script '/home/NightBaRron1412/Desktop/Robotics_ITI/Day_12/install/setup.ps1'
[1.760s] INFO:colcon.colcon_core.shell:Creating prefix script '/home/NightBaRron1412/Desktop/Robotics_ITI/Day_12/install/local_setup.sh'
[1.760s] INFO:colcon.colcon_core.shell:Creating prefix util module '/home/NightBaRron1412/Desktop/Robotics_ITI/Day_12/install/_local_setup_util_sh.py'
[1.761s] INFO:colcon.colcon_core.shell:Creating prefix chain script '/home/NightBaRron1412/Desktop/Robotics_ITI/Day_12/install/setup.sh'
[1.763s] INFO:colcon.colcon_core.shell:Creating prefix script '/home/NightBaRron1412/Desktop/Robotics_ITI/Day_12/install/local_setup.bash'
[1.764s] INFO:colcon.colcon_core.shell:Creating prefix chain script '/home/NightBaRron1412/Desktop/Robotics_ITI/Day_12/install/setup.bash'
[1.765s] INFO:colcon.colcon_core.shell:Creating prefix script '/home/NightBaRron1412/Desktop/Robotics_ITI/Day_12/install/local_setup.zsh'
[1.766s] INFO:colcon.colcon_core.shell:Creating prefix chain script '/home/NightBaRron1412/Desktop/Robotics_ITI/Day_12/install/setup.zsh'
