[0.031s] Invoking command in '/home/NightBaRron1412/Desktop/Robotics_ITI/Day_12/build/tf_lab_bringup': CMAKE_PREFIX_PATH=${CMAKE_PREFIX_PATH}:/home/NightBaRron1412/ros2_ws/install/my_py_pkg:/opt/ros/humble /usr/bin/cmake /home/NightBaRron1412/Desktop/Robotics_ITI/Day_12/src/tf_lab_t1_bringup -DCMAKE_INSTALL_PREFIX=/home/NightBaRron1412/Desktop/Robotics_ITI/Day_12/install/tf_lab_bringup
[1.081s] -- The C compiler identification is GNU 11.2.0
[1.887s] -- The CXX compiler identification is GNU 11.2.0
[2.125s] -- Detecting C compiler ABI info
[2.398s] -- Detecting C compiler ABI info - done
[2.406s] -- Check for working C compiler: /usr/bin/cc - skipped
[2.407s] -- Detecting C compile features
[2.414s] -- Detecting C compile features - done
[2.441s] -- Detecting CXX compiler ABI info
[2.599s] -- Detecting CXX compiler ABI info - done
[2.606s] -- Check for working CXX compiler: /usr/bin/c++ - skipped
[2.607s] -- Detecting CXX compile features
[2.607s] -- Detecting CXX compile features - done
[2.826s] -- Found ament_cmake: 1.3.2 (/opt/ros/humble/share/ament_cmake/cmake)
[3.115s] -- Found Python3: /usr/bin/python3.10 (found version "3.10.4") found components: Interpreter 
[3.494s] -- Configuring done
[3.496s] -- Generating done
[3.497s] -- Build files have been written to: /home/NightBaRron1412/Desktop/Robotics_ITI/Day_12/build/tf_lab_bringup
[3.501s] Invoked command in '/home/NightBaRron1412/Desktop/Robotics_ITI/Day_12/build/tf_lab_bringup' returned '0': CMAKE_PREFIX_PATH=${CMAKE_PREFIX_PATH}:/home/NightBaRron1412/ros2_ws/install/my_py_pkg:/opt/ros/humble /usr/bin/cmake /home/NightBaRron1412/Desktop/Robotics_ITI/Day_12/src/tf_lab_t1_bringup -DCMAKE_INSTALL_PREFIX=/home/NightBaRron1412/Desktop/Robotics_ITI/Day_12/install/tf_lab_bringup
[3.502s] Invoking command in '/home/NightBaRron1412/Desktop/Robotics_ITI/Day_12/build/tf_lab_bringup': CMAKE_PREFIX_PATH=${CMAKE_PREFIX_PATH}:/home/NightBaRron1412/ros2_ws/install/my_py_pkg:/opt/ros/humble /usr/bin/cmake --build /home/NightBaRron1412/Desktop/Robotics_ITI/Day_12/build/tf_lab_bringup -- -j12 -l12
[3.533s] Invoked command in '/home/NightBaRron1412/Desktop/Robotics_ITI/Day_12/build/tf_lab_bringup' returned '0': CMAKE_PREFIX_PATH=${CMAKE_PREFIX_PATH}:/home/NightBaRron1412/ros2_ws/install/my_py_pkg:/opt/ros/humble /usr/bin/cmake --build /home/NightBaRron1412/Desktop/Robotics_ITI/Day_12/build/tf_lab_bringup -- -j12 -l12
[3.559s] Invoking command in '/home/NightBaRron1412/Desktop/Robotics_ITI/Day_12/build/tf_lab_bringup': CMAKE_PREFIX_PATH=${CMAKE_PREFIX_PATH}:/home/NightBaRron1412/ros2_ws/install/my_py_pkg:/opt/ros/humble /usr/bin/cmake --install /home/NightBaRron1412/Desktop/Robotics_ITI/Day_12/build/tf_lab_bringup
[3.568s] -- Install configuration: ""
[3.568s] -- Installing: /home/NightBaRron1412/Desktop/Robotics_ITI/Day_12/install/tf_lab_bringup/share/tf_lab_bringup/launch
[3.568s] -- Installing: /home/NightBaRron1412/Desktop/Robotics_ITI/Day_12/install/tf_lab_bringup/share/tf_lab_bringup/launch/tf_task1.launch.py
[3.569s] -- Installing: /home/NightBaRron1412/Desktop/Robotics_ITI/Day_12/install/tf_lab_bringup/share/ament_index/resource_index/package_run_dependencies/tf_lab_bringup
[3.569s] -- Installing: /home/NightBaRron1412/Desktop/Robotics_ITI/Day_12/install/tf_lab_bringup/share/ament_index/resource_index/parent_prefix_path/tf_lab_bringup
[3.570s] -- Installing: /home/NightBaRron1412/Desktop/Robotics_ITI/Day_12/install/tf_lab_bringup/share/tf_lab_bringup/environment/ament_prefix_path.sh
[3.570s] -- Installing: /home/NightBaRron1412/Desktop/Robotics_ITI/Day_12/install/tf_lab_bringup/share/tf_lab_bringup/environment/ament_prefix_path.dsv
[3.570s] -- Installing: /home/NightBaRron1412/Desktop/Robotics_ITI/Day_12/install/tf_lab_bringup/share/tf_lab_bringup/environment/path.sh
[3.570s] -- Installing: /home/NightBaRron1412/Desktop/Robotics_ITI/Day_12/install/tf_lab_bringup/share/tf_lab_bringup/environment/path.dsv
[3.571s] -- Installing: /home/NightBaRron1412/Desktop/Robotics_ITI/Day_12/install/tf_lab_bringup/share/tf_lab_bringup/local_setup.bash
[3.571s] -- Installing: /home/NightBaRron1412/Desktop/Robotics_ITI/Day_12/install/tf_lab_bringup/share/tf_lab_bringup/local_setup.sh
[3.571s] -- Installing: /home/NightBaRron1412/Desktop/Robotics_ITI/Day_12/install/tf_lab_bringup/share/tf_lab_bringup/local_setup.zsh
[3.571s] -- Installing: /home/NightBaRron1412/Desktop/Robotics_ITI/Day_12/install/tf_lab_bringup/share/tf_lab_bringup/local_setup.dsv
[3.572s] -- Installing: /home/NightBaRron1412/Desktop/Robotics_ITI/Day_12/install/tf_lab_bringup/share/tf_lab_bringup/package.dsv
[3.572s] -- Installing: /home/NightBaRron1412/Desktop/Robotics_ITI/Day_12/install/tf_lab_bringup/share/ament_index/resource_index/packages/tf_lab_bringup
[3.572s] -- Installing: /home/NightBaRron1412/Desktop/Robotics_ITI/Day_12/install/tf_lab_bringup/share/tf_lab_bringup/cmake/tf_lab_bringupConfig.cmake
[3.572s] -- Installing: /home/NightBaRron1412/Desktop/Robotics_ITI/Day_12/install/tf_lab_bringup/share/tf_lab_bringup/cmake/tf_lab_bringupConfig-version.cmake
[3.573s] -- Installing: /home/NightBaRron1412/Desktop/Robotics_ITI/Day_12/install/tf_lab_bringup/share/tf_lab_bringup/package.xml
[3.575s] Invoked command in '/home/NightBaRron1412/Desktop/Robotics_ITI/Day_12/build/tf_lab_bringup' returned '0': CMAKE_PREFIX_PATH=${CMAKE_PREFIX_PATH}:/home/NightBaRron1412/ros2_ws/install/my_py_pkg:/opt/ros/humble /usr/bin/cmake --install /home/NightBaRron1412/Desktop/Robotics_ITI/Day_12/build/tf_lab_bringup
