running egg_info
writing ../../build/ITI_LAB1/ITI_LAB1.egg-info/PKG-INFO
writing dependency_links to ../../build/ITI_LAB1/ITI_LAB1.egg-info/dependency_links.txt
writing entry points to ../../build/ITI_LAB1/ITI_LAB1.egg-info/entry_points.txt
writing requirements to ../../build/ITI_LAB1/ITI_LAB1.egg-info/requires.txt
writing top-level names to ../../build/ITI_LAB1/ITI_LAB1.egg-info/top_level.txt
reading manifest file '../../build/ITI_LAB1/ITI_LAB1.egg-info/SOURCES.txt'
writing manifest file '../../build/ITI_LAB1/ITI_LAB1.egg-info/SOURCES.txt'
running build
running build_py
running install
/usr/lib/python3/dist-packages/setuptools/command/install.py:34: SetuptoolsDeprecationWarning: setup.py install is deprecated. Use build and pip and other standards-based tools.
  warnings.warn(
running install_lib
running install_data
running install_egg_info
removing '/home/NightBaRron1412/Desktop/Robotics_ITI/Day_7/install/ITI_LAB1/lib/python3.10/site-packages/ITI_LAB1-0.0.0-py3.10.egg-info' (and everything under it)
Copying ../../build/ITI_LAB1/ITI_LAB1.egg-info to /home/NightBaRron1412/Desktop/Robotics_ITI/Day_7/install/ITI_LAB1/lib/python3.10/site-packages/ITI_LAB1-0.0.0-py3.10.egg-info
running install_scripts
Installing number_counter script to /home/NightBaRron1412/Desktop/Robotics_ITI/Day_7/install/ITI_LAB1/lib/ITI_LAB1
Installing str_publisher script to /home/NightBaRron1412/Desktop/Robotics_ITI/Day_7/install/ITI_LAB1/lib/ITI_LAB1
writing list of installed files to '/home/NightBaRron1412/Desktop/Robotics_ITI/Day_7/build/ITI_LAB1/install.log'
