[0.769s] Invoking command in '/home/NightBaRron1412/Desktop/Robotics_ITI/Day_10/src/ITI_LAB4': PYTHONPATH=/home/NightBaRron1412/Desktop/Robotics_ITI/Day_10/install/ITI_LAB4/lib/python3.10/site-packages:${PYTHONPATH} /usr/bin/python3 setup.py egg_info --egg-base ../../build/ITI_LAB4 build --build-base /home/NightBaRron1412/Desktop/Robotics_ITI/Day_10/build/ITI_LAB4/build install --prefix /home/NightBaRron1412/Desktop/Robotics_ITI/Day_10/install/ITI_LAB4 --record /home/NightBaRron1412/Desktop/Robotics_ITI/Day_10/build/ITI_LAB4/install.log --single-version-externally-managed
[1.099s] running egg_info
[1.100s] writing ../../build/ITI_LAB4/ITI_LAB4.egg-info/PKG-INFO
[1.100s] writing dependency_links to ../../build/ITI_LAB4/ITI_LAB4.egg-info/dependency_links.txt
[1.101s] writing entry points to ../../build/ITI_LAB4/ITI_LAB4.egg-info/entry_points.txt
[1.101s] writing requirements to ../../build/ITI_LAB4/ITI_LAB4.egg-info/requires.txt
[1.101s] writing top-level names to ../../build/ITI_LAB4/ITI_LAB4.egg-info/top_level.txt
[1.107s] reading manifest file '../../build/ITI_LAB4/ITI_LAB4.egg-info/SOURCES.txt'
[1.108s] writing manifest file '../../build/ITI_LAB4/ITI_LAB4.egg-info/SOURCES.txt'
[1.109s] running build
[1.109s] running build_py
[1.109s] copying ITI_LAB4/turtle_reset.py -> /home/NightBaRron1412/Desktop/Robotics_ITI/Day_10/build/ITI_LAB4/build/lib/ITI_LAB4
[1.109s] running install
[1.109s] /usr/lib/python3/dist-packages/setuptools/command/install.py:34: SetuptoolsDeprecationWarning: setup.py install is deprecated. Use build and pip and other standards-based tools.
[1.109s]   warnings.warn(
[1.110s] running install_lib
[1.111s] copying /home/NightBaRron1412/Desktop/Robotics_ITI/Day_10/build/ITI_LAB4/build/lib/ITI_LAB4/turtle_reset.py -> /home/NightBaRron1412/Desktop/Robotics_ITI/Day_10/install/ITI_LAB4/lib/python3.10/site-packages/ITI_LAB4
[1.111s] byte-compiling /home/NightBaRron1412/Desktop/Robotics_ITI/Day_10/install/ITI_LAB4/lib/python3.10/site-packages/ITI_LAB4/turtle_reset.py to turtle_reset.cpython-310.pyc
[1.112s] running install_data
[1.113s] running install_egg_info
[1.115s] removing '/home/NightBaRron1412/Desktop/Robotics_ITI/Day_10/install/ITI_LAB4/lib/python3.10/site-packages/ITI_LAB4-0.0.0-py3.10.egg-info' (and everything under it)
[1.115s] Copying ../../build/ITI_LAB4/ITI_LAB4.egg-info to /home/NightBaRron1412/Desktop/Robotics_ITI/Day_10/install/ITI_LAB4/lib/python3.10/site-packages/ITI_LAB4-0.0.0-py3.10.egg-info
[1.116s] running install_scripts
[1.140s] Installing turtle_reset script to /home/NightBaRron1412/Desktop/Robotics_ITI/Day_10/install/ITI_LAB4/lib/ITI_LAB4
[1.141s] writing list of installed files to '/home/NightBaRron1412/Desktop/Robotics_ITI/Day_10/build/ITI_LAB4/install.log'
[1.182s] Invoked command in '/home/NightBaRron1412/Desktop/Robotics_ITI/Day_10/src/ITI_LAB4' returned '0': PYTHONPATH=/home/NightBaRron1412/Desktop/Robotics_ITI/Day_10/install/ITI_LAB4/lib/python3.10/site-packages:${PYTHONPATH} /usr/bin/python3 setup.py egg_info --egg-base ../../build/ITI_LAB4 build --build-base /home/NightBaRron1412/Desktop/Robotics_ITI/Day_10/build/ITI_LAB4/build install --prefix /home/NightBaRron1412/Desktop/Robotics_ITI/Day_10/install/ITI_LAB4 --record /home/NightBaRron1412/Desktop/Robotics_ITI/Day_10/build/ITI_LAB4/install.log --single-version-externally-managed
