[11.271s] DEBUG:colcon:Command line arguments: ['/usr/bin/colcon', 'build']
[11.271s] DEBUG:colcon:Parsed command line arguments: Namespace(log_base=None, log_level=None, verb_name='build', build_base='build', install_base='install', merge_install=False, symlink_install=False, test_result_base=None, continue_on_error=False, executor='parallel', parallel_workers=12, event_handlers=None, ignore_user_meta=False, metas=['./colcon.meta'], base_paths=['.'], packages_ignore=None, packages_ignore_regex=None, paths=None, packages_up_to=None, packages_up_to_regex=None, packages_above=None, packages_above_and_dependencies=None, packages_above_depth=None, packages_select_by_dep=None, packages_skip_by_dep=None, packages_skip_up_to=None, packages_select_build_failed=False, packages_skip_build_finished=False, packages_select_test_failures=False, packages_skip_test_passed=False, packages_select=None, packages_skip=None, packages_select_regex=None, packages_skip_regex=None, packages_start=None, packages_end=None, allow_overriding=[], cmake_args=None, cmake_target=None, cmake_target_skip_unavailable=False, cmake_clean_cache=False, cmake_clean_first=False, cmake_force_configure=False, ament_cmake_args=None, catkin_cmake_args=None, catkin_skip_building_tests=False, verb_parser=<colcon_defaults.argument_parser.defaults.DefaultArgumentsDecorator object at 0x7f5300eb9570>, verb_extension=<colcon_core.verb.build.BuildVerb object at 0x7f53017b8940>, main=<bound method BuildVerb.main of <colcon_core.verb.build.BuildVerb object at 0x7f53017b8940>>)
[11.808s] Level 1:colcon.colcon_core.package_discovery:discover_packages(colcon_meta) check parameters
[11.808s] Level 1:colcon.colcon_core.package_discovery:discover_packages(recursive) check parameters
[11.808s] Level 1:colcon.colcon_core.package_discovery:discover_packages(ignore) check parameters
[11.808s] Level 1:colcon.colcon_core.package_discovery:discover_packages(path) check parameters
[11.808s] Level 1:colcon.colcon_core.package_discovery:discover_packages(colcon_meta) discover
[11.808s] Level 1:colcon.colcon_core.package_discovery:discover_packages(recursive) discover
[11.808s] INFO:colcon.colcon_core.package_discovery:Crawling recursively for packages in '/home/NightBaRron1412/Desktop/Robotics_ITI/Day_10'
[11.809s] Level 1:colcon.colcon_core.package_identification:_identify(.) by extensions ['ignore', 'ignore_ament_install']
[11.809s] Level 1:colcon.colcon_core.package_identification:_identify(.) by extension 'ignore'
[11.809s] Level 1:colcon.colcon_core.package_identification:_identify(.) by extension 'ignore_ament_install'
[11.809s] Level 1:colcon.colcon_core.package_identification:_identify(.) by extensions ['colcon_pkg']
[11.809s] Level 1:colcon.colcon_core.package_identification:_identify(.) by extension 'colcon_pkg'
[11.809s] Level 1:colcon.colcon_core.package_identification:_identify(.) by extensions ['colcon_meta']
[11.809s] Level 1:colcon.colcon_core.package_identification:_identify(.) by extension 'colcon_meta'
[11.809s] Level 1:colcon.colcon_core.package_identification:_identify(.) by extensions ['ros']
[11.809s] Level 1:colcon.colcon_core.package_identification:_identify(.) by extension 'ros'
[11.927s] Level 1:colcon.colcon_core.package_identification:_identify(.) by extensions ['cmake', 'python']
[11.927s] Level 1:colcon.colcon_core.package_identification:_identify(.) by extension 'cmake'
[11.927s] Level 1:colcon.colcon_core.package_identification:_identify(.) by extension 'python'
[11.927s] Level 1:colcon.colcon_core.package_identification:_identify(.) by extensions ['python_setup_py']
[11.927s] Level 1:colcon.colcon_core.package_identification:_identify(.) by extension 'python_setup_py'
[11.927s] Level 1:colcon.colcon_core.package_identification:_identify(build) by extensions ['ignore', 'ignore_ament_install']
[11.927s] Level 1:colcon.colcon_core.package_identification:_identify(build) by extension 'ignore'
[11.928s] Level 1:colcon.colcon_core.package_identification:_identify(build) ignored
[11.928s] Level 1:colcon.colcon_core.package_identification:_identify(install) by extensions ['ignore', 'ignore_ament_install']
[11.928s] Level 1:colcon.colcon_core.package_identification:_identify(install) by extension 'ignore'
[11.928s] Level 1:colcon.colcon_core.package_identification:_identify(install) ignored
[11.928s] Level 1:colcon.colcon_core.package_identification:_identify(log) by extensions ['ignore', 'ignore_ament_install']
[11.929s] Level 1:colcon.colcon_core.package_identification:_identify(log) by extension 'ignore'
[11.929s] Level 1:colcon.colcon_core.package_identification:_identify(log) ignored
[11.929s] Level 1:colcon.colcon_core.package_identification:_identify(src) by extensions ['ignore', 'ignore_ament_install']
[11.929s] Level 1:colcon.colcon_core.package_identification:_identify(src) by extension 'ignore'
[11.929s] Level 1:colcon.colcon_core.package_identification:_identify(src) by extension 'ignore_ament_install'
[11.929s] Level 1:colcon.colcon_core.package_identification:_identify(src) by extensions ['colcon_pkg']
[11.929s] Level 1:colcon.colcon_core.package_identification:_identify(src) by extension 'colcon_pkg'
[11.929s] Level 1:colcon.colcon_core.package_identification:_identify(src) by extensions ['colcon_meta']
[11.929s] Level 1:colcon.colcon_core.package_identification:_identify(src) by extension 'colcon_meta'
[11.930s] Level 1:colcon.colcon_core.package_identification:_identify(src) by extensions ['ros']
[11.930s] Level 1:colcon.colcon_core.package_identification:_identify(src) by extension 'ros'
[11.930s] Level 1:colcon.colcon_core.package_identification:_identify(src) by extensions ['cmake', 'python']
[11.930s] Level 1:colcon.colcon_core.package_identification:_identify(src) by extension 'cmake'
[11.930s] Level 1:colcon.colcon_core.package_identification:_identify(src) by extension 'python'
[11.930s] Level 1:colcon.colcon_core.package_identification:_identify(src) by extensions ['python_setup_py']
[11.930s] Level 1:colcon.colcon_core.package_identification:_identify(src) by extension 'python_setup_py'
[11.930s] Level 1:colcon.colcon_core.package_discovery:discover_packages(recursive) using defaults
[11.931s] Level 1:colcon.colcon_core.package_discovery:discover_packages(ignore) discover
[11.931s] Level 1:colcon.colcon_core.package_discovery:discover_packages(ignore) using defaults
[11.931s] Level 1:colcon.colcon_core.package_discovery:discover_packages(path) discover
[11.931s] Level 1:colcon.colcon_core.package_discovery:discover_packages(path) using defaults
[12.160s] Level 1:colcon.colcon_core.package_discovery:discover_packages(prefix_path) check parameters
[12.160s] Level 1:colcon.colcon_core.package_discovery:discover_packages(prefix_path) discover
[12.228s] DEBUG:colcon.colcon_installed_package_information.package_discovery:Found 2 installed packages in /home/NightBaRron1412/ros2_ws/install
[12.230s] DEBUG:colcon.colcon_installed_package_information.package_discovery:Found 289 installed packages in /opt/ros/humble
[12.233s] Level 1:colcon.colcon_core.package_discovery:discover_packages(prefix_path) using defaults
[15.539s] INFO:colcon.colcon_core.executor:Executing jobs using 'parallel' executor
[15.545s] DEBUG:colcon.colcon_parallel_executor.executor.parallel:run_until_complete
[15.545s] DEBUG:colcon.colcon_parallel_executor.executor.parallel:closing loop
[15.545s] DEBUG:colcon.colcon_parallel_executor.executor.parallel:loop closed
[15.545s] DEBUG:colcon.colcon_parallel_executor.executor.parallel:run_until_complete finished with '0'
[15.545s] DEBUG:colcon.colcon_core.event_reactor:joining thread
[15.580s] INFO:colcon.colcon_core.plugin_system:Skipping extension 'colcon_notification.desktop_notification.terminal_notifier': Not used on non-Darwin systems
[15.580s] INFO:colcon.colcon_core.plugin_system:Skipping extension 'colcon_notification.desktop_notification.win32': Not used on non-Windows systems
[15.580s] INFO:colcon.colcon_notification.desktop_notification:Sending desktop notification using 'notify2'
[15.600s] DEBUG:colcon.colcon_core.event_reactor:joined thread
[15.698s] INFO:colcon.colcon_core.plugin_system:Skipping extension 'colcon_core.shell.bat': Not used on non-Windows systems
[15.698s] INFO:colcon.colcon_core.shell:Creating prefix script '/home/NightBaRron1412/Desktop/Robotics_ITI/Day_10/install/local_setup.ps1'
[15.700s] INFO:colcon.colcon_core.shell:Creating prefix util module '/home/NightBaRron1412/Desktop/Robotics_ITI/Day_10/install/_local_setup_util_ps1.py'
[15.709s] INFO:colcon.colcon_core.shell:Creating prefix chain script '/home/NightBaRron1412/Desktop/Robotics_ITI/Day_10/install/setup.ps1'
[15.711s] INFO:colcon.colcon_core.shell:Creating prefix script '/home/NightBaRron1412/Desktop/Robotics_ITI/Day_10/install/local_setup.sh'
[15.712s] INFO:colcon.colcon_core.shell:Creating prefix util module '/home/NightBaRron1412/Desktop/Robotics_ITI/Day_10/install/_local_setup_util_sh.py'
[15.713s] INFO:colcon.colcon_core.shell:Creating prefix chain script '/home/NightBaRron1412/Desktop/Robotics_ITI/Day_10/install/setup.sh'
[15.715s] INFO:colcon.colcon_core.shell:Creating prefix script '/home/NightBaRron1412/Desktop/Robotics_ITI/Day_10/install/local_setup.bash'
[15.716s] INFO:colcon.colcon_core.shell:Creating prefix chain script '/home/NightBaRron1412/Desktop/Robotics_ITI/Day_10/install/setup.bash'
[15.719s] INFO:colcon.colcon_core.shell:Creating prefix script '/home/NightBaRron1412/Desktop/Robotics_ITI/Day_10/install/local_setup.zsh'
[15.720s] INFO:colcon.colcon_core.shell:Creating prefix chain script '/home/NightBaRron1412/Desktop/Robotics_ITI/Day_10/install/setup.zsh'
