running egg_info
writing ../../build/services_pkg/services_pkg.egg-info/PKG-INFO
writing dependency_links to ../../build/services_pkg/services_pkg.egg-info/dependency_links.txt
writing entry points to ../../build/services_pkg/services_pkg.egg-info/entry_points.txt
writing requirements to ../../build/services_pkg/services_pkg.egg-info/requires.txt
writing top-level names to ../../build/services_pkg/services_pkg.egg-info/top_level.txt
reading manifest file '../../build/services_pkg/services_pkg.egg-info/SOURCES.txt'
writing manifest file '../../build/services_pkg/services_pkg.egg-info/SOURCES.txt'
running build
running build_py
copying services_pkg/client.py -> /home/NightBaRron1412/Desktop/Robotics_ITI/iti_ws/build/services_pkg/build/lib/services_pkg
copying services_pkg/server.py -> /home/NightBaRron1412/Desktop/Robotics_ITI/iti_ws/build/services_pkg/build/lib/services_pkg
running install
/usr/lib/python3/dist-packages/setuptools/command/install.py:34: SetuptoolsDeprecationWarning: setup.py install is deprecated. Use build and pip and other standards-based tools.
  warnings.warn(
running install_lib
copying /home/NightBaRron1412/Desktop/Robotics_ITI/iti_ws/build/services_pkg/build/lib/services_pkg/client.py -> /home/NightBaRron1412/Desktop/Robotics_ITI/iti_ws/install/services_pkg/lib/python3.10/site-packages/services_pkg
copying /home/NightBaRron1412/Desktop/Robotics_ITI/iti_ws/build/services_pkg/build/lib/services_pkg/server.py -> /home/NightBaRron1412/Desktop/Robotics_ITI/iti_ws/install/services_pkg/lib/python3.10/site-packages/services_pkg
byte-compiling /home/NightBaRron1412/Desktop/Robotics_ITI/iti_ws/install/services_pkg/lib/python3.10/site-packages/services_pkg/client.py to client.cpython-310.pyc
byte-compiling /home/NightBaRron1412/Desktop/Robotics_ITI/iti_ws/install/services_pkg/lib/python3.10/site-packages/services_pkg/server.py to server.cpython-310.pyc
running install_data
running install_egg_info
removing '/home/NightBaRron1412/Desktop/Robotics_ITI/iti_ws/install/services_pkg/lib/python3.10/site-packages/services_pkg-0.0.0-py3.10.egg-info' (and everything under it)
Copying ../../build/services_pkg/services_pkg.egg-info to /home/NightBaRron1412/Desktop/Robotics_ITI/iti_ws/install/services_pkg/lib/python3.10/site-packages/services_pkg-0.0.0-py3.10.egg-info
running install_scripts
Installing client script to /home/NightBaRron1412/Desktop/Robotics_ITI/iti_ws/install/services_pkg/lib/services_pkg
Installing server script to /home/NightBaRron1412/Desktop/Robotics_ITI/iti_ws/install/services_pkg/lib/services_pkg
writing list of installed files to '/home/NightBaRron1412/Desktop/Robotics_ITI/iti_ws/build/services_pkg/install.log'
