[2.712s] Invoking command in '/home/NightBaRron1412/Desktop/Robotics_ITI/iti_ws/src/services_pkg': PYTHONPATH=/home/NightBaRron1412/Desktop/Robotics_ITI/iti_ws/install/services_pkg/lib/python3.10/site-packages:${PYTHONPATH} /usr/bin/python3 setup.py egg_info --egg-base ../../build/services_pkg build --build-base /home/NightBaRron1412/Desktop/Robotics_ITI/iti_ws/build/services_pkg/build install --prefix /home/NightBaRron1412/Desktop/Robotics_ITI/iti_ws/install/services_pkg --record /home/NightBaRron1412/Desktop/Robotics_ITI/iti_ws/build/services_pkg/install.log --single-version-externally-managed
[3.363s] running egg_info
[3.407s] writing ../../build/services_pkg/services_pkg.egg-info/PKG-INFO
[3.443s] writing dependency_links to ../../build/services_pkg/services_pkg.egg-info/dependency_links.txt
[3.452s] writing entry points to ../../build/services_pkg/services_pkg.egg-info/entry_points.txt
[3.452s] writing requirements to ../../build/services_pkg/services_pkg.egg-info/requires.txt
[3.452s] writing top-level names to ../../build/services_pkg/services_pkg.egg-info/top_level.txt
[3.472s] reading manifest file '../../build/services_pkg/services_pkg.egg-info/SOURCES.txt'
[3.505s] writing manifest file '../../build/services_pkg/services_pkg.egg-info/SOURCES.txt'
[3.505s] running build
[3.505s] running build_py
[3.505s] copying services_pkg/client.py -> /home/NightBaRron1412/Desktop/Robotics_ITI/iti_ws/build/services_pkg/build/lib/services_pkg
[3.578s] copying services_pkg/server.py -> /home/NightBaRron1412/Desktop/Robotics_ITI/iti_ws/build/services_pkg/build/lib/services_pkg
[3.660s] running install
[3.660s] /usr/lib/python3/dist-packages/setuptools/command/install.py:34: SetuptoolsDeprecationWarning: setup.py install is deprecated. Use build and pip and other standards-based tools.
[3.661s]   warnings.warn(
[3.661s] running install_lib
[3.663s] copying /home/NightBaRron1412/Desktop/Robotics_ITI/iti_ws/build/services_pkg/build/lib/services_pkg/client.py -> /home/NightBaRron1412/Desktop/Robotics_ITI/iti_ws/install/services_pkg/lib/python3.10/site-packages/services_pkg
[3.664s] copying /home/NightBaRron1412/Desktop/Robotics_ITI/iti_ws/build/services_pkg/build/lib/services_pkg/server.py -> /home/NightBaRron1412/Desktop/Robotics_ITI/iti_ws/install/services_pkg/lib/python3.10/site-packages/services_pkg
[3.665s] byte-compiling /home/NightBaRron1412/Desktop/Robotics_ITI/iti_ws/install/services_pkg/lib/python3.10/site-packages/services_pkg/client.py to client.cpython-310.pyc
[3.667s] byte-compiling /home/NightBaRron1412/Desktop/Robotics_ITI/iti_ws/install/services_pkg/lib/python3.10/site-packages/services_pkg/server.py to server.cpython-310.pyc
[3.668s] running install_data
[3.669s] running install_egg_info
[3.674s] removing '/home/NightBaRron1412/Desktop/Robotics_ITI/iti_ws/install/services_pkg/lib/python3.10/site-packages/services_pkg-0.0.0-py3.10.egg-info' (and everything under it)
[3.675s] Copying ../../build/services_pkg/services_pkg.egg-info to /home/NightBaRron1412/Desktop/Robotics_ITI/iti_ws/install/services_pkg/lib/python3.10/site-packages/services_pkg-0.0.0-py3.10.egg-info
[3.713s] running install_scripts
[3.775s] Installing client script to /home/NightBaRron1412/Desktop/Robotics_ITI/iti_ws/install/services_pkg/lib/services_pkg
[3.775s] Installing server script to /home/NightBaRron1412/Desktop/Robotics_ITI/iti_ws/install/services_pkg/lib/services_pkg
[3.776s] writing list of installed files to '/home/NightBaRron1412/Desktop/Robotics_ITI/iti_ws/build/services_pkg/install.log'
[3.996s] Invoked command in '/home/NightBaRron1412/Desktop/Robotics_ITI/iti_ws/src/services_pkg' returned '0': PYTHONPATH=/home/NightBaRron1412/Desktop/Robotics_ITI/iti_ws/install/services_pkg/lib/python3.10/site-packages:${PYTHONPATH} /usr/bin/python3 setup.py egg_info --egg-base ../../build/services_pkg build --build-base /home/NightBaRron1412/Desktop/Robotics_ITI/iti_ws/build/services_pkg/build install --prefix /home/NightBaRron1412/Desktop/Robotics_ITI/iti_ws/install/services_pkg --record /home/NightBaRron1412/Desktop/Robotics_ITI/iti_ws/build/services_pkg/install.log --single-version-externally-managed
