[3.248s] DEBUG:colcon:Command line arguments: ['/usr/bin/colcon', 'build']
[3.248s] DEBUG:colcon:Parsed command line arguments: Namespace(log_base=None, log_level=None, verb_name='build', build_base='build', install_base='install', merge_install=False, symlink_install=False, test_result_base=None, continue_on_error=False, executor='parallel', parallel_workers=12, event_handlers=None, ignore_user_meta=False, metas=['./colcon.meta'], base_paths=['.'], packages_ignore=None, packages_ignore_regex=None, paths=None, packages_up_to=None, packages_up_to_regex=None, packages_above=None, packages_above_and_dependencies=None, packages_above_depth=None, packages_select_by_dep=None, packages_skip_by_dep=None, packages_skip_up_to=None, packages_select_build_failed=False, packages_skip_build_finished=False, packages_select_test_failures=False, packages_skip_test_passed=False, packages_select=None, packages_skip=None, packages_select_regex=None, packages_skip_regex=None, packages_start=None, packages_end=None, allow_overriding=[], cmake_args=None, cmake_target=None, cmake_target_skip_unavailable=False, cmake_clean_cache=False, cmake_clean_first=False, cmake_force_configure=False, ament_cmake_args=None, catkin_cmake_args=None, catkin_skip_building_tests=False, verb_parser=<colcon_defaults.argument_parser.defaults.DefaultArgumentsDecorator object at 0x7f63382195d0>, verb_extension=<colcon_core.verb.build.BuildVerb object at 0x7f6338b19d80>, main=<bound method BuildVerb.main of <colcon_core.verb.build.BuildVerb object at 0x7f6338b19d80>>)
[4.429s] Level 1:colcon.colcon_core.package_discovery:discover_packages(colcon_meta) check parameters
[4.429s] Level 1:colcon.colcon_core.package_discovery:discover_packages(recursive) check parameters
[4.429s] Level 1:colcon.colcon_core.package_discovery:discover_packages(ignore) check parameters
[4.429s] Level 1:colcon.colcon_core.package_discovery:discover_packages(path) check parameters
[4.429s] Level 1:colcon.colcon_core.package_discovery:discover_packages(colcon_meta) discover
[4.429s] Level 1:colcon.colcon_core.package_discovery:discover_packages(recursive) discover
[4.429s] INFO:colcon.colcon_core.package_discovery:Crawling recursively for packages in '/home/NightBaRron1412/Desktop/Robotics_ITI/Day_10'
[4.429s] Level 1:colcon.colcon_core.package_identification:_identify(.) by extensions ['ignore', 'ignore_ament_install']
[4.429s] Level 1:colcon.colcon_core.package_identification:_identify(.) by extension 'ignore'
[4.430s] Level 1:colcon.colcon_core.package_identification:_identify(.) by extension 'ignore_ament_install'
[4.430s] Level 1:colcon.colcon_core.package_identification:_identify(.) by extensions ['colcon_pkg']
[4.430s] Level 1:colcon.colcon_core.package_identification:_identify(.) by extension 'colcon_pkg'
[4.430s] Level 1:colcon.colcon_core.package_identification:_identify(.) by extensions ['colcon_meta']
[4.430s] Level 1:colcon.colcon_core.package_identification:_identify(.) by extension 'colcon_meta'
[4.430s] Level 1:colcon.colcon_core.package_identification:_identify(.) by extensions ['ros']
[4.430s] Level 1:colcon.colcon_core.package_identification:_identify(.) by extension 'ros'
[4.538s] Level 1:colcon.colcon_core.package_identification:_identify(.) by extensions ['cmake', 'python']
[4.539s] Level 1:colcon.colcon_core.package_identification:_identify(.) by extension 'cmake'
[4.539s] Level 1:colcon.colcon_core.package_identification:_identify(.) by extension 'python'
[4.539s] Level 1:colcon.colcon_core.package_identification:_identify(.) by extensions ['python_setup_py']
[4.539s] Level 1:colcon.colcon_core.package_identification:_identify(.) by extension 'python_setup_py'
[4.539s] Level 1:colcon.colcon_core.package_identification:_identify(build) by extensions ['ignore', 'ignore_ament_install']
[4.540s] Level 1:colcon.colcon_core.package_identification:_identify(build) by extension 'ignore'
[4.540s] Level 1:colcon.colcon_core.package_identification:_identify(build) ignored
[4.540s] Level 1:colcon.colcon_core.package_identification:_identify(install) by extensions ['ignore', 'ignore_ament_install']
[4.540s] Level 1:colcon.colcon_core.package_identification:_identify(install) by extension 'ignore'
[4.540s] Level 1:colcon.colcon_core.package_identification:_identify(install) ignored
[4.541s] Level 1:colcon.colcon_core.package_identification:_identify(log) by extensions ['ignore', 'ignore_ament_install']
[4.541s] Level 1:colcon.colcon_core.package_identification:_identify(log) by extension 'ignore'
[4.541s] Level 1:colcon.colcon_core.package_identification:_identify(log) ignored
[4.541s] Level 1:colcon.colcon_core.package_identification:_identify(src) by extensions ['ignore', 'ignore_ament_install']
[4.541s] Level 1:colcon.colcon_core.package_identification:_identify(src) by extension 'ignore'
[4.541s] Level 1:colcon.colcon_core.package_identification:_identify(src) by extension 'ignore_ament_install'
[4.541s] Level 1:colcon.colcon_core.package_identification:_identify(src) by extensions ['colcon_pkg']
[4.541s] Level 1:colcon.colcon_core.package_identification:_identify(src) by extension 'colcon_pkg'
[4.541s] Level 1:colcon.colcon_core.package_identification:_identify(src) by extensions ['colcon_meta']
[4.542s] Level 1:colcon.colcon_core.package_identification:_identify(src) by extension 'colcon_meta'
[4.542s] Level 1:colcon.colcon_core.package_identification:_identify(src) by extensions ['ros']
[4.542s] Level 1:colcon.colcon_core.package_identification:_identify(src) by extension 'ros'
[4.542s] Level 1:colcon.colcon_core.package_identification:_identify(src) by extensions ['cmake', 'python']
[4.542s] Level 1:colcon.colcon_core.package_identification:_identify(src) by extension 'cmake'
[4.542s] Level 1:colcon.colcon_core.package_identification:_identify(src) by extension 'python'
[4.542s] Level 1:colcon.colcon_core.package_identification:_identify(src) by extensions ['python_setup_py']
[4.542s] Level 1:colcon.colcon_core.package_identification:_identify(src) by extension 'python_setup_py'
[4.543s] Level 1:colcon.colcon_core.package_identification:_identify(src/ITI_LAB4) by extensions ['ignore', 'ignore_ament_install']
[4.543s] Level 1:colcon.colcon_core.package_identification:_identify(src/ITI_LAB4) by extension 'ignore'
[4.543s] Level 1:colcon.colcon_core.package_identification:_identify(src/ITI_LAB4) by extension 'ignore_ament_install'
[4.543s] Level 1:colcon.colcon_core.package_identification:_identify(src/ITI_LAB4) by extensions ['colcon_pkg']
[4.543s] Level 1:colcon.colcon_core.package_identification:_identify(src/ITI_LAB4) by extension 'colcon_pkg'
[4.544s] Level 1:colcon.colcon_core.package_identification:_identify(src/ITI_LAB4) by extensions ['colcon_meta']
[4.544s] Level 1:colcon.colcon_core.package_identification:_identify(src/ITI_LAB4) by extension 'colcon_meta'
[4.544s] Level 1:colcon.colcon_core.package_identification:_identify(src/ITI_LAB4) by extensions ['ros']
[4.544s] Level 1:colcon.colcon_core.package_identification:_identify(src/ITI_LAB4) by extension 'ros'
[4.600s] DEBUG:colcon.colcon_core.package_identification:Package 'src/ITI_LAB4' with type 'ros.ament_python' and name 'ITI_LAB4'
[4.600s] Level 1:colcon.colcon_core.package_discovery:discover_packages(recursive) using defaults
[4.600s] Level 1:colcon.colcon_core.package_discovery:discover_packages(ignore) discover
[4.600s] Level 1:colcon.colcon_core.package_discovery:discover_packages(ignore) using defaults
[4.600s] Level 1:colcon.colcon_core.package_discovery:discover_packages(path) discover
[4.600s] Level 1:colcon.colcon_core.package_discovery:discover_packages(path) using defaults
[5.194s] Level 1:colcon.colcon_core.package_discovery:discover_packages(prefix_path) check parameters
[5.194s] Level 1:colcon.colcon_core.package_discovery:discover_packages(prefix_path) discover
[5.378s] DEBUG:colcon.colcon_installed_package_information.package_discovery:Found 2 installed packages in /home/NightBaRron1412/ros2_ws/install
[5.388s] DEBUG:colcon.colcon_installed_package_information.package_discovery:Found 289 installed packages in /opt/ros/humble
[5.395s] Level 1:colcon.colcon_core.package_discovery:discover_packages(prefix_path) using defaults
[5.636s] Level 5:colcon.colcon_core.verb:set package 'ITI_LAB4' build argument 'cmake_args' from command line to 'None'
[5.636s] Level 5:colcon.colcon_core.verb:set package 'ITI_LAB4' build argument 'cmake_target' from command line to 'None'
[5.636s] Level 5:colcon.colcon_core.verb:set package 'ITI_LAB4' build argument 'cmake_target_skip_unavailable' from command line to 'False'
[5.636s] Level 5:colcon.colcon_core.verb:set package 'ITI_LAB4' build argument 'cmake_clean_cache' from command line to 'False'
[5.636s] Level 5:colcon.colcon_core.verb:set package 'ITI_LAB4' build argument 'cmake_clean_first' from command line to 'False'
[5.636s] Level 5:colcon.colcon_core.verb:set package 'ITI_LAB4' build argument 'cmake_force_configure' from command line to 'False'
[5.636s] Level 5:colcon.colcon_core.verb:set package 'ITI_LAB4' build argument 'ament_cmake_args' from command line to 'None'
[5.636s] Level 5:colcon.colcon_core.verb:set package 'ITI_LAB4' build argument 'catkin_cmake_args' from command line to 'None'
[5.636s] Level 5:colcon.colcon_core.verb:set package 'ITI_LAB4' build argument 'catkin_skip_building_tests' from command line to 'False'
[5.636s] DEBUG:colcon.colcon_core.verb:Building package 'ITI_LAB4' with the following arguments: {'ament_cmake_args': None, 'build_base': '/home/NightBaRron1412/Desktop/Robotics_ITI/Day_10/build/ITI_LAB4', 'catkin_cmake_args': None, 'catkin_skip_building_tests': False, 'cmake_args': None, 'cmake_clean_cache': False, 'cmake_clean_first': False, 'cmake_force_configure': False, 'cmake_target': None, 'cmake_target_skip_unavailable': False, 'install_base': '/home/NightBaRron1412/Desktop/Robotics_ITI/Day_10/install/ITI_LAB4', 'merge_install': False, 'path': '/home/NightBaRron1412/Desktop/Robotics_ITI/Day_10/src/ITI_LAB4', 'symlink_install': False, 'test_result_base': None}
[5.637s] INFO:colcon.colcon_core.executor:Executing jobs using 'parallel' executor
[5.640s] DEBUG:colcon.colcon_parallel_executor.executor.parallel:run_until_complete
[5.640s] INFO:colcon.colcon_ros.task.ament_python.build:Building ROS package in '/home/NightBaRron1412/Desktop/Robotics_ITI/Day_10/src/ITI_LAB4' with build type 'ament_python'
[5.640s] Level 1:colcon.colcon_core.shell:create_environment_hook('ITI_LAB4', 'ament_prefix_path')
[5.936s] INFO:colcon.colcon_core.plugin_system:Skipping extension 'colcon_core.shell.bat': Not used on non-Windows systems
[5.937s] INFO:colcon.colcon_core.shell:Creating environment hook '/home/NightBaRron1412/Desktop/Robotics_ITI/Day_10/install/ITI_LAB4/share/ITI_LAB4/hook/ament_prefix_path.ps1'
[5.985s] INFO:colcon.colcon_core.shell:Creating environment descriptor '/home/NightBaRron1412/Desktop/Robotics_ITI/Day_10/install/ITI_LAB4/share/ITI_LAB4/hook/ament_prefix_path.dsv'
[6.036s] INFO:colcon.colcon_core.shell:Creating environment hook '/home/NightBaRron1412/Desktop/Robotics_ITI/Day_10/install/ITI_LAB4/share/ITI_LAB4/hook/ament_prefix_path.sh'
[6.054s] INFO:colcon.colcon_core.shell:Skip shell extension 'powershell' for command environment: Not usable outside of PowerShell
[6.054s] DEBUG:colcon.colcon_core.shell:Skip shell extension 'dsv' for command environment
[6.630s] DEBUG:colcon.colcon_parallel_executor.executor.parallel:closing loop
[6.630s] DEBUG:colcon.colcon_parallel_executor.executor.parallel:loop closed
[6.631s] DEBUG:colcon.colcon_parallel_executor.executor.parallel:run_until_complete finished with 'Command '['/usr/bin/python3', '-c', "import sys;from setuptools.extern.packaging.specifiers import SpecifierSet;from distutils.core import run_setup;dist = run_setup(    'setup.py', script_args=('--dry-run',), stop_after='config');skip_keys = ('cmdclass', 'distclass', 'ext_modules', 'metadata');data = {    key: value for key, value in dist.__dict__.items()     if (        not key.startswith('_') and         not callable(value) and         key not in skip_keys and         key not in dist.display_option_names    )};data['metadata'] = {    k: v for k, v in dist.metadata.__dict__.items()     if k not in ('license_files', 'provides_extras')};sys.stdout.buffer.write(repr(data).encode('utf-8'))"]' returned non-zero exit status 1.'
[6.631s] DEBUG:colcon.colcon_core.event_reactor:joining thread
[6.828s] INFO:colcon.colcon_core.plugin_system:Skipping extension 'colcon_notification.desktop_notification.terminal_notifier': Not used on non-Darwin systems
[6.828s] INFO:colcon.colcon_core.plugin_system:Skipping extension 'colcon_notification.desktop_notification.win32': Not used on non-Windows systems
[6.828s] INFO:colcon.colcon_notification.desktop_notification:Sending desktop notification using 'notify2'
[6.843s] DEBUG:colcon.colcon_core.event_reactor:joined thread
[6.846s] INFO:colcon.colcon_core.shell:Creating prefix script '/home/NightBaRron1412/Desktop/Robotics_ITI/Day_10/install/local_setup.ps1'
[6.867s] INFO:colcon.colcon_core.shell:Creating prefix util module '/home/NightBaRron1412/Desktop/Robotics_ITI/Day_10/install/_local_setup_util_ps1.py'
[6.914s] INFO:colcon.colcon_core.shell:Creating prefix chain script '/home/NightBaRron1412/Desktop/Robotics_ITI/Day_10/install/setup.ps1'
[6.975s] INFO:colcon.colcon_core.shell:Creating prefix script '/home/NightBaRron1412/Desktop/Robotics_ITI/Day_10/install/local_setup.sh'
[7.006s] INFO:colcon.colcon_core.shell:Creating prefix util module '/home/NightBaRron1412/Desktop/Robotics_ITI/Day_10/install/_local_setup_util_sh.py'
[7.007s] INFO:colcon.colcon_core.shell:Creating prefix chain script '/home/NightBaRron1412/Desktop/Robotics_ITI/Day_10/install/setup.sh'
[7.038s] INFO:colcon.colcon_core.shell:Creating prefix script '/home/NightBaRron1412/Desktop/Robotics_ITI/Day_10/install/local_setup.bash'
[7.112s] INFO:colcon.colcon_core.shell:Creating prefix chain script '/home/NightBaRron1412/Desktop/Robotics_ITI/Day_10/install/setup.bash'
[7.142s] INFO:colcon.colcon_core.shell:Creating prefix script '/home/NightBaRron1412/Desktop/Robotics_ITI/Day_10/install/local_setup.zsh'
[7.179s] INFO:colcon.colcon_core.shell:Creating prefix chain script '/home/NightBaRron1412/Desktop/Robotics_ITI/Day_10/install/setup.zsh'
