running egg_info
creating ../../build/services_pkg/services_pkg.egg-info
writing ../../build/services_pkg/services_pkg.egg-info/PKG-INFO
writing dependency_links to ../../build/services_pkg/services_pkg.egg-info/dependency_links.txt
writing entry points to ../../build/services_pkg/services_pkg.egg-info/entry_points.txt
writing requirements to ../../build/services_pkg/services_pkg.egg-info/requires.txt
writing top-level names to ../../build/services_pkg/services_pkg.egg-info/top_level.txt
writing manifest file '../../build/services_pkg/services_pkg.egg-info/SOURCES.txt'
reading manifest file '../../build/services_pkg/services_pkg.egg-info/SOURCES.txt'
writing manifest file '../../build/services_pkg/services_pkg.egg-info/SOURCES.txt'
running build
running build_py
creating /home/NightBaRron1412/Desktop/Robotics_ITI/iti_ws/build/services_pkg/build
creating /home/NightBaRron1412/Desktop/Robotics_ITI/iti_ws/build/services_pkg/build/lib
creating /home/NightBaRron1412/Desktop/Robotics_ITI/iti_ws/build/services_pkg/build/lib/services_pkg
copying services_pkg/__init__.py -> /home/NightBaRron1412/Desktop/Robotics_ITI/iti_ws/build/services_pkg/build/lib/services_pkg
copying services_pkg/client.py -> /home/NightBaRron1412/Desktop/Robotics_ITI/iti_ws/build/services_pkg/build/lib/services_pkg
copying services_pkg/server.py -> /home/NightBaRron1412/Desktop/Robotics_ITI/iti_ws/build/services_pkg/build/lib/services_pkg
running install
running install_lib
creating /home/NightBaRron1412/Desktop/Robotics_ITI/iti_ws/install/services_pkg/lib/python3.10/site-packages/services_pkg
copying /home/NightBaRron1412/Desktop/Robotics_ITI/iti_ws/build/services_pkg/build/lib/services_pkg/__init__.py -> /home/NightBaRron1412/Desktop/Robotics_ITI/iti_ws/install/services_pkg/lib/python3.10/site-packages/services_pkg
copying /home/NightBaRron1412/Desktop/Robotics_ITI/iti_ws/build/services_pkg/build/lib/services_pkg/client.py -> /home/NightBaRron1412/Desktop/Robotics_ITI/iti_ws/install/services_pkg/lib/python3.10/site-packages/services_pkg
copying /home/NightBaRron1412/Desktop/Robotics_ITI/iti_ws/build/services_pkg/build/lib/services_pkg/server.py -> /home/NightBaRron1412/Desktop/Robotics_ITI/iti_ws/install/services_pkg/lib/python3.10/site-packages/services_pkg
byte-compiling /home/NightBaRron1412/Desktop/Robotics_ITI/iti_ws/install/services_pkg/lib/python3.10/site-packages/services_pkg/__init__.py to __init__.cpython-310.pyc
byte-compiling /home/NightBaRron1412/Desktop/Robotics_ITI/iti_ws/install/services_pkg/lib/python3.10/site-packages/services_pkg/client.py to client.cpython-310.pyc
byte-compiling /home/NightBaRron1412/Desktop/Robotics_ITI/iti_ws/install/services_pkg/lib/python3.10/site-packages/services_pkg/server.py to server.cpython-310.pyc
running install_data
creating /home/NightBaRron1412/Desktop/Robotics_ITI/iti_ws/install/services_pkg/share/ament_index
creating /home/NightBaRron1412/Desktop/Robotics_ITI/iti_ws/install/services_pkg/share/ament_index/resource_index
creating /home/NightBaRron1412/Desktop/Robotics_ITI/iti_ws/install/services_pkg/share/ament_index/resource_index/packages
copying resource/services_pkg -> /home/NightBaRron1412/Desktop/Robotics_ITI/iti_ws/install/services_pkg/share/ament_index/resource_index/packages
copying package.xml -> /home/NightBaRron1412/Desktop/Robotics_ITI/iti_ws/install/services_pkg/share/services_pkg
running install_egg_info
Copying ../../build/services_pkg/services_pkg.egg-info to /home/NightBaRron1412/Desktop/Robotics_ITI/iti_ws/install/services_pkg/lib/python3.10/site-packages/services_pkg-0.0.0-py3.10.egg-info
running install_scripts
writing list of installed files to '/home/NightBaRron1412/Desktop/Robotics_ITI/iti_ws/build/services_pkg/install.log'
