[2.920s] Invoking command in '/home/NightBaRron1412/Desktop/Robotics_ITI/iti_ws/src/services_pkg': PYTHONPATH=/home/NightBaRron1412/Desktop/Robotics_ITI/iti_ws/install/services_pkg/lib/python3.10/site-packages:${PYTHONPATH} /usr/bin/python3 setup.py egg_info --egg-base ../../build/services_pkg build --build-base /home/NightBaRron1412/Desktop/Robotics_ITI/iti_ws/build/services_pkg/build install --prefix /home/NightBaRron1412/Desktop/Robotics_ITI/iti_ws/install/services_pkg --record /home/NightBaRron1412/Desktop/Robotics_ITI/iti_ws/build/services_pkg/install.log --single-version-externally-managed
[3.470s] running egg_info
[3.472s] creating ../../build/services_pkg/services_pkg.egg-info
[3.472s] writing ../../build/services_pkg/services_pkg.egg-info/PKG-INFO
[3.518s] writing dependency_links to ../../build/services_pkg/services_pkg.egg-info/dependency_links.txt
[3.518s] writing entry points to ../../build/services_pkg/services_pkg.egg-info/entry_points.txt
[3.519s] writing requirements to ../../build/services_pkg/services_pkg.egg-info/requires.txt
[3.519s] writing top-level names to ../../build/services_pkg/services_pkg.egg-info/top_level.txt
[3.603s] writing manifest file '../../build/services_pkg/services_pkg.egg-info/SOURCES.txt'
[3.608s] reading manifest file '../../build/services_pkg/services_pkg.egg-info/SOURCES.txt'
[3.611s] writing manifest file '../../build/services_pkg/services_pkg.egg-info/SOURCES.txt'
[3.612s] running build
[3.612s] running build_py
[3.613s] creating /home/NightBaRron1412/Desktop/Robotics_ITI/iti_ws/build/services_pkg/build
[3.613s] creating /home/NightBaRron1412/Desktop/Robotics_ITI/iti_ws/build/services_pkg/build/lib
[3.614s] creating /home/NightBaRron1412/Desktop/Robotics_ITI/iti_ws/build/services_pkg/build/lib/services_pkg
[3.614s] copying services_pkg/__init__.py -> /home/NightBaRron1412/Desktop/Robotics_ITI/iti_ws/build/services_pkg/build/lib/services_pkg
[3.615s] copying services_pkg/client.py -> /home/NightBaRron1412/Desktop/Robotics_ITI/iti_ws/build/services_pkg/build/lib/services_pkg
[3.615s] copying services_pkg/server.py -> /home/NightBaRron1412/Desktop/Robotics_ITI/iti_ws/build/services_pkg/build/lib/services_pkg
[3.615s] running install
[3.644s] /usr/lib/python3/dist-packages/setuptools/command/install.py:34: SetuptoolsDeprecationWarning: setup.py install is deprecated. Use build and pip and other standards-based tools.
[3.644s]   warnings.warn(
[3.645s] running install_lib
[3.647s] creating /home/NightBaRron1412/Desktop/Robotics_ITI/iti_ws/install/services_pkg/lib/python3.10/site-packages/services_pkg
[3.648s] copying /home/NightBaRron1412/Desktop/Robotics_ITI/iti_ws/build/services_pkg/build/lib/services_pkg/__init__.py -> /home/NightBaRron1412/Desktop/Robotics_ITI/iti_ws/install/services_pkg/lib/python3.10/site-packages/services_pkg
[3.648s] copying /home/NightBaRron1412/Desktop/Robotics_ITI/iti_ws/build/services_pkg/build/lib/services_pkg/client.py -> /home/NightBaRron1412/Desktop/Robotics_ITI/iti_ws/install/services_pkg/lib/python3.10/site-packages/services_pkg
[3.649s] copying /home/NightBaRron1412/Desktop/Robotics_ITI/iti_ws/build/services_pkg/build/lib/services_pkg/server.py -> /home/NightBaRron1412/Desktop/Robotics_ITI/iti_ws/install/services_pkg/lib/python3.10/site-packages/services_pkg
[3.650s] byte-compiling /home/NightBaRron1412/Desktop/Robotics_ITI/iti_ws/install/services_pkg/lib/python3.10/site-packages/services_pkg/__init__.py to __init__.cpython-310.pyc
[3.651s] byte-compiling /home/NightBaRron1412/Desktop/Robotics_ITI/iti_ws/install/services_pkg/lib/python3.10/site-packages/services_pkg/client.py to client.cpython-310.pyc
[3.652s] byte-compiling /home/NightBaRron1412/Desktop/Robotics_ITI/iti_ws/install/services_pkg/lib/python3.10/site-packages/services_pkg/server.py to server.cpython-310.pyc
[3.653s] running install_data
[3.655s] creating /home/NightBaRron1412/Desktop/Robotics_ITI/iti_ws/install/services_pkg/share/ament_index
[3.655s] creating /home/NightBaRron1412/Desktop/Robotics_ITI/iti_ws/install/services_pkg/share/ament_index/resource_index
[3.656s] creating /home/NightBaRron1412/Desktop/Robotics_ITI/iti_ws/install/services_pkg/share/ament_index/resource_index/packages
[3.656s] copying resource/services_pkg -> /home/NightBaRron1412/Desktop/Robotics_ITI/iti_ws/install/services_pkg/share/ament_index/resource_index/packages
[3.657s] copying package.xml -> /home/NightBaRron1412/Desktop/Robotics_ITI/iti_ws/install/services_pkg/share/services_pkg
[3.657s] running install_egg_info
[3.662s] Copying ../../build/services_pkg/services_pkg.egg-info to /home/NightBaRron1412/Desktop/Robotics_ITI/iti_ws/install/services_pkg/lib/python3.10/site-packages/services_pkg-0.0.0-py3.10.egg-info
[3.665s] running install_scripts
[3.735s] writing list of installed files to '/home/NightBaRron1412/Desktop/Robotics_ITI/iti_ws/build/services_pkg/install.log'
[3.793s] Invoked command in '/home/NightBaRron1412/Desktop/Robotics_ITI/iti_ws/src/services_pkg' returned '0': PYTHONPATH=/home/NightBaRron1412/Desktop/Robotics_ITI/iti_ws/install/services_pkg/lib/python3.10/site-packages:${PYTHONPATH} /usr/bin/python3 setup.py egg_info --egg-base ../../build/services_pkg build --build-base /home/NightBaRron1412/Desktop/Robotics_ITI/iti_ws/build/services_pkg/build install --prefix /home/NightBaRron1412/Desktop/Robotics_ITI/iti_ws/install/services_pkg --record /home/NightBaRron1412/Desktop/Robotics_ITI/iti_ws/build/services_pkg/install.log --single-version-externally-managed
