/home/NightBaRron1412/Desktop/Robotics_ITI/Day_9/src/install/ITI_LAB3/lib/python3.10/site-packages/ITI_LAB3/__init__.py
/home/NightBaRron1412/Desktop/Robotics_ITI/Day_9/src/install/ITI_LAB3/lib/python3.10/site-packages/ITI_LAB3/Int_publisher.py
/home/NightBaRron1412/Desktop/Robotics_ITI/Day_9/src/install/ITI_LAB3/lib/python3.10/site-packages/ITI_LAB3/number_counter.py
/home/NightBaRron1412/Desktop/Robotics_ITI/Day_9/src/install/ITI_LAB3/lib/python3.10/site-packages/ITI_LAB3/reset_client.py
/home/NightBaRron1412/Desktop/Robotics_ITI/Day_9/src/install/ITI_LAB3/lib/python3.10/site-packages/ITI_LAB3/__pycache__/__init__.cpython-310.pyc
/home/NightBaRron1412/Desktop/Robotics_ITI/Day_9/src/install/ITI_LAB3/lib/python3.10/site-packages/ITI_LAB3/__pycache__/Int_publisher.cpython-310.pyc
/home/NightBaRron1412/Desktop/Robotics_ITI/Day_9/src/install/ITI_LAB3/lib/python3.10/site-packages/ITI_LAB3/__pycache__/number_counter.cpython-310.pyc
/home/NightBaRron1412/Desktop/Robotics_ITI/Day_9/src/install/ITI_LAB3/lib/python3.10/site-packages/ITI_LAB3/__pycache__/reset_client.cpython-310.pyc
/home/NightBaRron1412/Desktop/Robotics_ITI/Day_9/src/install/ITI_LAB3/share/ament_index/resource_index/packages/ITI_LAB3
/home/NightBaRron1412/Desktop/Robotics_ITI/Day_9/src/install/ITI_LAB3/share/ITI_LAB3/package.xml
/home/NightBaRron1412/Desktop/Robotics_ITI/Day_9/src/install/ITI_LAB3/lib/python3.10/site-packages/ITI_LAB3-0.0.0-py3.10.egg-info/SOURCES.txt
/home/NightBaRron1412/Desktop/Robotics_ITI/Day_9/src/install/ITI_LAB3/lib/python3.10/site-packages/ITI_LAB3-0.0.0-py3.10.egg-info/top_level.txt
/home/NightBaRron1412/Desktop/Robotics_ITI/Day_9/src/install/ITI_LAB3/lib/python3.10/site-packages/ITI_LAB3-0.0.0-py3.10.egg-info/PKG-INFO
/home/NightBaRron1412/Desktop/Robotics_ITI/Day_9/src/install/ITI_LAB3/lib/python3.10/site-packages/ITI_LAB3-0.0.0-py3.10.egg-info/dependency_links.txt
/home/NightBaRron1412/Desktop/Robotics_ITI/Day_9/src/install/ITI_LAB3/lib/python3.10/site-packages/ITI_LAB3-0.0.0-py3.10.egg-info/entry_points.txt
/home/NightBaRron1412/Desktop/Robotics_ITI/Day_9/src/install/ITI_LAB3/lib/python3.10/site-packages/ITI_LAB3-0.0.0-py3.10.egg-info/zip-safe
/home/NightBaRron1412/Desktop/Robotics_ITI/Day_9/src/install/ITI_LAB3/lib/python3.10/site-packages/ITI_LAB3-0.0.0-py3.10.egg-info/requires.txt
/home/NightBaRron1412/Desktop/Robotics_ITI/Day_9/src/install/ITI_LAB3/lib/ITI_LAB3/Int_publisher
/home/NightBaRron1412/Desktop/Robotics_ITI/Day_9/src/install/ITI_LAB3/lib/ITI_LAB3/number_counter
/home/NightBaRron1412/Desktop/Robotics_ITI/Day_9/src/install/ITI_LAB3/lib/ITI_LAB3/reset_client
