[12.327s] DEBUG:colcon:Command line arguments: ['/usr/bin/colcon', 'build']
[12.327s] DEBUG:colcon:Parsed command line arguments: Namespace(log_base=None, log_level=None, verb_name='build', build_base='build', install_base='install', merge_install=False, symlink_install=False, test_result_base=None, continue_on_error=False, executor='parallel', parallel_workers=12, event_handlers=None, ignore_user_meta=False, metas=['./colcon.meta'], base_paths=['.'], packages_ignore=None, packages_ignore_regex=None, paths=None, packages_up_to=None, packages_up_to_regex=None, packages_above=None, packages_above_and_dependencies=None, packages_above_depth=None, packages_select_by_dep=None, packages_skip_by_dep=None, packages_skip_up_to=None, packages_select_build_failed=False, packages_skip_build_finished=False, packages_select_test_failures=False, packages_skip_test_passed=False, packages_select=None, packages_skip=None, packages_select_regex=None, packages_skip_regex=None, packages_start=None, packages_end=None, allow_overriding=[], cmake_args=None, cmake_target=None, cmake_target_skip_unavailable=False, cmake_clean_cache=False, cmake_clean_first=False, cmake_force_configure=False, ament_cmake_args=None, catkin_cmake_args=None, catkin_skip_building_tests=False, verb_parser=<colcon_defaults.argument_parser.defaults.DefaultArgumentsDecorator object at 0x7f21d7c954e0>, verb_extension=<colcon_core.verb.build.BuildVerb object at 0x7f21d8590a90>, main=<bound method BuildVerb.main of <colcon_core.verb.build.BuildVerb object at 0x7f21d8590a90>>)
[12.917s] Level 1:colcon.colcon_core.package_discovery:discover_packages(colcon_meta) check parameters
[12.917s] Level 1:colcon.colcon_core.package_discovery:discover_packages(recursive) check parameters
[12.917s] Level 1:colcon.colcon_core.package_discovery:discover_packages(ignore) check parameters
[12.917s] Level 1:colcon.colcon_core.package_discovery:discover_packages(path) check parameters
[12.917s] Level 1:colcon.colcon_core.package_discovery:discover_packages(colcon_meta) discover
[12.917s] Level 1:colcon.colcon_core.package_discovery:discover_packages(recursive) discover
[12.917s] INFO:colcon.colcon_core.package_discovery:Crawling recursively for packages in '/home/NightBaRron1412/Desktop/Robotics_ITI/Day_9'
[12.917s] Level 1:colcon.colcon_core.package_identification:_identify(.) by extensions ['ignore', 'ignore_ament_install']
[12.918s] Level 1:colcon.colcon_core.package_identification:_identify(.) by extension 'ignore'
[12.918s] Level 1:colcon.colcon_core.package_identification:_identify(.) by extension 'ignore_ament_install'
[12.918s] Level 1:colcon.colcon_core.package_identification:_identify(.) by extensions ['colcon_pkg']
[12.918s] Level 1:colcon.colcon_core.package_identification:_identify(.) by extension 'colcon_pkg'
[12.918s] Level 1:colcon.colcon_core.package_identification:_identify(.) by extensions ['colcon_meta']
[12.918s] Level 1:colcon.colcon_core.package_identification:_identify(.) by extension 'colcon_meta'
[12.918s] Level 1:colcon.colcon_core.package_identification:_identify(.) by extensions ['ros']
[12.918s] Level 1:colcon.colcon_core.package_identification:_identify(.) by extension 'ros'
[13.011s] Level 1:colcon.colcon_core.package_identification:_identify(.) by extensions ['cmake', 'python']
[13.011s] Level 1:colcon.colcon_core.package_identification:_identify(.) by extension 'cmake'
[13.012s] Level 1:colcon.colcon_core.package_identification:_identify(.) by extension 'python'
[13.012s] Level 1:colcon.colcon_core.package_identification:_identify(.) by extensions ['python_setup_py']
[13.012s] Level 1:colcon.colcon_core.package_identification:_identify(.) by extension 'python_setup_py'
[13.012s] Level 1:colcon.colcon_core.package_identification:_identify(build) by extensions ['ignore', 'ignore_ament_install']
[13.012s] Level 1:colcon.colcon_core.package_identification:_identify(build) by extension 'ignore'
[13.012s] Level 1:colcon.colcon_core.package_identification:_identify(build) ignored
[13.012s] Level 1:colcon.colcon_core.package_identification:_identify(install) by extensions ['ignore', 'ignore_ament_install']
[13.012s] Level 1:colcon.colcon_core.package_identification:_identify(install) by extension 'ignore'
[13.012s] Level 1:colcon.colcon_core.package_identification:_identify(install) ignored
[13.012s] Level 1:colcon.colcon_core.package_identification:_identify(log) by extensions ['ignore', 'ignore_ament_install']
[13.013s] Level 1:colcon.colcon_core.package_identification:_identify(log) by extension 'ignore'
[13.013s] Level 1:colcon.colcon_core.package_identification:_identify(log) ignored
[13.013s] Level 1:colcon.colcon_core.package_identification:_identify(src) by extensions ['ignore', 'ignore_ament_install']
[13.013s] Level 1:colcon.colcon_core.package_identification:_identify(src) by extension 'ignore'
[13.013s] Level 1:colcon.colcon_core.package_identification:_identify(src) by extension 'ignore_ament_install'
[13.013s] Level 1:colcon.colcon_core.package_identification:_identify(src) by extensions ['colcon_pkg']
[13.013s] Level 1:colcon.colcon_core.package_identification:_identify(src) by extension 'colcon_pkg'
[13.013s] Level 1:colcon.colcon_core.package_identification:_identify(src) by extensions ['colcon_meta']
[13.013s] Level 1:colcon.colcon_core.package_identification:_identify(src) by extension 'colcon_meta'
[13.013s] Level 1:colcon.colcon_core.package_identification:_identify(src) by extensions ['ros']
[13.014s] Level 1:colcon.colcon_core.package_identification:_identify(src) by extension 'ros'
[13.014s] Level 1:colcon.colcon_core.package_identification:_identify(src) by extensions ['cmake', 'python']
[13.014s] Level 1:colcon.colcon_core.package_identification:_identify(src) by extension 'cmake'
[13.014s] Level 1:colcon.colcon_core.package_identification:_identify(src) by extension 'python'
[13.014s] Level 1:colcon.colcon_core.package_identification:_identify(src) by extensions ['python_setup_py']
[13.014s] Level 1:colcon.colcon_core.package_identification:_identify(src) by extension 'python_setup_py'
[13.014s] Level 1:colcon.colcon_core.package_identification:_identify(src/ITI_LAB3) by extensions ['ignore', 'ignore_ament_install']
[13.014s] Level 1:colcon.colcon_core.package_identification:_identify(src/ITI_LAB3) by extension 'ignore'
[13.014s] Level 1:colcon.colcon_core.package_identification:_identify(src/ITI_LAB3) by extension 'ignore_ament_install'
[13.014s] Level 1:colcon.colcon_core.package_identification:_identify(src/ITI_LAB3) by extensions ['colcon_pkg']
[13.014s] Level 1:colcon.colcon_core.package_identification:_identify(src/ITI_LAB3) by extension 'colcon_pkg'
[13.014s] Level 1:colcon.colcon_core.package_identification:_identify(src/ITI_LAB3) by extensions ['colcon_meta']
[13.014s] Level 1:colcon.colcon_core.package_identification:_identify(src/ITI_LAB3) by extension 'colcon_meta'
[13.014s] Level 1:colcon.colcon_core.package_identification:_identify(src/ITI_LAB3) by extensions ['ros']
[13.015s] Level 1:colcon.colcon_core.package_identification:_identify(src/ITI_LAB3) by extension 'ros'
[13.047s] DEBUG:colcon.colcon_core.package_identification:Package 'src/ITI_LAB3' with type 'ros.ament_python' and name 'ITI_LAB3'
[13.047s] Level 1:colcon.colcon_core.package_discovery:discover_packages(recursive) using defaults
[13.047s] Level 1:colcon.colcon_core.package_discovery:discover_packages(ignore) discover
[13.047s] Level 1:colcon.colcon_core.package_discovery:discover_packages(ignore) using defaults
[13.047s] Level 1:colcon.colcon_core.package_discovery:discover_packages(path) discover
[13.047s] Level 1:colcon.colcon_core.package_discovery:discover_packages(path) using defaults
[13.273s] Level 1:colcon.colcon_core.package_discovery:discover_packages(prefix_path) check parameters
[13.273s] Level 1:colcon.colcon_core.package_discovery:discover_packages(prefix_path) discover
[13.322s] DEBUG:colcon.colcon_installed_package_information.package_discovery:Found 2 installed packages in /home/NightBaRron1412/ros2_ws/install
[13.325s] DEBUG:colcon.colcon_installed_package_information.package_discovery:Found 289 installed packages in /opt/ros/humble
[13.327s] Level 1:colcon.colcon_core.package_discovery:discover_packages(prefix_path) using defaults
[13.454s] Level 5:colcon.colcon_core.verb:set package 'ITI_LAB3' build argument 'cmake_args' from command line to 'None'
[13.454s] Level 5:colcon.colcon_core.verb:set package 'ITI_LAB3' build argument 'cmake_target' from command line to 'None'
[13.454s] Level 5:colcon.colcon_core.verb:set package 'ITI_LAB3' build argument 'cmake_target_skip_unavailable' from command line to 'False'
[13.454s] Level 5:colcon.colcon_core.verb:set package 'ITI_LAB3' build argument 'cmake_clean_cache' from command line to 'False'
[13.454s] Level 5:colcon.colcon_core.verb:set package 'ITI_LAB3' build argument 'cmake_clean_first' from command line to 'False'
[13.454s] Level 5:colcon.colcon_core.verb:set package 'ITI_LAB3' build argument 'cmake_force_configure' from command line to 'False'
[13.454s] Level 5:colcon.colcon_core.verb:set package 'ITI_LAB3' build argument 'ament_cmake_args' from command line to 'None'
[13.454s] Level 5:colcon.colcon_core.verb:set package 'ITI_LAB3' build argument 'catkin_cmake_args' from command line to 'None'
[13.454s] Level 5:colcon.colcon_core.verb:set package 'ITI_LAB3' build argument 'catkin_skip_building_tests' from command line to 'False'
[13.454s] DEBUG:colcon.colcon_core.verb:Building package 'ITI_LAB3' with the following arguments: {'ament_cmake_args': None, 'build_base': '/home/NightBaRron1412/Desktop/Robotics_ITI/Day_9/build/ITI_LAB3', 'catkin_cmake_args': None, 'catkin_skip_building_tests': False, 'cmake_args': None, 'cmake_clean_cache': False, 'cmake_clean_first': False, 'cmake_force_configure': False, 'cmake_target': None, 'cmake_target_skip_unavailable': False, 'install_base': '/home/NightBaRron1412/Desktop/Robotics_ITI/Day_9/install/ITI_LAB3', 'merge_install': False, 'path': '/home/NightBaRron1412/Desktop/Robotics_ITI/Day_9/src/ITI_LAB3', 'symlink_install': False, 'test_result_base': None}
[13.455s] INFO:colcon.colcon_core.executor:Executing jobs using 'parallel' executor
[13.461s] DEBUG:colcon.colcon_parallel_executor.executor.parallel:run_until_complete
[13.461s] INFO:colcon.colcon_ros.task.ament_python.build:Building ROS package in '/home/NightBaRron1412/Desktop/Robotics_ITI/Day_9/src/ITI_LAB3' with build type 'ament_python'
[13.462s] Level 1:colcon.colcon_core.shell:create_environment_hook('ITI_LAB3', 'ament_prefix_path')
[13.565s] INFO:colcon.colcon_core.plugin_system:Skipping extension 'colcon_core.shell.bat': Not used on non-Windows systems
[13.565s] INFO:colcon.colcon_core.shell:Creating environment hook '/home/NightBaRron1412/Desktop/Robotics_ITI/Day_9/install/ITI_LAB3/share/ITI_LAB3/hook/ament_prefix_path.ps1'
[13.599s] INFO:colcon.colcon_core.shell:Creating environment descriptor '/home/NightBaRron1412/Desktop/Robotics_ITI/Day_9/install/ITI_LAB3/share/ITI_LAB3/hook/ament_prefix_path.dsv'
[13.647s] INFO:colcon.colcon_core.shell:Creating environment hook '/home/NightBaRron1412/Desktop/Robotics_ITI/Day_9/install/ITI_LAB3/share/ITI_LAB3/hook/ament_prefix_path.sh'
[13.665s] INFO:colcon.colcon_core.shell:Skip shell extension 'powershell' for command environment: Not usable outside of PowerShell
[13.665s] DEBUG:colcon.colcon_core.shell:Skip shell extension 'dsv' for command environment
[14.076s] INFO:colcon.colcon_core.task.python.build:Building Python package in '/home/NightBaRron1412/Desktop/Robotics_ITI/Day_9/src/ITI_LAB3'
[14.079s] INFO:colcon.colcon_core.shell:Skip shell extension 'powershell' for command environment: Not usable outside of PowerShell
[14.079s] DEBUG:colcon.colcon_core.shell:Skip shell extension 'dsv' for command environment
[15.882s] DEBUG:colcon.colcon_core.event_handler.log_command:Invoking command in '/home/NightBaRron1412/Desktop/Robotics_ITI/Day_9/src/ITI_LAB3': PYTHONPATH=/home/NightBaRron1412/Desktop/Robotics_ITI/Day_9/install/ITI_LAB3/lib/python3.10/site-packages:${PYTHONPATH} /usr/bin/python3 setup.py egg_info --egg-base ../../build/ITI_LAB3 build --build-base /home/NightBaRron1412/Desktop/Robotics_ITI/Day_9/build/ITI_LAB3/build install --prefix /home/NightBaRron1412/Desktop/Robotics_ITI/Day_9/install/ITI_LAB3 --record /home/NightBaRron1412/Desktop/Robotics_ITI/Day_9/build/ITI_LAB3/install.log --single-version-externally-managed
[16.503s] DEBUG:colcon.colcon_core.event_handler.log_command:Invoked command in '/home/NightBaRron1412/Desktop/Robotics_ITI/Day_9/src/ITI_LAB3' returned '0': PYTHONPATH=/home/NightBaRron1412/Desktop/Robotics_ITI/Day_9/install/ITI_LAB3/lib/python3.10/site-packages:${PYTHONPATH} /usr/bin/python3 setup.py egg_info --egg-base ../../build/ITI_LAB3 build --build-base /home/NightBaRron1412/Desktop/Robotics_ITI/Day_9/build/ITI_LAB3/build install --prefix /home/NightBaRron1412/Desktop/Robotics_ITI/Day_9/install/ITI_LAB3 --record /home/NightBaRron1412/Desktop/Robotics_ITI/Day_9/build/ITI_LAB3/install.log --single-version-externally-managed
[16.592s] Level 1:colcon.colcon_core.environment:checking '/home/NightBaRron1412/Desktop/Robotics_ITI/Day_9/install/ITI_LAB3' for CMake module files
[16.593s] Level 1:colcon.colcon_core.environment:checking '/home/NightBaRron1412/Desktop/Robotics_ITI/Day_9/install/ITI_LAB3' for CMake config files
[16.593s] Level 1:colcon.colcon_core.environment:checking '/home/NightBaRron1412/Desktop/Robotics_ITI/Day_9/install/ITI_LAB3/lib'
[16.594s] Level 1:colcon.colcon_core.environment:checking '/home/NightBaRron1412/Desktop/Robotics_ITI/Day_9/install/ITI_LAB3/bin'
[16.594s] Level 1:colcon.colcon_core.environment:checking '/home/NightBaRron1412/Desktop/Robotics_ITI/Day_9/install/ITI_LAB3/lib/pkgconfig/ITI_LAB3.pc'
[16.594s] Level 1:colcon.colcon_core.environment:checking '/home/NightBaRron1412/Desktop/Robotics_ITI/Day_9/install/ITI_LAB3/lib/python3.10/site-packages'
[16.594s] Level 1:colcon.colcon_core.shell:create_environment_hook('ITI_LAB3', 'pythonpath')
[16.596s] INFO:colcon.colcon_core.shell:Creating environment hook '/home/NightBaRron1412/Desktop/Robotics_ITI/Day_9/install/ITI_LAB3/share/ITI_LAB3/hook/pythonpath.ps1'
[16.596s] INFO:colcon.colcon_core.shell:Creating environment descriptor '/home/NightBaRron1412/Desktop/Robotics_ITI/Day_9/install/ITI_LAB3/share/ITI_LAB3/hook/pythonpath.dsv'
[16.597s] INFO:colcon.colcon_core.shell:Creating environment hook '/home/NightBaRron1412/Desktop/Robotics_ITI/Day_9/install/ITI_LAB3/share/ITI_LAB3/hook/pythonpath.sh'
[16.597s] Level 1:colcon.colcon_core.environment:checking '/home/NightBaRron1412/Desktop/Robotics_ITI/Day_9/install/ITI_LAB3/bin'
[16.597s] Level 1:colcon.colcon_core.environment:create_environment_scripts_only(ITI_LAB3)
[16.600s] INFO:colcon.colcon_core.shell:Creating package script '/home/NightBaRron1412/Desktop/Robotics_ITI/Day_9/install/ITI_LAB3/share/ITI_LAB3/package.ps1'
[16.612s] INFO:colcon.colcon_core.shell:Creating package descriptor '/home/NightBaRron1412/Desktop/Robotics_ITI/Day_9/install/ITI_LAB3/share/ITI_LAB3/package.dsv'
[16.623s] INFO:colcon.colcon_core.shell:Creating package script '/home/NightBaRron1412/Desktop/Robotics_ITI/Day_9/install/ITI_LAB3/share/ITI_LAB3/package.sh'
[16.624s] INFO:colcon.colcon_core.shell:Creating package script '/home/NightBaRron1412/Desktop/Robotics_ITI/Day_9/install/ITI_LAB3/share/ITI_LAB3/package.bash'
[16.650s] INFO:colcon.colcon_core.shell:Creating package script '/home/NightBaRron1412/Desktop/Robotics_ITI/Day_9/install/ITI_LAB3/share/ITI_LAB3/package.zsh'
[16.671s] Level 1:colcon.colcon_core.environment:create_file_with_runtime_dependencies(/home/NightBaRron1412/Desktop/Robotics_ITI/Day_9/install/ITI_LAB3/share/colcon-core/packages/ITI_LAB3)
[16.672s] DEBUG:colcon.colcon_parallel_executor.executor.parallel:closing loop
[16.672s] DEBUG:colcon.colcon_parallel_executor.executor.parallel:loop closed
[16.672s] DEBUG:colcon.colcon_parallel_executor.executor.parallel:run_until_complete finished with '0'
[16.672s] DEBUG:colcon.colcon_core.event_reactor:joining thread
[16.713s] INFO:colcon.colcon_core.plugin_system:Skipping extension 'colcon_notification.desktop_notification.terminal_notifier': Not used on non-Darwin systems
[16.713s] INFO:colcon.colcon_core.plugin_system:Skipping extension 'colcon_notification.desktop_notification.win32': Not used on non-Windows systems
[16.713s] INFO:colcon.colcon_notification.desktop_notification:Sending desktop notification using 'notify2'
[16.745s] DEBUG:colcon.colcon_core.event_reactor:joined thread
[16.746s] INFO:colcon.colcon_core.shell:Creating prefix script '/home/NightBaRron1412/Desktop/Robotics_ITI/Day_9/install/local_setup.ps1'
[16.760s] INFO:colcon.colcon_core.shell:Creating prefix util module '/home/NightBaRron1412/Desktop/Robotics_ITI/Day_9/install/_local_setup_util_ps1.py'
[16.770s] INFO:colcon.colcon_core.shell:Creating prefix chain script '/home/NightBaRron1412/Desktop/Robotics_ITI/Day_9/install/setup.ps1'
[16.782s] INFO:colcon.colcon_core.shell:Creating prefix script '/home/NightBaRron1412/Desktop/Robotics_ITI/Day_9/install/local_setup.sh'
[16.790s] INFO:colcon.colcon_core.shell:Creating prefix util module '/home/NightBaRron1412/Desktop/Robotics_ITI/Day_9/install/_local_setup_util_sh.py'
[16.791s] INFO:colcon.colcon_core.shell:Creating prefix chain script '/home/NightBaRron1412/Desktop/Robotics_ITI/Day_9/install/setup.sh'
[16.803s] INFO:colcon.colcon_core.shell:Creating prefix script '/home/NightBaRron1412/Desktop/Robotics_ITI/Day_9/install/local_setup.bash'
[16.804s] INFO:colcon.colcon_core.shell:Creating prefix chain script '/home/NightBaRron1412/Desktop/Robotics_ITI/Day_9/install/setup.bash'
[16.811s] INFO:colcon.colcon_core.shell:Creating prefix script '/home/NightBaRron1412/Desktop/Robotics_ITI/Day_9/install/local_setup.zsh'
[16.814s] INFO:colcon.colcon_core.shell:Creating prefix chain script '/home/NightBaRron1412/Desktop/Robotics_ITI/Day_9/install/setup.zsh'
