running egg_info
writing ../../build/ITI_LAB2/ITI_LAB2.egg-info/PKG-INFO
writing dependency_links to ../../build/ITI_LAB2/ITI_LAB2.egg-info/dependency_links.txt
writing entry points to ../../build/ITI_LAB2/ITI_LAB2.egg-info/entry_points.txt
writing requirements to ../../build/ITI_LAB2/ITI_LAB2.egg-info/requires.txt
writing top-level names to ../../build/ITI_LAB2/ITI_LAB2.egg-info/top_level.txt
reading manifest file '../../build/ITI_LAB2/ITI_LAB2.egg-info/SOURCES.txt'
writing manifest file '../../build/ITI_LAB2/ITI_LAB2.egg-info/SOURCES.txt'
running build
running build_py
copying ITI_LAB2/turtle_prevent.py -> /home/NightBaRron1412/Desktop/Robotics_ITI/Day_8/build/ITI_LAB2/build/lib/ITI_LAB2
running install
running install_lib
copying /home/NightBaRron1412/Desktop/Robotics_ITI/Day_8/build/ITI_LAB2/build/lib/ITI_LAB2/turtle_prevent.py -> /home/NightBaRron1412/Desktop/Robotics_ITI/Day_8/install/ITI_LAB2/lib/python3.10/site-packages/ITI_LAB2
byte-compiling /home/NightBaRron1412/Desktop/Robotics_ITI/Day_8/install/ITI_LAB2/lib/python3.10/site-packages/ITI_LAB2/turtle_prevent.py to turtle_prevent.cpython-310.pyc
running install_data
running install_egg_info
removing '/home/NightBaRron1412/Desktop/Robotics_ITI/Day_8/install/ITI_LAB2/lib/python3.10/site-packages/ITI_LAB2-0.0.0-py3.10.egg-info' (and everything under it)
Copying ../../build/ITI_LAB2/ITI_LAB2.egg-info to /home/NightBaRron1412/Desktop/Robotics_ITI/Day_8/install/ITI_LAB2/lib/python3.10/site-packages/ITI_LAB2-0.0.0-py3.10.egg-info
running install_scripts
Installing turtle_prevent script to /home/NightBaRron1412/Desktop/Robotics_ITI/Day_8/install/ITI_LAB2/lib/ITI_LAB2
writing list of installed files to '/home/NightBaRron1412/Desktop/Robotics_ITI/Day_8/build/ITI_LAB2/install.log'
