[0.660s] Invoking command in '/home/NightBaRron1412/Desktop/Robotics_ITI/Day_11/src/iti_project1': PYTHONPATH=/home/NightBaRron1412/Desktop/Robotics_ITI/Day_11/install/iti_project1/lib/python3.10/site-packages:${PYTHONPATH} /usr/bin/python3 setup.py egg_info --egg-base ../../build/iti_project1 build --build-base /home/NightBaRron1412/Desktop/Robotics_ITI/Day_11/build/iti_project1/build install --prefix /home/NightBaRron1412/Desktop/Robotics_ITI/Day_11/install/iti_project1 --record /home/NightBaRron1412/Desktop/Robotics_ITI/Day_11/build/iti_project1/install.log --single-version-externally-managed
[0.895s] running egg_info
[0.895s] writing ../../build/iti_project1/iti_project1.egg-info/PKG-INFO
[0.896s] writing dependency_links to ../../build/iti_project1/iti_project1.egg-info/dependency_links.txt
[0.896s] writing entry points to ../../build/iti_project1/iti_project1.egg-info/entry_points.txt
[0.896s] writing requirements to ../../build/iti_project1/iti_project1.egg-info/requires.txt
[0.896s] writing top-level names to ../../build/iti_project1/iti_project1.egg-info/top_level.txt
[0.898s] reading manifest file '../../build/iti_project1/iti_project1.egg-info/SOURCES.txt'
[0.899s] writing manifest file '../../build/iti_project1/iti_project1.egg-info/SOURCES.txt'
[0.899s] running build
[0.899s] running build_py
[0.900s] running install
[0.900s] /usr/lib/python3/dist-packages/setuptools/command/install.py:34: SetuptoolsDeprecationWarning: setup.py install is deprecated. Use build and pip and other standards-based tools.
[0.900s]   warnings.warn(
[0.900s] running install_lib
[0.901s] running install_data
[0.901s] running install_egg_info
[0.903s] removing '/home/NightBaRron1412/Desktop/Robotics_ITI/Day_11/install/iti_project1/lib/python3.10/site-packages/iti_project1-0.0.0-py3.10.egg-info' (and everything under it)
[0.903s] Copying ../../build/iti_project1/iti_project1.egg-info to /home/NightBaRron1412/Desktop/Robotics_ITI/Day_11/install/iti_project1/lib/python3.10/site-packages/iti_project1-0.0.0-py3.10.egg-info
[0.903s] running install_scripts
[0.920s] Installing control_node script to /home/NightBaRron1412/Desktop/Robotics_ITI/Day_11/install/iti_project1/lib/iti_project1
[0.921s] Installing spawn_node script to /home/NightBaRron1412/Desktop/Robotics_ITI/Day_11/install/iti_project1/lib/iti_project1
[0.921s] writing list of installed files to '/home/NightBaRron1412/Desktop/Robotics_ITI/Day_11/build/iti_project1/install.log'
[0.941s] Invoked command in '/home/NightBaRron1412/Desktop/Robotics_ITI/Day_11/src/iti_project1' returned '0': PYTHONPATH=/home/NightBaRron1412/Desktop/Robotics_ITI/Day_11/install/iti_project1/lib/python3.10/site-packages:${PYTHONPATH} /usr/bin/python3 setup.py egg_info --egg-base ../../build/iti_project1 build --build-base /home/NightBaRron1412/Desktop/Robotics_ITI/Day_11/build/iti_project1/build install --prefix /home/NightBaRron1412/Desktop/Robotics_ITI/Day_11/install/iti_project1 --record /home/NightBaRron1412/Desktop/Robotics_ITI/Day_11/build/iti_project1/install.log --single-version-externally-managed
