[1.364s] DEBUG:colcon:Command line arguments: ['/usr/bin/colcon', 'build']
[1.364s] DEBUG:colcon:Parsed command line arguments: Namespace(log_base=None, log_level=None, verb_name='build', build_base='build', install_base='install', merge_install=False, symlink_install=False, test_result_base=None, continue_on_error=False, executor='parallel', parallel_workers=12, event_handlers=None, ignore_user_meta=False, metas=['./colcon.meta'], base_paths=['.'], packages_ignore=None, packages_ignore_regex=None, paths=None, packages_up_to=None, packages_up_to_regex=None, packages_above=None, packages_above_and_dependencies=None, packages_above_depth=None, packages_select_by_dep=None, packages_skip_by_dep=None, packages_skip_up_to=None, packages_select_build_failed=False, packages_skip_build_finished=False, packages_select_test_failures=False, packages_skip_test_passed=False, packages_select=None, packages_skip=None, packages_select_regex=None, packages_skip_regex=None, packages_start=None, packages_end=None, allow_overriding=[], cmake_args=None, cmake_target=None, cmake_target_skip_unavailable=False, cmake_clean_cache=False, cmake_clean_first=False, cmake_force_configure=False, ament_cmake_args=None, catkin_cmake_args=None, catkin_skip_building_tests=False, verb_parser=<colcon_defaults.argument_parser.defaults.DefaultArgumentsDecorator object at 0x7f6c4bafeaa0>, verb_extension=<colcon_core.verb.build.BuildVerb object at 0x7f6c4c43e290>, main=<bound method BuildVerb.main of <colcon_core.verb.build.BuildVerb object at 0x7f6c4c43e290>>)
[1.744s] Level 1:colcon.colcon_core.package_discovery:discover_packages(colcon_meta) check parameters
[1.744s] Level 1:colcon.colcon_core.package_discovery:discover_packages(recursive) check parameters
[1.744s] Level 1:colcon.colcon_core.package_discovery:discover_packages(ignore) check parameters
[1.744s] Level 1:colcon.colcon_core.package_discovery:discover_packages(path) check parameters
[1.744s] Level 1:colcon.colcon_core.package_discovery:discover_packages(colcon_meta) discover
[1.745s] Level 1:colcon.colcon_core.package_discovery:discover_packages(recursive) discover
[1.745s] INFO:colcon.colcon_core.package_discovery:Crawling recursively for packages in '/home/NightBaRron1412/Desktop/Robotics_ITI/Day_11'
[1.745s] Level 1:colcon.colcon_core.package_identification:_identify(.) by extensions ['ignore', 'ignore_ament_install']
[1.745s] Level 1:colcon.colcon_core.package_identification:_identify(.) by extension 'ignore'
[1.746s] Level 1:colcon.colcon_core.package_identification:_identify(.) by extension 'ignore_ament_install'
[1.746s] Level 1:colcon.colcon_core.package_identification:_identify(.) by extensions ['colcon_pkg']
[1.746s] Level 1:colcon.colcon_core.package_identification:_identify(.) by extension 'colcon_pkg'
[1.746s] Level 1:colcon.colcon_core.package_identification:_identify(.) by extensions ['colcon_meta']
[1.746s] Level 1:colcon.colcon_core.package_identification:_identify(.) by extension 'colcon_meta'
[1.747s] Level 1:colcon.colcon_core.package_identification:_identify(.) by extensions ['ros']
[1.747s] Level 1:colcon.colcon_core.package_identification:_identify(.) by extension 'ros'
[1.808s] Level 1:colcon.colcon_core.package_identification:_identify(.) by extensions ['cmake', 'python']
[1.808s] Level 1:colcon.colcon_core.package_identification:_identify(.) by extension 'cmake'
[1.808s] Level 1:colcon.colcon_core.package_identification:_identify(.) by extension 'python'
[1.808s] Level 1:colcon.colcon_core.package_identification:_identify(.) by extensions ['python_setup_py']
[1.808s] Level 1:colcon.colcon_core.package_identification:_identify(.) by extension 'python_setup_py'
[1.808s] Level 1:colcon.colcon_core.package_identification:_identify(build) by extensions ['ignore', 'ignore_ament_install']
[1.809s] Level 1:colcon.colcon_core.package_identification:_identify(build) by extension 'ignore'
[1.809s] Level 1:colcon.colcon_core.package_identification:_identify(build) ignored
[1.809s] Level 1:colcon.colcon_core.package_identification:_identify(install) by extensions ['ignore', 'ignore_ament_install']
[1.809s] Level 1:colcon.colcon_core.package_identification:_identify(install) by extension 'ignore'
[1.809s] Level 1:colcon.colcon_core.package_identification:_identify(install) ignored
[1.809s] Level 1:colcon.colcon_core.package_identification:_identify(log) by extensions ['ignore', 'ignore_ament_install']
[1.809s] Level 1:colcon.colcon_core.package_identification:_identify(log) by extension 'ignore'
[1.809s] Level 1:colcon.colcon_core.package_identification:_identify(log) ignored
[1.809s] Level 1:colcon.colcon_core.package_identification:_identify(src) by extensions ['ignore', 'ignore_ament_install']
[1.809s] Level 1:colcon.colcon_core.package_identification:_identify(src) by extension 'ignore'
[1.809s] Level 1:colcon.colcon_core.package_identification:_identify(src) by extension 'ignore_ament_install'
[1.810s] Level 1:colcon.colcon_core.package_identification:_identify(src) by extensions ['colcon_pkg']
[1.810s] Level 1:colcon.colcon_core.package_identification:_identify(src) by extension 'colcon_pkg'
[1.810s] Level 1:colcon.colcon_core.package_identification:_identify(src) by extensions ['colcon_meta']
[1.810s] Level 1:colcon.colcon_core.package_identification:_identify(src) by extension 'colcon_meta'
[1.810s] Level 1:colcon.colcon_core.package_identification:_identify(src) by extensions ['ros']
[1.810s] Level 1:colcon.colcon_core.package_identification:_identify(src) by extension 'ros'
[1.810s] Level 1:colcon.colcon_core.package_identification:_identify(src) by extensions ['cmake', 'python']
[1.810s] Level 1:colcon.colcon_core.package_identification:_identify(src) by extension 'cmake'
[1.810s] Level 1:colcon.colcon_core.package_identification:_identify(src) by extension 'python'
[1.810s] Level 1:colcon.colcon_core.package_identification:_identify(src) by extensions ['python_setup_py']
[1.810s] Level 1:colcon.colcon_core.package_identification:_identify(src) by extension 'python_setup_py'
[1.810s] Level 1:colcon.colcon_core.package_identification:_identify(src/iti_project1) by extensions ['ignore', 'ignore_ament_install']
[1.810s] Level 1:colcon.colcon_core.package_identification:_identify(src/iti_project1) by extension 'ignore'
[1.810s] Level 1:colcon.colcon_core.package_identification:_identify(src/iti_project1) by extension 'ignore_ament_install'
[1.810s] Level 1:colcon.colcon_core.package_identification:_identify(src/iti_project1) by extensions ['colcon_pkg']
[1.811s] Level 1:colcon.colcon_core.package_identification:_identify(src/iti_project1) by extension 'colcon_pkg'
[1.811s] Level 1:colcon.colcon_core.package_identification:_identify(src/iti_project1) by extensions ['colcon_meta']
[1.811s] Level 1:colcon.colcon_core.package_identification:_identify(src/iti_project1) by extension 'colcon_meta'
[1.811s] Level 1:colcon.colcon_core.package_identification:_identify(src/iti_project1) by extensions ['ros']
[1.811s] Level 1:colcon.colcon_core.package_identification:_identify(src/iti_project1) by extension 'ros'
[1.827s] DEBUG:colcon.colcon_core.package_identification:Package 'src/iti_project1' with type 'ros.ament_python' and name 'iti_project1'
[1.827s] Level 1:colcon.colcon_core.package_discovery:discover_packages(recursive) using defaults
[1.827s] Level 1:colcon.colcon_core.package_discovery:discover_packages(ignore) discover
[1.827s] Level 1:colcon.colcon_core.package_discovery:discover_packages(ignore) using defaults
[1.827s] Level 1:colcon.colcon_core.package_discovery:discover_packages(path) discover
[1.827s] Level 1:colcon.colcon_core.package_discovery:discover_packages(path) using defaults
[1.902s] Level 1:colcon.colcon_core.package_discovery:discover_packages(prefix_path) check parameters
[1.902s] Level 1:colcon.colcon_core.package_discovery:discover_packages(prefix_path) discover
[1.986s] DEBUG:colcon.colcon_installed_package_information.package_discovery:Found 2 installed packages in /home/NightBaRron1412/ros2_ws/install
[1.995s] DEBUG:colcon.colcon_installed_package_information.package_discovery:Found 349 installed packages in /opt/ros/humble
[2.004s] Level 1:colcon.colcon_core.package_discovery:discover_packages(prefix_path) using defaults
[2.107s] Level 5:colcon.colcon_core.verb:set package 'iti_project1' build argument 'cmake_args' from command line to 'None'
[2.107s] Level 5:colcon.colcon_core.verb:set package 'iti_project1' build argument 'cmake_target' from command line to 'None'
[2.107s] Level 5:colcon.colcon_core.verb:set package 'iti_project1' build argument 'cmake_target_skip_unavailable' from command line to 'False'
[2.107s] Level 5:colcon.colcon_core.verb:set package 'iti_project1' build argument 'cmake_clean_cache' from command line to 'False'
[2.107s] Level 5:colcon.colcon_core.verb:set package 'iti_project1' build argument 'cmake_clean_first' from command line to 'False'
[2.107s] Level 5:colcon.colcon_core.verb:set package 'iti_project1' build argument 'cmake_force_configure' from command line to 'False'
[2.107s] Level 5:colcon.colcon_core.verb:set package 'iti_project1' build argument 'ament_cmake_args' from command line to 'None'
[2.107s] Level 5:colcon.colcon_core.verb:set package 'iti_project1' build argument 'catkin_cmake_args' from command line to 'None'
[2.107s] Level 5:colcon.colcon_core.verb:set package 'iti_project1' build argument 'catkin_skip_building_tests' from command line to 'False'
[2.107s] DEBUG:colcon.colcon_core.verb:Building package 'iti_project1' with the following arguments: {'ament_cmake_args': None, 'build_base': '/home/NightBaRron1412/Desktop/Robotics_ITI/Day_11/build/iti_project1', 'catkin_cmake_args': None, 'catkin_skip_building_tests': False, 'cmake_args': None, 'cmake_clean_cache': False, 'cmake_clean_first': False, 'cmake_force_configure': False, 'cmake_target': None, 'cmake_target_skip_unavailable': False, 'install_base': '/home/NightBaRron1412/Desktop/Robotics_ITI/Day_11/install/iti_project1', 'merge_install': False, 'path': '/home/NightBaRron1412/Desktop/Robotics_ITI/Day_11/src/iti_project1', 'symlink_install': False, 'test_result_base': None}
[2.108s] INFO:colcon.colcon_core.executor:Executing jobs using 'parallel' executor
[2.111s] DEBUG:colcon.colcon_parallel_executor.executor.parallel:run_until_complete
[2.111s] INFO:colcon.colcon_ros.task.ament_python.build:Building ROS package in '/home/NightBaRron1412/Desktop/Robotics_ITI/Day_11/src/iti_project1' with build type 'ament_python'
[2.111s] Level 1:colcon.colcon_core.shell:create_environment_hook('iti_project1', 'ament_prefix_path')
[2.178s] INFO:colcon.colcon_core.plugin_system:Skipping extension 'colcon_core.shell.bat': Not used on non-Windows systems
[2.179s] INFO:colcon.colcon_core.shell:Creating environment hook '/home/NightBaRron1412/Desktop/Robotics_ITI/Day_11/install/iti_project1/share/iti_project1/hook/ament_prefix_path.ps1'
[2.192s] INFO:colcon.colcon_core.shell:Creating environment descriptor '/home/NightBaRron1412/Desktop/Robotics_ITI/Day_11/install/iti_project1/share/iti_project1/hook/ament_prefix_path.dsv'
[2.211s] INFO:colcon.colcon_core.shell:Creating environment hook '/home/NightBaRron1412/Desktop/Robotics_ITI/Day_11/install/iti_project1/share/iti_project1/hook/ament_prefix_path.sh'
[2.220s] INFO:colcon.colcon_core.shell:Skip shell extension 'powershell' for command environment: Not usable outside of PowerShell
[2.220s] DEBUG:colcon.colcon_core.shell:Skip shell extension 'dsv' for command environment
[2.535s] INFO:colcon.colcon_core.task.python.build:Building Python package in '/home/NightBaRron1412/Desktop/Robotics_ITI/Day_11/src/iti_project1'
[2.536s] INFO:colcon.colcon_core.shell:Skip shell extension 'powershell' for command environment: Not usable outside of PowerShell
[2.536s] DEBUG:colcon.colcon_core.shell:Skip shell extension 'dsv' for command environment
[3.874s] DEBUG:colcon.colcon_core.event_handler.log_command:Invoking command in '/home/NightBaRron1412/Desktop/Robotics_ITI/Day_11/src/iti_project1': PYTHONPATH=/home/NightBaRron1412/Desktop/Robotics_ITI/Day_11/install/iti_project1/lib/python3.10/site-packages:${PYTHONPATH} /usr/bin/python3 setup.py egg_info --egg-base ../../build/iti_project1 build --build-base /home/NightBaRron1412/Desktop/Robotics_ITI/Day_11/build/iti_project1/build install --prefix /home/NightBaRron1412/Desktop/Robotics_ITI/Day_11/install/iti_project1 --record /home/NightBaRron1412/Desktop/Robotics_ITI/Day_11/build/iti_project1/install.log --single-version-externally-managed
[4.273s] DEBUG:colcon.colcon_core.event_handler.log_command:Invoked command in '/home/NightBaRron1412/Desktop/Robotics_ITI/Day_11/src/iti_project1' returned '0': PYTHONPATH=/home/NightBaRron1412/Desktop/Robotics_ITI/Day_11/install/iti_project1/lib/python3.10/site-packages:${PYTHONPATH} /usr/bin/python3 setup.py egg_info --egg-base ../../build/iti_project1 build --build-base /home/NightBaRron1412/Desktop/Robotics_ITI/Day_11/build/iti_project1/build install --prefix /home/NightBaRron1412/Desktop/Robotics_ITI/Day_11/install/iti_project1 --record /home/NightBaRron1412/Desktop/Robotics_ITI/Day_11/build/iti_project1/install.log --single-version-externally-managed
[4.317s] Level 1:colcon.colcon_core.environment:checking '/home/NightBaRron1412/Desktop/Robotics_ITI/Day_11/install/iti_project1' for CMake module files
[4.317s] Level 1:colcon.colcon_core.environment:checking '/home/NightBaRron1412/Desktop/Robotics_ITI/Day_11/install/iti_project1' for CMake config files
[4.318s] Level 1:colcon.colcon_core.environment:checking '/home/NightBaRron1412/Desktop/Robotics_ITI/Day_11/install/iti_project1/lib'
[4.318s] Level 1:colcon.colcon_core.environment:checking '/home/NightBaRron1412/Desktop/Robotics_ITI/Day_11/install/iti_project1/bin'
[4.318s] Level 1:colcon.colcon_core.environment:checking '/home/NightBaRron1412/Desktop/Robotics_ITI/Day_11/install/iti_project1/lib/pkgconfig/iti_project1.pc'
[4.318s] Level 1:colcon.colcon_core.environment:checking '/home/NightBaRron1412/Desktop/Robotics_ITI/Day_11/install/iti_project1/lib/python3.10/site-packages'
[4.318s] Level 1:colcon.colcon_core.shell:create_environment_hook('iti_project1', 'pythonpath')
[4.320s] INFO:colcon.colcon_core.shell:Creating environment hook '/home/NightBaRron1412/Desktop/Robotics_ITI/Day_11/install/iti_project1/share/iti_project1/hook/pythonpath.ps1'
[4.320s] INFO:colcon.colcon_core.shell:Creating environment descriptor '/home/NightBaRron1412/Desktop/Robotics_ITI/Day_11/install/iti_project1/share/iti_project1/hook/pythonpath.dsv'
[4.321s] INFO:colcon.colcon_core.shell:Creating environment hook '/home/NightBaRron1412/Desktop/Robotics_ITI/Day_11/install/iti_project1/share/iti_project1/hook/pythonpath.sh'
[4.321s] Level 1:colcon.colcon_core.environment:checking '/home/NightBaRron1412/Desktop/Robotics_ITI/Day_11/install/iti_project1/bin'
[4.321s] Level 1:colcon.colcon_core.environment:create_environment_scripts_only(iti_project1)
[4.323s] INFO:colcon.colcon_core.shell:Creating package script '/home/NightBaRron1412/Desktop/Robotics_ITI/Day_11/install/iti_project1/share/iti_project1/package.ps1'
[4.342s] INFO:colcon.colcon_core.shell:Creating package descriptor '/home/NightBaRron1412/Desktop/Robotics_ITI/Day_11/install/iti_project1/share/iti_project1/package.dsv'
[4.353s] INFO:colcon.colcon_core.shell:Creating package script '/home/NightBaRron1412/Desktop/Robotics_ITI/Day_11/install/iti_project1/share/iti_project1/package.sh'
[4.356s] INFO:colcon.colcon_core.shell:Creating package script '/home/NightBaRron1412/Desktop/Robotics_ITI/Day_11/install/iti_project1/share/iti_project1/package.bash'
[4.372s] INFO:colcon.colcon_core.shell:Creating package script '/home/NightBaRron1412/Desktop/Robotics_ITI/Day_11/install/iti_project1/share/iti_project1/package.zsh'
[4.385s] Level 1:colcon.colcon_core.environment:create_file_with_runtime_dependencies(/home/NightBaRron1412/Desktop/Robotics_ITI/Day_11/install/iti_project1/share/colcon-core/packages/iti_project1)
[4.386s] DEBUG:colcon.colcon_parallel_executor.executor.parallel:closing loop
[4.387s] DEBUG:colcon.colcon_parallel_executor.executor.parallel:loop closed
[4.388s] DEBUG:colcon.colcon_parallel_executor.executor.parallel:run_until_complete finished with '0'
[4.388s] DEBUG:colcon.colcon_core.event_reactor:joining thread
[4.421s] INFO:colcon.colcon_core.plugin_system:Skipping extension 'colcon_notification.desktop_notification.terminal_notifier': Not used on non-Darwin systems
[4.421s] INFO:colcon.colcon_core.plugin_system:Skipping extension 'colcon_notification.desktop_notification.win32': Not used on non-Windows systems
[4.421s] INFO:colcon.colcon_notification.desktop_notification:Sending desktop notification using 'notify2'
[4.461s] DEBUG:colcon.colcon_core.event_reactor:joined thread
[4.462s] INFO:colcon.colcon_core.shell:Creating prefix script '/home/NightBaRron1412/Desktop/Robotics_ITI/Day_11/install/local_setup.ps1'
[4.478s] INFO:colcon.colcon_core.shell:Creating prefix util module '/home/NightBaRron1412/Desktop/Robotics_ITI/Day_11/install/_local_setup_util_ps1.py'
[4.488s] INFO:colcon.colcon_core.shell:Creating prefix chain script '/home/NightBaRron1412/Desktop/Robotics_ITI/Day_11/install/setup.ps1'
[4.491s] INFO:colcon.colcon_core.shell:Creating prefix script '/home/NightBaRron1412/Desktop/Robotics_ITI/Day_11/install/local_setup.sh'
[4.492s] INFO:colcon.colcon_core.shell:Creating prefix util module '/home/NightBaRron1412/Desktop/Robotics_ITI/Day_11/install/_local_setup_util_sh.py'
[4.494s] INFO:colcon.colcon_core.shell:Creating prefix chain script '/home/NightBaRron1412/Desktop/Robotics_ITI/Day_11/install/setup.sh'
[4.497s] INFO:colcon.colcon_core.shell:Creating prefix script '/home/NightBaRron1412/Desktop/Robotics_ITI/Day_11/install/local_setup.bash'
[4.498s] INFO:colcon.colcon_core.shell:Creating prefix chain script '/home/NightBaRron1412/Desktop/Robotics_ITI/Day_11/install/setup.bash'
[4.501s] INFO:colcon.colcon_core.shell:Creating prefix script '/home/NightBaRron1412/Desktop/Robotics_ITI/Day_11/install/local_setup.zsh'
[4.502s] INFO:colcon.colcon_core.shell:Creating prefix chain script '/home/NightBaRron1412/Desktop/Robotics_ITI/Day_11/install/setup.zsh'
