[0.264s] DEBUG:colcon:Command line arguments: ['/usr/bin/colcon', 'build']
[0.264s] DEBUG:colcon:Parsed command line arguments: Namespace(log_base=None, log_level=None, verb_name='build', build_base='build', install_base='install', merge_install=False, symlink_install=False, test_result_base=None, continue_on_error=False, executor='parallel', parallel_workers=12, event_handlers=None, ignore_user_meta=False, metas=['./colcon.meta'], base_paths=['.'], packages_ignore=None, packages_ignore_regex=None, paths=None, packages_up_to=None, packages_up_to_regex=None, packages_above=None, packages_above_and_dependencies=None, packages_above_depth=None, packages_select_by_dep=None, packages_skip_by_dep=None, packages_skip_up_to=None, packages_select_build_failed=False, packages_skip_build_finished=False, packages_select_test_failures=False, packages_skip_test_passed=False, packages_select=None, packages_skip=None, packages_select_regex=None, packages_skip_regex=None, packages_start=None, packages_end=None, allow_overriding=[], cmake_args=None, cmake_target=None, cmake_target_skip_unavailable=False, cmake_clean_cache=False, cmake_clean_first=False, cmake_force_configure=False, ament_cmake_args=None, catkin_cmake_args=None, catkin_skip_building_tests=False, verb_parser=<colcon_defaults.argument_parser.defaults.DefaultArgumentsDecorator object at 0x7f188c0673d0>, verb_extension=<colcon_core.verb.build.BuildVerb object at 0x7f188c1fcaf0>, main=<bound method BuildVerb.main of <colcon_core.verb.build.BuildVerb object at 0x7f188c1fcaf0>>)
[0.283s] Level 1:colcon.colcon_core.package_discovery:discover_packages(colcon_meta) check parameters
[0.283s] Level 1:colcon.colcon_core.package_discovery:discover_packages(recursive) check parameters
[0.283s] Level 1:colcon.colcon_core.package_discovery:discover_packages(ignore) check parameters
[0.283s] Level 1:colcon.colcon_core.package_discovery:discover_packages(path) check parameters
[0.283s] Level 1:colcon.colcon_core.package_discovery:discover_packages(colcon_meta) discover
[0.283s] Level 1:colcon.colcon_core.package_discovery:discover_packages(recursive) discover
[0.284s] INFO:colcon.colcon_core.package_discovery:Crawling recursively for packages in '/home/NightBaRron1412/Desktop/Robotics_ITI/Day_7'
[0.284s] Level 1:colcon.colcon_core.package_identification:_identify(.) by extensions ['ignore', 'ignore_ament_install']
[0.284s] Level 1:colcon.colcon_core.package_identification:_identify(.) by extension 'ignore'
[0.284s] Level 1:colcon.colcon_core.package_identification:_identify(.) by extension 'ignore_ament_install'
[0.284s] Level 1:colcon.colcon_core.package_identification:_identify(.) by extensions ['colcon_pkg']
[0.284s] Level 1:colcon.colcon_core.package_identification:_identify(.) by extension 'colcon_pkg'
[0.284s] Level 1:colcon.colcon_core.package_identification:_identify(.) by extensions ['colcon_meta']
[0.284s] Level 1:colcon.colcon_core.package_identification:_identify(.) by extension 'colcon_meta'
[0.284s] Level 1:colcon.colcon_core.package_identification:_identify(.) by extensions ['ros']
[0.284s] Level 1:colcon.colcon_core.package_identification:_identify(.) by extension 'ros'
[0.300s] Level 1:colcon.colcon_core.package_identification:_identify(.) by extensions ['cmake', 'python']
[0.300s] Level 1:colcon.colcon_core.package_identification:_identify(.) by extension 'cmake'
[0.300s] Level 1:colcon.colcon_core.package_identification:_identify(.) by extension 'python'
[0.300s] Level 1:colcon.colcon_core.package_identification:_identify(.) by extensions ['python_setup_py']
[0.300s] Level 1:colcon.colcon_core.package_identification:_identify(.) by extension 'python_setup_py'
[0.300s] Level 1:colcon.colcon_core.package_identification:_identify(build) by extensions ['ignore', 'ignore_ament_install']
[0.300s] Level 1:colcon.colcon_core.package_identification:_identify(build) by extension 'ignore'
[0.300s] Level 1:colcon.colcon_core.package_identification:_identify(build) ignored
[0.300s] Level 1:colcon.colcon_core.package_identification:_identify(install) by extensions ['ignore', 'ignore_ament_install']
[0.300s] Level 1:colcon.colcon_core.package_identification:_identify(install) by extension 'ignore'
[0.300s] Level 1:colcon.colcon_core.package_identification:_identify(install) ignored
[0.300s] Level 1:colcon.colcon_core.package_identification:_identify(log) by extensions ['ignore', 'ignore_ament_install']
[0.300s] Level 1:colcon.colcon_core.package_identification:_identify(log) by extension 'ignore'
[0.300s] Level 1:colcon.colcon_core.package_identification:_identify(log) ignored
[0.301s] Level 1:colcon.colcon_core.package_identification:_identify(src) by extensions ['ignore', 'ignore_ament_install']
[0.301s] Level 1:colcon.colcon_core.package_identification:_identify(src) by extension 'ignore'
[0.301s] Level 1:colcon.colcon_core.package_identification:_identify(src) by extension 'ignore_ament_install'
[0.301s] Level 1:colcon.colcon_core.package_identification:_identify(src) by extensions ['colcon_pkg']
[0.301s] Level 1:colcon.colcon_core.package_identification:_identify(src) by extension 'colcon_pkg'
[0.301s] Level 1:colcon.colcon_core.package_identification:_identify(src) by extensions ['colcon_meta']
[0.301s] Level 1:colcon.colcon_core.package_identification:_identify(src) by extension 'colcon_meta'
[0.301s] Level 1:colcon.colcon_core.package_identification:_identify(src) by extensions ['ros']
[0.301s] Level 1:colcon.colcon_core.package_identification:_identify(src) by extension 'ros'
[0.301s] Level 1:colcon.colcon_core.package_identification:_identify(src) by extensions ['cmake', 'python']
[0.301s] Level 1:colcon.colcon_core.package_identification:_identify(src) by extension 'cmake'
[0.301s] Level 1:colcon.colcon_core.package_identification:_identify(src) by extension 'python'
[0.301s] Level 1:colcon.colcon_core.package_identification:_identify(src) by extensions ['python_setup_py']
[0.301s] Level 1:colcon.colcon_core.package_identification:_identify(src) by extension 'python_setup_py'
[0.301s] Level 1:colcon.colcon_core.package_identification:_identify(src/ITI_LAB1) by extensions ['ignore', 'ignore_ament_install']
[0.301s] Level 1:colcon.colcon_core.package_identification:_identify(src/ITI_LAB1) by extension 'ignore'
[0.301s] Level 1:colcon.colcon_core.package_identification:_identify(src/ITI_LAB1) by extension 'ignore_ament_install'
[0.301s] Level 1:colcon.colcon_core.package_identification:_identify(src/ITI_LAB1) by extensions ['colcon_pkg']
[0.301s] Level 1:colcon.colcon_core.package_identification:_identify(src/ITI_LAB1) by extension 'colcon_pkg'
[0.301s] Level 1:colcon.colcon_core.package_identification:_identify(src/ITI_LAB1) by extensions ['colcon_meta']
[0.301s] Level 1:colcon.colcon_core.package_identification:_identify(src/ITI_LAB1) by extension 'colcon_meta'
[0.301s] Level 1:colcon.colcon_core.package_identification:_identify(src/ITI_LAB1) by extensions ['ros']
[0.301s] Level 1:colcon.colcon_core.package_identification:_identify(src/ITI_LAB1) by extension 'ros'
[0.304s] DEBUG:colcon.colcon_core.package_identification:Package 'src/ITI_LAB1' with type 'ros.ament_python' and name 'ITI_LAB1'
[0.304s] Level 1:colcon.colcon_core.package_discovery:discover_packages(recursive) using defaults
[0.304s] Level 1:colcon.colcon_core.package_discovery:discover_packages(ignore) discover
[0.304s] Level 1:colcon.colcon_core.package_discovery:discover_packages(ignore) using defaults
[0.304s] Level 1:colcon.colcon_core.package_discovery:discover_packages(path) discover
[0.304s] Level 1:colcon.colcon_core.package_discovery:discover_packages(path) using defaults
[0.324s] Level 1:colcon.colcon_core.package_discovery:discover_packages(prefix_path) check parameters
[0.324s] Level 1:colcon.colcon_core.package_discovery:discover_packages(prefix_path) discover
[0.327s] DEBUG:colcon.colcon_installed_package_information.package_discovery:Found 289 installed packages in /opt/ros/humble
[0.328s] Level 1:colcon.colcon_core.package_discovery:discover_packages(prefix_path) using defaults
[0.384s] Level 5:colcon.colcon_core.verb:set package 'ITI_LAB1' build argument 'cmake_args' from command line to 'None'
[0.384s] Level 5:colcon.colcon_core.verb:set package 'ITI_LAB1' build argument 'cmake_target' from command line to 'None'
[0.384s] Level 5:colcon.colcon_core.verb:set package 'ITI_LAB1' build argument 'cmake_target_skip_unavailable' from command line to 'False'
[0.384s] Level 5:colcon.colcon_core.verb:set package 'ITI_LAB1' build argument 'cmake_clean_cache' from command line to 'False'
[0.384s] Level 5:colcon.colcon_core.verb:set package 'ITI_LAB1' build argument 'cmake_clean_first' from command line to 'False'
[0.384s] Level 5:colcon.colcon_core.verb:set package 'ITI_LAB1' build argument 'cmake_force_configure' from command line to 'False'
[0.384s] Level 5:colcon.colcon_core.verb:set package 'ITI_LAB1' build argument 'ament_cmake_args' from command line to 'None'
[0.384s] Level 5:colcon.colcon_core.verb:set package 'ITI_LAB1' build argument 'catkin_cmake_args' from command line to 'None'
[0.384s] Level 5:colcon.colcon_core.verb:set package 'ITI_LAB1' build argument 'catkin_skip_building_tests' from command line to 'False'
[0.385s] DEBUG:colcon.colcon_core.verb:Building package 'ITI_LAB1' with the following arguments: {'ament_cmake_args': None, 'build_base': '/home/NightBaRron1412/Desktop/Robotics_ITI/Day_7/build/ITI_LAB1', 'catkin_cmake_args': None, 'catkin_skip_building_tests': False, 'cmake_args': None, 'cmake_clean_cache': False, 'cmake_clean_first': False, 'cmake_force_configure': False, 'cmake_target': None, 'cmake_target_skip_unavailable': False, 'install_base': '/home/NightBaRron1412/Desktop/Robotics_ITI/Day_7/install/ITI_LAB1', 'merge_install': False, 'path': '/home/NightBaRron1412/Desktop/Robotics_ITI/Day_7/src/ITI_LAB1', 'symlink_install': False, 'test_result_base': None}
[0.385s] INFO:colcon.colcon_core.executor:Executing jobs using 'parallel' executor
[0.388s] DEBUG:colcon.colcon_parallel_executor.executor.parallel:run_until_complete
[0.388s] INFO:colcon.colcon_ros.task.ament_python.build:Building ROS package in '/home/NightBaRron1412/Desktop/Robotics_ITI/Day_7/src/ITI_LAB1' with build type 'ament_python'
[0.388s] Level 1:colcon.colcon_core.shell:create_environment_hook('ITI_LAB1', 'ament_prefix_path')
[0.392s] INFO:colcon.colcon_core.plugin_system:Skipping extension 'colcon_core.shell.bat': Not used on non-Windows systems
[0.392s] INFO:colcon.colcon_core.shell:Creating environment hook '/home/NightBaRron1412/Desktop/Robotics_ITI/Day_7/install/ITI_LAB1/share/ITI_LAB1/hook/ament_prefix_path.ps1'
[0.393s] INFO:colcon.colcon_core.shell:Creating environment descriptor '/home/NightBaRron1412/Desktop/Robotics_ITI/Day_7/install/ITI_LAB1/share/ITI_LAB1/hook/ament_prefix_path.dsv'
[0.393s] INFO:colcon.colcon_core.shell:Creating environment hook '/home/NightBaRron1412/Desktop/Robotics_ITI/Day_7/install/ITI_LAB1/share/ITI_LAB1/hook/ament_prefix_path.sh'
[0.394s] INFO:colcon.colcon_core.shell:Skip shell extension 'powershell' for command environment: Not usable outside of PowerShell
[0.395s] DEBUG:colcon.colcon_core.shell:Skip shell extension 'dsv' for command environment
[0.616s] INFO:colcon.colcon_core.task.python.build:Building Python package in '/home/NightBaRron1412/Desktop/Robotics_ITI/Day_7/src/ITI_LAB1'
[0.617s] INFO:colcon.colcon_core.shell:Skip shell extension 'powershell' for command environment: Not usable outside of PowerShell
[0.617s] DEBUG:colcon.colcon_core.shell:Skip shell extension 'dsv' for command environment
[0.932s] DEBUG:colcon.colcon_core.event_handler.log_command:Invoking command in '/home/NightBaRron1412/Desktop/Robotics_ITI/Day_7/src/ITI_LAB1': PYTHONPATH=/home/NightBaRron1412/Desktop/Robotics_ITI/Day_7/install/ITI_LAB1/lib/python3.10/site-packages:${PYTHONPATH} /usr/bin/python3 setup.py egg_info --egg-base ../../build/ITI_LAB1 build --build-base /home/NightBaRron1412/Desktop/Robotics_ITI/Day_7/build/ITI_LAB1/build install --prefix /home/NightBaRron1412/Desktop/Robotics_ITI/Day_7/install/ITI_LAB1 --record /home/NightBaRron1412/Desktop/Robotics_ITI/Day_7/build/ITI_LAB1/install.log --single-version-externally-managed
[1.211s] DEBUG:colcon.colcon_core.event_handler.log_command:Invoked command in '/home/NightBaRron1412/Desktop/Robotics_ITI/Day_7/src/ITI_LAB1' returned '0': PYTHONPATH=/home/NightBaRron1412/Desktop/Robotics_ITI/Day_7/install/ITI_LAB1/lib/python3.10/site-packages:${PYTHONPATH} /usr/bin/python3 setup.py egg_info --egg-base ../../build/ITI_LAB1 build --build-base /home/NightBaRron1412/Desktop/Robotics_ITI/Day_7/build/ITI_LAB1/build install --prefix /home/NightBaRron1412/Desktop/Robotics_ITI/Day_7/install/ITI_LAB1 --record /home/NightBaRron1412/Desktop/Robotics_ITI/Day_7/build/ITI_LAB1/install.log --single-version-externally-managed
[1.214s] Level 1:colcon.colcon_core.environment:checking '/home/NightBaRron1412/Desktop/Robotics_ITI/Day_7/install/ITI_LAB1' for CMake module files
[1.214s] Level 1:colcon.colcon_core.environment:checking '/home/NightBaRron1412/Desktop/Robotics_ITI/Day_7/install/ITI_LAB1' for CMake config files
[1.215s] Level 1:colcon.colcon_core.environment:checking '/home/NightBaRron1412/Desktop/Robotics_ITI/Day_7/install/ITI_LAB1/lib'
[1.215s] Level 1:colcon.colcon_core.environment:checking '/home/NightBaRron1412/Desktop/Robotics_ITI/Day_7/install/ITI_LAB1/bin'
[1.215s] Level 1:colcon.colcon_core.environment:checking '/home/NightBaRron1412/Desktop/Robotics_ITI/Day_7/install/ITI_LAB1/lib/pkgconfig/ITI_LAB1.pc'
[1.215s] Level 1:colcon.colcon_core.environment:checking '/home/NightBaRron1412/Desktop/Robotics_ITI/Day_7/install/ITI_LAB1/lib/python3.10/site-packages'
[1.215s] Level 1:colcon.colcon_core.shell:create_environment_hook('ITI_LAB1', 'pythonpath')
[1.216s] INFO:colcon.colcon_core.shell:Creating environment hook '/home/NightBaRron1412/Desktop/Robotics_ITI/Day_7/install/ITI_LAB1/share/ITI_LAB1/hook/pythonpath.ps1'
[1.217s] INFO:colcon.colcon_core.shell:Creating environment descriptor '/home/NightBaRron1412/Desktop/Robotics_ITI/Day_7/install/ITI_LAB1/share/ITI_LAB1/hook/pythonpath.dsv'
[1.217s] INFO:colcon.colcon_core.shell:Creating environment hook '/home/NightBaRron1412/Desktop/Robotics_ITI/Day_7/install/ITI_LAB1/share/ITI_LAB1/hook/pythonpath.sh'
[1.217s] Level 1:colcon.colcon_core.environment:checking '/home/NightBaRron1412/Desktop/Robotics_ITI/Day_7/install/ITI_LAB1/bin'
[1.218s] Level 1:colcon.colcon_core.environment:create_environment_scripts_only(ITI_LAB1)
[1.219s] INFO:colcon.colcon_core.shell:Creating package script '/home/NightBaRron1412/Desktop/Robotics_ITI/Day_7/install/ITI_LAB1/share/ITI_LAB1/package.ps1'
[1.219s] INFO:colcon.colcon_core.shell:Creating package descriptor '/home/NightBaRron1412/Desktop/Robotics_ITI/Day_7/install/ITI_LAB1/share/ITI_LAB1/package.dsv'
[1.220s] INFO:colcon.colcon_core.shell:Creating package script '/home/NightBaRron1412/Desktop/Robotics_ITI/Day_7/install/ITI_LAB1/share/ITI_LAB1/package.sh'
[1.220s] INFO:colcon.colcon_core.shell:Creating package script '/home/NightBaRron1412/Desktop/Robotics_ITI/Day_7/install/ITI_LAB1/share/ITI_LAB1/package.bash'
[1.221s] INFO:colcon.colcon_core.shell:Creating package script '/home/NightBaRron1412/Desktop/Robotics_ITI/Day_7/install/ITI_LAB1/share/ITI_LAB1/package.zsh'
[1.221s] Level 1:colcon.colcon_core.environment:create_file_with_runtime_dependencies(/home/NightBaRron1412/Desktop/Robotics_ITI/Day_7/install/ITI_LAB1/share/colcon-core/packages/ITI_LAB1)
[1.222s] DEBUG:colcon.colcon_parallel_executor.executor.parallel:closing loop
[1.222s] DEBUG:colcon.colcon_parallel_executor.executor.parallel:loop closed
[1.222s] DEBUG:colcon.colcon_parallel_executor.executor.parallel:run_until_complete finished with '0'
[1.222s] DEBUG:colcon.colcon_core.event_reactor:joining thread
[1.227s] INFO:colcon.colcon_core.plugin_system:Skipping extension 'colcon_notification.desktop_notification.terminal_notifier': Not used on non-Darwin systems
[1.227s] INFO:colcon.colcon_core.plugin_system:Skipping extension 'colcon_notification.desktop_notification.win32': Not used on non-Windows systems
[1.227s] INFO:colcon.colcon_notification.desktop_notification:Sending desktop notification using 'notify2'
[1.237s] DEBUG:colcon.colcon_core.event_reactor:joined thread
[1.238s] INFO:colcon.colcon_core.shell:Creating prefix script '/home/NightBaRron1412/Desktop/Robotics_ITI/Day_7/install/local_setup.ps1'
[1.239s] INFO:colcon.colcon_core.shell:Creating prefix util module '/home/NightBaRron1412/Desktop/Robotics_ITI/Day_7/install/_local_setup_util_ps1.py'
[1.240s] INFO:colcon.colcon_core.shell:Creating prefix chain script '/home/NightBaRron1412/Desktop/Robotics_ITI/Day_7/install/setup.ps1'
[1.241s] INFO:colcon.colcon_core.shell:Creating prefix script '/home/NightBaRron1412/Desktop/Robotics_ITI/Day_7/install/local_setup.sh'
[1.242s] INFO:colcon.colcon_core.shell:Creating prefix util module '/home/NightBaRron1412/Desktop/Robotics_ITI/Day_7/install/_local_setup_util_sh.py'
[1.242s] INFO:colcon.colcon_core.shell:Creating prefix chain script '/home/NightBaRron1412/Desktop/Robotics_ITI/Day_7/install/setup.sh'
[1.244s] INFO:colcon.colcon_core.shell:Creating prefix script '/home/NightBaRron1412/Desktop/Robotics_ITI/Day_7/install/local_setup.bash'
[1.244s] INFO:colcon.colcon_core.shell:Creating prefix chain script '/home/NightBaRron1412/Desktop/Robotics_ITI/Day_7/install/setup.bash'
[1.245s] INFO:colcon.colcon_core.shell:Creating prefix script '/home/NightBaRron1412/Desktop/Robotics_ITI/Day_7/install/local_setup.zsh'
[1.245s] INFO:colcon.colcon_core.shell:Creating prefix chain script '/home/NightBaRron1412/Desktop/Robotics_ITI/Day_7/install/setup.zsh'
