running egg_info
writing ../../build/iti_project1/iti_project1.egg-info/PKG-INFO
writing dependency_links to ../../build/iti_project1/iti_project1.egg-info/dependency_links.txt
writing entry points to ../../build/iti_project1/iti_project1.egg-info/entry_points.txt
writing requirements to ../../build/iti_project1/iti_project1.egg-info/requires.txt
writing top-level names to ../../build/iti_project1/iti_project1.egg-info/top_level.txt
reading manifest file '../../build/iti_project1/iti_project1.egg-info/SOURCES.txt'
writing manifest file '../../build/iti_project1/iti_project1.egg-info/SOURCES.txt'
running build
running build_py
/usr/lib/python3/dist-packages/setuptools/command/install.py:34: SetuptoolsDeprecationWarning: setup.py install is deprecated. Use build and pip and other standards-based tools.
  warnings.warn(
running install
running install_lib
running install_data
running install_egg_info
removing '/home/NightBaRron1412/Desktop/Robotics_ITI/Day_11/install/iti_project1/lib/python3.10/site-packages/iti_project1-0.0.0-py3.10.egg-info' (and everything under it)
Copying ../../build/iti_project1/iti_project1.egg-info to /home/NightBaRron1412/Desktop/Robotics_ITI/Day_11/install/iti_project1/lib/python3.10/site-packages/iti_project1-0.0.0-py3.10.egg-info
running install_scripts
Installing control_node script to /home/NightBaRron1412/Desktop/Robotics_ITI/Day_11/install/iti_project1/lib/iti_project1
Installing spawn_node script to /home/NightBaRron1412/Desktop/Robotics_ITI/Day_11/install/iti_project1/lib/iti_project1
writing list of installed files to '/home/NightBaRron1412/Desktop/Robotics_ITI/Day_11/build/iti_project1/install.log'
