[0.279s] DEBUG:colcon:Command line arguments: ['/usr/bin/colcon', 'build']
[0.279s] DEBUG:colcon:Parsed command line arguments: Namespace(log_base=None, log_level=None, verb_name='build', build_base='build', install_base='install', merge_install=False, symlink_install=False, test_result_base=None, continue_on_error=False, executor='parallel', parallel_workers=12, event_handlers=None, ignore_user_meta=False, metas=['./colcon.meta'], base_paths=['.'], packages_ignore=None, packages_ignore_regex=None, paths=None, packages_up_to=None, packages_up_to_regex=None, packages_above=None, packages_above_and_dependencies=None, packages_above_depth=None, packages_select_by_dep=None, packages_skip_by_dep=None, packages_skip_up_to=None, packages_select_build_failed=False, packages_skip_build_finished=False, packages_select_test_failures=False, packages_skip_test_passed=False, packages_select=None, packages_skip=None, packages_select_regex=None, packages_skip_regex=None, packages_start=None, packages_end=None, allow_overriding=[], cmake_args=None, cmake_target=None, cmake_target_skip_unavailable=False, cmake_clean_cache=False, cmake_clean_first=False, cmake_force_configure=False, ament_cmake_args=None, catkin_cmake_args=None, catkin_skip_building_tests=False, verb_parser=<colcon_defaults.argument_parser.defaults.DefaultArgumentsDecorator object at 0x7f46d481f1c0>, verb_extension=<colcon_core.verb.build.BuildVerb object at 0x7f46d51b6b00>, main=<bound method BuildVerb.main of <colcon_core.verb.build.BuildVerb object at 0x7f46d51b6b00>>)
[0.299s] Level 1:colcon.colcon_core.package_discovery:discover_packages(colcon_meta) check parameters
[0.299s] Level 1:colcon.colcon_core.package_discovery:discover_packages(recursive) check parameters
[0.299s] Level 1:colcon.colcon_core.package_discovery:discover_packages(ignore) check parameters
[0.299s] Level 1:colcon.colcon_core.package_discovery:discover_packages(path) check parameters
[0.299s] Level 1:colcon.colcon_core.package_discovery:discover_packages(colcon_meta) discover
[0.300s] Level 1:colcon.colcon_core.package_discovery:discover_packages(recursive) discover
[0.300s] INFO:colcon.colcon_core.package_discovery:Crawling recursively for packages in '/home/NightBaRron1412/Desktop/Robotics_ITI/Day_8'
[0.300s] Level 1:colcon.colcon_core.package_identification:_identify(.) by extensions ['ignore', 'ignore_ament_install']
[0.300s] Level 1:colcon.colcon_core.package_identification:_identify(.) by extension 'ignore'
[0.300s] Level 1:colcon.colcon_core.package_identification:_identify(.) by extension 'ignore_ament_install'
[0.300s] Level 1:colcon.colcon_core.package_identification:_identify(.) by extensions ['colcon_pkg']
[0.300s] Level 1:colcon.colcon_core.package_identification:_identify(.) by extension 'colcon_pkg'
[0.300s] Level 1:colcon.colcon_core.package_identification:_identify(.) by extensions ['colcon_meta']
[0.300s] Level 1:colcon.colcon_core.package_identification:_identify(.) by extension 'colcon_meta'
[0.300s] Level 1:colcon.colcon_core.package_identification:_identify(.) by extensions ['ros']
[0.300s] Level 1:colcon.colcon_core.package_identification:_identify(.) by extension 'ros'
[0.318s] Level 1:colcon.colcon_core.package_identification:_identify(.) by extensions ['cmake', 'python']
[0.318s] Level 1:colcon.colcon_core.package_identification:_identify(.) by extension 'cmake'
[0.318s] Level 1:colcon.colcon_core.package_identification:_identify(.) by extension 'python'
[0.318s] Level 1:colcon.colcon_core.package_identification:_identify(.) by extensions ['python_setup_py']
[0.318s] Level 1:colcon.colcon_core.package_identification:_identify(.) by extension 'python_setup_py'
[0.319s] Level 1:colcon.colcon_core.package_identification:_identify(build) by extensions ['ignore', 'ignore_ament_install']
[0.319s] Level 1:colcon.colcon_core.package_identification:_identify(build) by extension 'ignore'
[0.319s] Level 1:colcon.colcon_core.package_identification:_identify(build) ignored
[0.319s] Level 1:colcon.colcon_core.package_identification:_identify(install) by extensions ['ignore', 'ignore_ament_install']
[0.319s] Level 1:colcon.colcon_core.package_identification:_identify(install) by extension 'ignore'
[0.319s] Level 1:colcon.colcon_core.package_identification:_identify(install) ignored
[0.319s] Level 1:colcon.colcon_core.package_identification:_identify(log) by extensions ['ignore', 'ignore_ament_install']
[0.319s] Level 1:colcon.colcon_core.package_identification:_identify(log) by extension 'ignore'
[0.319s] Level 1:colcon.colcon_core.package_identification:_identify(log) ignored
[0.319s] Level 1:colcon.colcon_core.package_identification:_identify(src) by extensions ['ignore', 'ignore_ament_install']
[0.319s] Level 1:colcon.colcon_core.package_identification:_identify(src) by extension 'ignore'
[0.319s] Level 1:colcon.colcon_core.package_identification:_identify(src) by extension 'ignore_ament_install'
[0.319s] Level 1:colcon.colcon_core.package_identification:_identify(src) by extensions ['colcon_pkg']
[0.319s] Level 1:colcon.colcon_core.package_identification:_identify(src) by extension 'colcon_pkg'
[0.319s] Level 1:colcon.colcon_core.package_identification:_identify(src) by extensions ['colcon_meta']
[0.319s] Level 1:colcon.colcon_core.package_identification:_identify(src) by extension 'colcon_meta'
[0.319s] Level 1:colcon.colcon_core.package_identification:_identify(src) by extensions ['ros']
[0.319s] Level 1:colcon.colcon_core.package_identification:_identify(src) by extension 'ros'
[0.320s] Level 1:colcon.colcon_core.package_identification:_identify(src) by extensions ['cmake', 'python']
[0.320s] Level 1:colcon.colcon_core.package_identification:_identify(src) by extension 'cmake'
[0.320s] Level 1:colcon.colcon_core.package_identification:_identify(src) by extension 'python'
[0.320s] Level 1:colcon.colcon_core.package_identification:_identify(src) by extensions ['python_setup_py']
[0.320s] Level 1:colcon.colcon_core.package_identification:_identify(src) by extension 'python_setup_py'
[0.320s] Level 1:colcon.colcon_core.package_identification:_identify(src/ITI_LAB2) by extensions ['ignore', 'ignore_ament_install']
[0.320s] Level 1:colcon.colcon_core.package_identification:_identify(src/ITI_LAB2) by extension 'ignore'
[0.320s] Level 1:colcon.colcon_core.package_identification:_identify(src/ITI_LAB2) by extension 'ignore_ament_install'
[0.320s] Level 1:colcon.colcon_core.package_identification:_identify(src/ITI_LAB2) by extensions ['colcon_pkg']
[0.320s] Level 1:colcon.colcon_core.package_identification:_identify(src/ITI_LAB2) by extension 'colcon_pkg'
[0.320s] Level 1:colcon.colcon_core.package_identification:_identify(src/ITI_LAB2) by extensions ['colcon_meta']
[0.320s] Level 1:colcon.colcon_core.package_identification:_identify(src/ITI_LAB2) by extension 'colcon_meta'
[0.320s] Level 1:colcon.colcon_core.package_identification:_identify(src/ITI_LAB2) by extensions ['ros']
[0.320s] Level 1:colcon.colcon_core.package_identification:_identify(src/ITI_LAB2) by extension 'ros'
[0.322s] DEBUG:colcon.colcon_core.package_identification:Package 'src/ITI_LAB2' with type 'ros.ament_python' and name 'ITI_LAB2'
[0.322s] Level 1:colcon.colcon_core.package_discovery:discover_packages(recursive) using defaults
[0.322s] Level 1:colcon.colcon_core.package_discovery:discover_packages(ignore) discover
[0.322s] Level 1:colcon.colcon_core.package_discovery:discover_packages(ignore) using defaults
[0.322s] Level 1:colcon.colcon_core.package_discovery:discover_packages(path) discover
[0.322s] Level 1:colcon.colcon_core.package_discovery:discover_packages(path) using defaults
[0.344s] Level 1:colcon.colcon_core.package_discovery:discover_packages(prefix_path) check parameters
[0.344s] Level 1:colcon.colcon_core.package_discovery:discover_packages(prefix_path) discover
[0.346s] DEBUG:colcon.colcon_installed_package_information.package_discovery:Found 1 installed packages in /home/NightBaRron1412/Desktop/Robotics_ITI/Day_8/install
[0.348s] DEBUG:colcon.colcon_installed_package_information.package_discovery:Found 289 installed packages in /opt/ros/humble
[0.349s] Level 1:colcon.colcon_core.package_discovery:discover_packages(prefix_path) using defaults
[0.407s] Level 5:colcon.colcon_core.verb:set package 'ITI_LAB2' build argument 'cmake_args' from command line to 'None'
[0.407s] Level 5:colcon.colcon_core.verb:set package 'ITI_LAB2' build argument 'cmake_target' from command line to 'None'
[0.407s] Level 5:colcon.colcon_core.verb:set package 'ITI_LAB2' build argument 'cmake_target_skip_unavailable' from command line to 'False'
[0.407s] Level 5:colcon.colcon_core.verb:set package 'ITI_LAB2' build argument 'cmake_clean_cache' from command line to 'False'
[0.407s] Level 5:colcon.colcon_core.verb:set package 'ITI_LAB2' build argument 'cmake_clean_first' from command line to 'False'
[0.407s] Level 5:colcon.colcon_core.verb:set package 'ITI_LAB2' build argument 'cmake_force_configure' from command line to 'False'
[0.407s] Level 5:colcon.colcon_core.verb:set package 'ITI_LAB2' build argument 'ament_cmake_args' from command line to 'None'
[0.407s] Level 5:colcon.colcon_core.verb:set package 'ITI_LAB2' build argument 'catkin_cmake_args' from command line to 'None'
[0.407s] Level 5:colcon.colcon_core.verb:set package 'ITI_LAB2' build argument 'catkin_skip_building_tests' from command line to 'False'
[0.408s] DEBUG:colcon.colcon_core.verb:Building package 'ITI_LAB2' with the following arguments: {'ament_cmake_args': None, 'build_base': '/home/NightBaRron1412/Desktop/Robotics_ITI/Day_8/build/ITI_LAB2', 'catkin_cmake_args': None, 'catkin_skip_building_tests': False, 'cmake_args': None, 'cmake_clean_cache': False, 'cmake_clean_first': False, 'cmake_force_configure': False, 'cmake_target': None, 'cmake_target_skip_unavailable': False, 'install_base': '/home/NightBaRron1412/Desktop/Robotics_ITI/Day_8/install/ITI_LAB2', 'merge_install': False, 'path': '/home/NightBaRron1412/Desktop/Robotics_ITI/Day_8/src/ITI_LAB2', 'symlink_install': False, 'test_result_base': None}
[0.408s] INFO:colcon.colcon_core.executor:Executing jobs using 'parallel' executor
[0.412s] DEBUG:colcon.colcon_parallel_executor.executor.parallel:run_until_complete
[0.412s] INFO:colcon.colcon_ros.task.ament_python.build:Building ROS package in '/home/NightBaRron1412/Desktop/Robotics_ITI/Day_8/src/ITI_LAB2' with build type 'ament_python'
[0.412s] Level 1:colcon.colcon_core.shell:create_environment_hook('ITI_LAB2', 'ament_prefix_path')
[0.416s] INFO:colcon.colcon_core.plugin_system:Skipping extension 'colcon_core.shell.bat': Not used on non-Windows systems
[0.416s] INFO:colcon.colcon_core.shell:Creating environment hook '/home/NightBaRron1412/Desktop/Robotics_ITI/Day_8/install/ITI_LAB2/share/ITI_LAB2/hook/ament_prefix_path.ps1'
[0.416s] INFO:colcon.colcon_core.shell:Creating environment descriptor '/home/NightBaRron1412/Desktop/Robotics_ITI/Day_8/install/ITI_LAB2/share/ITI_LAB2/hook/ament_prefix_path.dsv'
[0.417s] INFO:colcon.colcon_core.shell:Creating environment hook '/home/NightBaRron1412/Desktop/Robotics_ITI/Day_8/install/ITI_LAB2/share/ITI_LAB2/hook/ament_prefix_path.sh'
[0.418s] INFO:colcon.colcon_core.shell:Skip shell extension 'powershell' for command environment: Not usable outside of PowerShell
[0.418s] DEBUG:colcon.colcon_core.shell:Skip shell extension 'dsv' for command environment
[0.647s] INFO:colcon.colcon_core.task.python.build:Building Python package in '/home/NightBaRron1412/Desktop/Robotics_ITI/Day_8/src/ITI_LAB2'
[0.648s] INFO:colcon.colcon_core.shell:Skip shell extension 'powershell' for command environment: Not usable outside of PowerShell
[0.648s] DEBUG:colcon.colcon_core.shell:Skip shell extension 'dsv' for command environment
[0.949s] DEBUG:colcon.colcon_core.event_handler.log_command:Invoking command in '/home/NightBaRron1412/Desktop/Robotics_ITI/Day_8/src/ITI_LAB2': PYTHONPATH=/home/NightBaRron1412/Desktop/Robotics_ITI/Day_8/install/ITI_LAB2/lib/python3.10/site-packages:${PYTHONPATH} /usr/bin/python3 setup.py egg_info --egg-base ../../build/ITI_LAB2 build --build-base /home/NightBaRron1412/Desktop/Robotics_ITI/Day_8/build/ITI_LAB2/build install --prefix /home/NightBaRron1412/Desktop/Robotics_ITI/Day_8/install/ITI_LAB2 --record /home/NightBaRron1412/Desktop/Robotics_ITI/Day_8/build/ITI_LAB2/install.log --single-version-externally-managed
[1.221s] DEBUG:colcon.colcon_core.event_handler.log_command:Invoked command in '/home/NightBaRron1412/Desktop/Robotics_ITI/Day_8/src/ITI_LAB2' returned '0': PYTHONPATH=/home/NightBaRron1412/Desktop/Robotics_ITI/Day_8/install/ITI_LAB2/lib/python3.10/site-packages:${PYTHONPATH} /usr/bin/python3 setup.py egg_info --egg-base ../../build/ITI_LAB2 build --build-base /home/NightBaRron1412/Desktop/Robotics_ITI/Day_8/build/ITI_LAB2/build install --prefix /home/NightBaRron1412/Desktop/Robotics_ITI/Day_8/install/ITI_LAB2 --record /home/NightBaRron1412/Desktop/Robotics_ITI/Day_8/build/ITI_LAB2/install.log --single-version-externally-managed
[1.224s] Level 1:colcon.colcon_core.environment:checking '/home/NightBaRron1412/Desktop/Robotics_ITI/Day_8/install/ITI_LAB2' for CMake module files
[1.224s] Level 1:colcon.colcon_core.environment:checking '/home/NightBaRron1412/Desktop/Robotics_ITI/Day_8/install/ITI_LAB2' for CMake config files
[1.225s] Level 1:colcon.colcon_core.environment:checking '/home/NightBaRron1412/Desktop/Robotics_ITI/Day_8/install/ITI_LAB2/lib'
[1.225s] Level 1:colcon.colcon_core.environment:checking '/home/NightBaRron1412/Desktop/Robotics_ITI/Day_8/install/ITI_LAB2/bin'
[1.225s] Level 1:colcon.colcon_core.environment:checking '/home/NightBaRron1412/Desktop/Robotics_ITI/Day_8/install/ITI_LAB2/lib/pkgconfig/ITI_LAB2.pc'
[1.225s] Level 1:colcon.colcon_core.environment:checking '/home/NightBaRron1412/Desktop/Robotics_ITI/Day_8/install/ITI_LAB2/lib/python3.10/site-packages'
[1.225s] Level 1:colcon.colcon_core.shell:create_environment_hook('ITI_LAB2', 'pythonpath')
[1.227s] INFO:colcon.colcon_core.shell:Creating environment hook '/home/NightBaRron1412/Desktop/Robotics_ITI/Day_8/install/ITI_LAB2/share/ITI_LAB2/hook/pythonpath.ps1'
[1.227s] INFO:colcon.colcon_core.shell:Creating environment descriptor '/home/NightBaRron1412/Desktop/Robotics_ITI/Day_8/install/ITI_LAB2/share/ITI_LAB2/hook/pythonpath.dsv'
[1.227s] INFO:colcon.colcon_core.shell:Creating environment hook '/home/NightBaRron1412/Desktop/Robotics_ITI/Day_8/install/ITI_LAB2/share/ITI_LAB2/hook/pythonpath.sh'
[1.228s] Level 1:colcon.colcon_core.environment:checking '/home/NightBaRron1412/Desktop/Robotics_ITI/Day_8/install/ITI_LAB2/bin'
[1.228s] Level 1:colcon.colcon_core.environment:create_environment_scripts_only(ITI_LAB2)
[1.229s] INFO:colcon.colcon_core.shell:Creating package script '/home/NightBaRron1412/Desktop/Robotics_ITI/Day_8/install/ITI_LAB2/share/ITI_LAB2/package.ps1'
[1.230s] INFO:colcon.colcon_core.shell:Creating package descriptor '/home/NightBaRron1412/Desktop/Robotics_ITI/Day_8/install/ITI_LAB2/share/ITI_LAB2/package.dsv'
[1.230s] INFO:colcon.colcon_core.shell:Creating package script '/home/NightBaRron1412/Desktop/Robotics_ITI/Day_8/install/ITI_LAB2/share/ITI_LAB2/package.sh'
[1.231s] INFO:colcon.colcon_core.shell:Creating package script '/home/NightBaRron1412/Desktop/Robotics_ITI/Day_8/install/ITI_LAB2/share/ITI_LAB2/package.bash'
[1.232s] INFO:colcon.colcon_core.shell:Creating package script '/home/NightBaRron1412/Desktop/Robotics_ITI/Day_8/install/ITI_LAB2/share/ITI_LAB2/package.zsh'
[1.233s] Level 1:colcon.colcon_core.environment:create_file_with_runtime_dependencies(/home/NightBaRron1412/Desktop/Robotics_ITI/Day_8/install/ITI_LAB2/share/colcon-core/packages/ITI_LAB2)
[1.233s] DEBUG:colcon.colcon_parallel_executor.executor.parallel:closing loop
[1.234s] DEBUG:colcon.colcon_parallel_executor.executor.parallel:loop closed
[1.234s] DEBUG:colcon.colcon_parallel_executor.executor.parallel:run_until_complete finished with '0'
[1.234s] DEBUG:colcon.colcon_core.event_reactor:joining thread
[1.239s] INFO:colcon.colcon_core.plugin_system:Skipping extension 'colcon_notification.desktop_notification.terminal_notifier': Not used on non-Darwin systems
[1.239s] INFO:colcon.colcon_core.plugin_system:Skipping extension 'colcon_notification.desktop_notification.win32': Not used on non-Windows systems
[1.239s] INFO:colcon.colcon_notification.desktop_notification:Sending desktop notification using 'notify2'
[1.250s] DEBUG:colcon.colcon_core.event_reactor:joined thread
[1.252s] INFO:colcon.colcon_core.shell:Creating prefix script '/home/NightBaRron1412/Desktop/Robotics_ITI/Day_8/install/local_setup.ps1'
[1.253s] INFO:colcon.colcon_core.shell:Creating prefix util module '/home/NightBaRron1412/Desktop/Robotics_ITI/Day_8/install/_local_setup_util_ps1.py'
[1.254s] INFO:colcon.colcon_core.shell:Creating prefix chain script '/home/NightBaRron1412/Desktop/Robotics_ITI/Day_8/install/setup.ps1'
[1.256s] INFO:colcon.colcon_core.shell:Creating prefix script '/home/NightBaRron1412/Desktop/Robotics_ITI/Day_8/install/local_setup.sh'
[1.256s] INFO:colcon.colcon_core.shell:Creating prefix util module '/home/NightBaRron1412/Desktop/Robotics_ITI/Day_8/install/_local_setup_util_sh.py'
[1.257s] INFO:colcon.colcon_core.shell:Creating prefix chain script '/home/NightBaRron1412/Desktop/Robotics_ITI/Day_8/install/setup.sh'
[1.259s] INFO:colcon.colcon_core.shell:Creating prefix script '/home/NightBaRron1412/Desktop/Robotics_ITI/Day_8/install/local_setup.bash'
[1.260s] INFO:colcon.colcon_core.shell:Creating prefix chain script '/home/NightBaRron1412/Desktop/Robotics_ITI/Day_8/install/setup.bash'
[1.262s] INFO:colcon.colcon_core.shell:Creating prefix script '/home/NightBaRron1412/Desktop/Robotics_ITI/Day_8/install/local_setup.zsh'
[1.263s] INFO:colcon.colcon_core.shell:Creating prefix chain script '/home/NightBaRron1412/Desktop/Robotics_ITI/Day_8/install/setup.zsh'
