running develop
/usr/lib/python3/dist-packages/setuptools/command/easy_install.py:158: EasyInstallDeprecationWarning: easy_install command is deprecated. Use build and pip and other standards-based tools.
  warnings.warn(
/usr/lib/python3/dist-packages/setuptools/command/install.py:34: SetuptoolsDeprecationWarning: setup.py install is deprecated. Use build and pip and other standards-based tools.
  warnings.warn(
/usr/lib/python3/dist-packages/pkg_resources/__init__.py:116: PkgResourcesDeprecationWarning: 0.1.43ubuntu1 is an invalid version and will not be supported in a future release
  warnings.warn(
/usr/lib/python3/dist-packages/pkg_resources/__init__.py:116: PkgResourcesDeprecationWarning: 1.1build1 is an invalid version and will not be supported in a future release
  warnings.warn(
running egg_info
writing tf_lab_t2.egg-info/PKG-INFO
writing dependency_links to tf_lab_t2.egg-info/dependency_links.txt
writing entry points to tf_lab_t2.egg-info/entry_points.txt
writing requirements to tf_lab_t2.egg-info/requires.txt
writing top-level names to tf_lab_t2.egg-info/top_level.txt
reading manifest file 'tf_lab_t2.egg-info/SOURCES.txt'
writing manifest file 'tf_lab_t2.egg-info/SOURCES.txt'
running build_ext
Creating /home/NightBaRron1412/Desktop/Robotics_ITI/Day_12/install/tf_lab_t2/lib/python3.10/site-packages/tf-lab-t2.egg-link (link to .)
Installing frame_pub script to /home/NightBaRron1412/Desktop/Robotics_ITI/Day_12/install/tf_lab_t2/lib/tf_lab_t2

Installed /home/NightBaRron1412/Desktop/Robotics_ITI/Day_12/build/tf_lab_t2
running install_data
