[0.614s] Invoking command in '/home/NightBaRron1412/Desktop/Robotics_ITI/Day_12/build/tf_lab_t2': PYTHONPATH=/home/NightBaRron1412/Desktop/Robotics_ITI/Day_12/install/tf_lab_t2/lib/python3.10/site-packages:${PYTHONPATH} /usr/bin/python3 setup.py develop --prefix /home/NightBaRron1412/Desktop/Robotics_ITI/Day_12/install/tf_lab_t2 --editable --build-directory /home/NightBaRron1412/Desktop/Robotics_ITI/Day_12/build/tf_lab_t2/build --no-deps install_data --install-dir /home/NightBaRron1412/Desktop/Robotics_ITI/Day_12/install/tf_lab_t2
[0.883s] running develop
[0.930s] /usr/lib/python3/dist-packages/setuptools/command/easy_install.py:158: EasyInstallDeprecationWarning: easy_install command is deprecated. Use build and pip and other standards-based tools.
[0.931s]   warnings.warn(
[0.933s] /usr/lib/python3/dist-packages/setuptools/command/install.py:34: SetuptoolsDeprecationWarning: setup.py install is deprecated. Use build and pip and other standards-based tools.
[0.933s]   warnings.warn(
[1.067s] /usr/lib/python3/dist-packages/pkg_resources/__init__.py:116: PkgResourcesDeprecationWarning: 0.1.43ubuntu1 is an invalid version and will not be supported in a future release
[1.067s]   warnings.warn(
[1.069s] /usr/lib/python3/dist-packages/pkg_resources/__init__.py:116: PkgResourcesDeprecationWarning: 1.1build1 is an invalid version and will not be supported in a future release
[1.069s]   warnings.warn(
[1.228s] running egg_info
[1.229s] writing tf_lab_t2.egg-info/PKG-INFO
[1.229s] writing dependency_links to tf_lab_t2.egg-info/dependency_links.txt
[1.229s] writing entry points to tf_lab_t2.egg-info/entry_points.txt
[1.229s] writing requirements to tf_lab_t2.egg-info/requires.txt
[1.229s] writing top-level names to tf_lab_t2.egg-info/top_level.txt
[1.232s] reading manifest file 'tf_lab_t2.egg-info/SOURCES.txt'
[1.232s] writing manifest file 'tf_lab_t2.egg-info/SOURCES.txt'
[1.233s] running build_ext
[1.234s] Creating /home/NightBaRron1412/Desktop/Robotics_ITI/Day_12/install/tf_lab_t2/lib/python3.10/site-packages/tf-lab-t2.egg-link (link to .)
[1.234s] Installing frame_pub script to /home/NightBaRron1412/Desktop/Robotics_ITI/Day_12/install/tf_lab_t2/lib/tf_lab_t2
[1.235s] 
[1.235s] Installed /home/NightBaRron1412/Desktop/Robotics_ITI/Day_12/build/tf_lab_t2
[1.235s] running install_data
[1.259s] Invoked command in '/home/NightBaRron1412/Desktop/Robotics_ITI/Day_12/build/tf_lab_t2' returned '0': PYTHONPATH=/home/NightBaRron1412/Desktop/Robotics_ITI/Day_12/install/tf_lab_t2/lib/python3.10/site-packages:${PYTHONPATH} /usr/bin/python3 setup.py develop --prefix /home/NightBaRron1412/Desktop/Robotics_ITI/Day_12/install/tf_lab_t2 --editable --build-directory /home/NightBaRron1412/Desktop/Robotics_ITI/Day_12/build/tf_lab_t2/build --no-deps install_data --install-dir /home/NightBaRron1412/Desktop/Robotics_ITI/Day_12/install/tf_lab_t2
