running egg_info
creating ../../build/pid_controller/pid_controller.egg-info
writing ../../build/pid_controller/pid_controller.egg-info/PKG-INFO
writing dependency_links to ../../build/pid_controller/pid_controller.egg-info/dependency_links.txt
writing entry points to ../../build/pid_controller/pid_controller.egg-info/entry_points.txt
writing requirements to ../../build/pid_controller/pid_controller.egg-info/requires.txt
writing top-level names to ../../build/pid_controller/pid_controller.egg-info/top_level.txt
writing manifest file '../../build/pid_controller/pid_controller.egg-info/SOURCES.txt'
reading manifest file '../../build/pid_controller/pid_controller.egg-info/SOURCES.txt'
writing manifest file '../../build/pid_controller/pid_controller.egg-info/SOURCES.txt'
running build
running build_py
creating /home/NightBaRron1412/Desktop/Robotics_ITI/iti_ws/build/pid_controller/build
creating /home/NightBaRron1412/Desktop/Robotics_ITI/iti_ws/build/pid_controller/build/lib
creating /home/NightBaRron1412/Desktop/Robotics_ITI/iti_ws/build/pid_controller/build/lib/pid_controller
copying pid_controller/__init__.py -> /home/NightBaRron1412/Desktop/Robotics_ITI/iti_ws/build/pid_controller/build/lib/pid_controller
copying pid_controller/pid_control.py -> /home/NightBaRron1412/Desktop/Robotics_ITI/iti_ws/build/pid_controller/build/lib/pid_controller
running install
/usr/lib/python3/dist-packages/setuptools/command/install.py:34: SetuptoolsDeprecationWarning: setup.py install is deprecated. Use build and pip and other standards-based tools.
  warnings.warn(
running install_lib
creating /home/NightBaRron1412/Desktop/Robotics_ITI/iti_ws/install/pid_controller/lib/python3.10/site-packages/pid_controller
copying /home/NightBaRron1412/Desktop/Robotics_ITI/iti_ws/build/pid_controller/build/lib/pid_controller/__init__.py -> /home/NightBaRron1412/Desktop/Robotics_ITI/iti_ws/install/pid_controller/lib/python3.10/site-packages/pid_controller
copying /home/NightBaRron1412/Desktop/Robotics_ITI/iti_ws/build/pid_controller/build/lib/pid_controller/pid_control.py -> /home/NightBaRron1412/Desktop/Robotics_ITI/iti_ws/install/pid_controller/lib/python3.10/site-packages/pid_controller
byte-compiling /home/NightBaRron1412/Desktop/Robotics_ITI/iti_ws/install/pid_controller/lib/python3.10/site-packages/pid_controller/__init__.py to __init__.cpython-310.pyc
byte-compiling /home/NightBaRron1412/Desktop/Robotics_ITI/iti_ws/install/pid_controller/lib/python3.10/site-packages/pid_controller/pid_control.py to pid_control.cpython-310.pyc
running install_data
creating /home/NightBaRron1412/Desktop/Robotics_ITI/iti_ws/install/pid_controller/share/ament_index
creating /home/NightBaRron1412/Desktop/Robotics_ITI/iti_ws/install/pid_controller/share/ament_index/resource_index
creating /home/NightBaRron1412/Desktop/Robotics_ITI/iti_ws/install/pid_controller/share/ament_index/resource_index/packages
copying resource/pid_controller -> /home/NightBaRron1412/Desktop/Robotics_ITI/iti_ws/install/pid_controller/share/ament_index/resource_index/packages
copying package.xml -> /home/NightBaRron1412/Desktop/Robotics_ITI/iti_ws/install/pid_controller/share/pid_controller
running install_egg_info
Copying ../../build/pid_controller/pid_controller.egg-info to /home/NightBaRron1412/Desktop/Robotics_ITI/iti_ws/install/pid_controller/lib/python3.10/site-packages/pid_controller-0.0.0-py3.10.egg-info
running install_scripts
writing list of installed files to '/home/NightBaRron1412/Desktop/Robotics_ITI/iti_ws/build/pid_controller/install.log'
