running egg_info
creating ../../build/ITI_LAB3/ITI_LAB3.egg-info
writing ../../build/ITI_LAB3/ITI_LAB3.egg-info/PKG-INFO
writing dependency_links to ../../build/ITI_LAB3/ITI_LAB3.egg-info/dependency_links.txt
writing entry points to ../../build/ITI_LAB3/ITI_LAB3.egg-info/entry_points.txt
writing requirements to ../../build/ITI_LAB3/ITI_LAB3.egg-info/requires.txt
writing top-level names to ../../build/ITI_LAB3/ITI_LAB3.egg-info/top_level.txt
writing manifest file '../../build/ITI_LAB3/ITI_LAB3.egg-info/SOURCES.txt'
reading manifest file '../../build/ITI_LAB3/ITI_LAB3.egg-info/SOURCES.txt'
writing manifest file '../../build/ITI_LAB3/ITI_LAB3.egg-info/SOURCES.txt'
running build
running build_py
creating /home/NightBaRron1412/Desktop/Robotics_ITI/Day_9/build/ITI_LAB3/build
creating /home/NightBaRron1412/Desktop/Robotics_ITI/Day_9/build/ITI_LAB3/build/lib
creating /home/NightBaRron1412/Desktop/Robotics_ITI/Day_9/build/ITI_LAB3/build/lib/ITI_LAB3
copying ITI_LAB3/__init__.py -> /home/NightBaRron1412/Desktop/Robotics_ITI/Day_9/build/ITI_LAB3/build/lib/ITI_LAB3
copying ITI_LAB3/Int_publisher.py -> /home/NightBaRron1412/Desktop/Robotics_ITI/Day_9/build/ITI_LAB3/build/lib/ITI_LAB3
copying ITI_LAB3/number_counter.py -> /home/NightBaRron1412/Desktop/Robotics_ITI/Day_9/build/ITI_LAB3/build/lib/ITI_LAB3
copying ITI_LAB3/reset_client.py -> /home/NightBaRron1412/Desktop/Robotics_ITI/Day_9/build/ITI_LAB3/build/lib/ITI_LAB3
running install
/usr/lib/python3/dist-packages/setuptools/command/install.py:34: SetuptoolsDeprecationWarning: setup.py install is deprecated. Use build and pip and other standards-based tools.
  warnings.warn(
running install_lib
creating /home/NightBaRron1412/Desktop/Robotics_ITI/Day_9/install/ITI_LAB3/lib/python3.10/site-packages/ITI_LAB3
copying /home/NightBaRron1412/Desktop/Robotics_ITI/Day_9/build/ITI_LAB3/build/lib/ITI_LAB3/__init__.py -> /home/NightBaRron1412/Desktop/Robotics_ITI/Day_9/install/ITI_LAB3/lib/python3.10/site-packages/ITI_LAB3
copying /home/NightBaRron1412/Desktop/Robotics_ITI/Day_9/build/ITI_LAB3/build/lib/ITI_LAB3/Int_publisher.py -> /home/NightBaRron1412/Desktop/Robotics_ITI/Day_9/install/ITI_LAB3/lib/python3.10/site-packages/ITI_LAB3
copying /home/NightBaRron1412/Desktop/Robotics_ITI/Day_9/build/ITI_LAB3/build/lib/ITI_LAB3/number_counter.py -> /home/NightBaRron1412/Desktop/Robotics_ITI/Day_9/install/ITI_LAB3/lib/python3.10/site-packages/ITI_LAB3
copying /home/NightBaRron1412/Desktop/Robotics_ITI/Day_9/build/ITI_LAB3/build/lib/ITI_LAB3/reset_client.py -> /home/NightBaRron1412/Desktop/Robotics_ITI/Day_9/install/ITI_LAB3/lib/python3.10/site-packages/ITI_LAB3
byte-compiling /home/NightBaRron1412/Desktop/Robotics_ITI/Day_9/install/ITI_LAB3/lib/python3.10/site-packages/ITI_LAB3/__init__.py to __init__.cpython-310.pyc
byte-compiling /home/NightBaRron1412/Desktop/Robotics_ITI/Day_9/install/ITI_LAB3/lib/python3.10/site-packages/ITI_LAB3/Int_publisher.py to Int_publisher.cpython-310.pyc
byte-compiling /home/NightBaRron1412/Desktop/Robotics_ITI/Day_9/install/ITI_LAB3/lib/python3.10/site-packages/ITI_LAB3/number_counter.py to number_counter.cpython-310.pyc
byte-compiling /home/NightBaRron1412/Desktop/Robotics_ITI/Day_9/install/ITI_LAB3/lib/python3.10/site-packages/ITI_LAB3/reset_client.py to reset_client.cpython-310.pyc
running install_data
creating /home/NightBaRron1412/Desktop/Robotics_ITI/Day_9/install/ITI_LAB3/share/ament_index
creating /home/NightBaRron1412/Desktop/Robotics_ITI/Day_9/install/ITI_LAB3/share/ament_index/resource_index
creating /home/NightBaRron1412/Desktop/Robotics_ITI/Day_9/install/ITI_LAB3/share/ament_index/resource_index/packages
copying resource/ITI_LAB3 -> /home/NightBaRron1412/Desktop/Robotics_ITI/Day_9/install/ITI_LAB3/share/ament_index/resource_index/packages
copying package.xml -> /home/NightBaRron1412/Desktop/Robotics_ITI/Day_9/install/ITI_LAB3/share/ITI_LAB3
running install_egg_info
Copying ../../build/ITI_LAB3/ITI_LAB3.egg-info to /home/NightBaRron1412/Desktop/Robotics_ITI/Day_9/install/ITI_LAB3/lib/python3.10/site-packages/ITI_LAB3-0.0.0-py3.10.egg-info
running install_scripts
Installing Int_publisher=ITI_LAB3.Int_publisher:mainnumber_counter=ITI_LAB3.number_counter:mainreset_client script to /home/NightBaRron1412/Desktop/Robotics_ITI/Day_9/install/ITI_LAB3/lib/ITI_LAB3
writing list of installed files to '/home/NightBaRron1412/Desktop/Robotics_ITI/Day_9/build/ITI_LAB3/install.log'
