running egg_info
creating ../../build/first_pkg_robotics/first_pkg_robotics.egg-info
writing ../../build/first_pkg_robotics/first_pkg_robotics.egg-info/PKG-INFO
writing dependency_links to ../../build/first_pkg_robotics/first_pkg_robotics.egg-info/dependency_links.txt
writing entry points to ../../build/first_pkg_robotics/first_pkg_robotics.egg-info/entry_points.txt
writing requirements to ../../build/first_pkg_robotics/first_pkg_robotics.egg-info/requires.txt
writing top-level names to ../../build/first_pkg_robotics/first_pkg_robotics.egg-info/top_level.txt
writing manifest file '../../build/first_pkg_robotics/first_pkg_robotics.egg-info/SOURCES.txt'
reading manifest file '../../build/first_pkg_robotics/first_pkg_robotics.egg-info/SOURCES.txt'
writing manifest file '../../build/first_pkg_robotics/first_pkg_robotics.egg-info/SOURCES.txt'
running build
running build_py
creating /home/NightBaRron1412/Desktop/Robotics_ITI/iti_ws/build/first_pkg_robotics/build
creating /home/NightBaRron1412/Desktop/Robotics_ITI/iti_ws/build/first_pkg_robotics/build/lib
creating /home/NightBaRron1412/Desktop/Robotics_ITI/iti_ws/build/first_pkg_robotics/build/lib/first_pkg_robotics
copying first_pkg_robotics/__init__.py -> /home/NightBaRron1412/Desktop/Robotics_ITI/iti_ws/build/first_pkg_robotics/build/lib/first_pkg_robotics
copying first_pkg_robotics/file1.py -> /home/NightBaRron1412/Desktop/Robotics_ITI/iti_ws/build/first_pkg_robotics/build/lib/first_pkg_robotics
running install
running install_lib
creating /home/NightBaRron1412/Desktop/Robotics_ITI/iti_ws/install/first_pkg_robotics/lib/python3.10/site-packages/first_pkg_robotics
copying /home/NightBaRron1412/Desktop/Robotics_ITI/iti_ws/build/first_pkg_robotics/build/lib/first_pkg_robotics/__init__.py -> /home/NightBaRron1412/Desktop/Robotics_ITI/iti_ws/install/first_pkg_robotics/lib/python3.10/site-packages/first_pkg_robotics
copying /home/NightBaRron1412/Desktop/Robotics_ITI/iti_ws/build/first_pkg_robotics/build/lib/first_pkg_robotics/file1.py -> /home/NightBaRron1412/Desktop/Robotics_ITI/iti_ws/install/first_pkg_robotics/lib/python3.10/site-packages/first_pkg_robotics
byte-compiling /home/NightBaRron1412/Desktop/Robotics_ITI/iti_ws/install/first_pkg_robotics/lib/python3.10/site-packages/first_pkg_robotics/__init__.py to __init__.cpython-310.pyc
byte-compiling /home/NightBaRron1412/Desktop/Robotics_ITI/iti_ws/install/first_pkg_robotics/lib/python3.10/site-packages/first_pkg_robotics/file1.py to file1.cpython-310.pyc
running install_data
creating /home/NightBaRron1412/Desktop/Robotics_ITI/iti_ws/install/first_pkg_robotics/share/ament_index
creating /home/NightBaRron1412/Desktop/Robotics_ITI/iti_ws/install/first_pkg_robotics/share/ament_index/resource_index
creating /home/NightBaRron1412/Desktop/Robotics_ITI/iti_ws/install/first_pkg_robotics/share/ament_index/resource_index/packages
copying resource/first_pkg_robotics -> /home/NightBaRron1412/Desktop/Robotics_ITI/iti_ws/install/first_pkg_robotics/share/ament_index/resource_index/packages
copying package.xml -> /home/NightBaRron1412/Desktop/Robotics_ITI/iti_ws/install/first_pkg_robotics/share/first_pkg_robotics
running install_egg_info
Copying ../../build/first_pkg_robotics/first_pkg_robotics.egg-info to /home/NightBaRron1412/Desktop/Robotics_ITI/iti_ws/install/first_pkg_robotics/lib/python3.10/site-packages/first_pkg_robotics-0.0.0-py3.10.egg-info
running install_scripts
writing list of installed files to '/home/NightBaRron1412/Desktop/Robotics_ITI/iti_ws/build/first_pkg_robotics/install.log'
