[0.310s] DEBUG:colcon:Command line arguments: ['/usr/bin/colcon', 'build', '--packages-select', 'tf_lab_bringup']
[0.310s] DEBUG:colcon:Parsed command line arguments: Namespace(log_base=None, log_level=None, verb_name='build', build_base='build', install_base='install', merge_install=False, symlink_install=False, test_result_base=None, continue_on_error=False, executor='parallel', parallel_workers=12, event_handlers=None, ignore_user_meta=False, metas=['./colcon.meta'], base_paths=['.'], packages_ignore=None, packages_ignore_regex=None, paths=None, packages_up_to=None, packages_up_to_regex=None, packages_above=None, packages_above_and_dependencies=None, packages_above_depth=None, packages_select_by_dep=None, packages_skip_by_dep=None, packages_skip_up_to=None, packages_select_build_failed=False, packages_skip_build_finished=False, packages_select_test_failures=False, packages_skip_test_passed=False, packages_select=['tf_lab_bringup'], packages_skip=None, packages_select_regex=None, packages_skip_regex=None, packages_start=None, packages_end=None, allow_overriding=[], cmake_args=None, cmake_target=None, cmake_target_skip_unavailable=False, cmake_clean_cache=False, cmake_clean_first=False, cmake_force_configure=False, ament_cmake_args=None, catkin_cmake_args=None, catkin_skip_building_tests=False, verb_parser=<colcon_defaults.argument_parser.defaults.DefaultArgumentsDecorator object at 0x7fd1e6816e90>, verb_extension=<colcon_core.verb.build.BuildVerb object at 0x7fd1e715e110>, main=<bound method BuildVerb.main of <colcon_core.verb.build.BuildVerb object at 0x7fd1e715e110>>)
[0.336s] Level 1:colcon.colcon_core.package_discovery:discover_packages(colcon_meta) check parameters
[0.337s] Level 1:colcon.colcon_core.package_discovery:discover_packages(recursive) check parameters
[0.337s] Level 1:colcon.colcon_core.package_discovery:discover_packages(ignore) check parameters
[0.337s] Level 1:colcon.colcon_core.package_discovery:discover_packages(path) check parameters
[0.337s] Level 1:colcon.colcon_core.package_discovery:discover_packages(colcon_meta) discover
[0.337s] Level 1:colcon.colcon_core.package_discovery:discover_packages(recursive) discover
[0.337s] INFO:colcon.colcon_core.package_discovery:Crawling recursively for packages in '/home/NightBaRron1412/Desktop/Robotics_ITI/Day_12'
[0.337s] Level 1:colcon.colcon_core.package_identification:_identify(.) by extensions ['ignore', 'ignore_ament_install']
[0.337s] Level 1:colcon.colcon_core.package_identification:_identify(.) by extension 'ignore'
[0.337s] Level 1:colcon.colcon_core.package_identification:_identify(.) by extension 'ignore_ament_install'
[0.337s] Level 1:colcon.colcon_core.package_identification:_identify(.) by extensions ['colcon_pkg']
[0.337s] Level 1:colcon.colcon_core.package_identification:_identify(.) by extension 'colcon_pkg'
[0.337s] Level 1:colcon.colcon_core.package_identification:_identify(.) by extensions ['colcon_meta']
[0.337s] Level 1:colcon.colcon_core.package_identification:_identify(.) by extension 'colcon_meta'
[0.337s] Level 1:colcon.colcon_core.package_identification:_identify(.) by extensions ['ros']
[0.337s] Level 1:colcon.colcon_core.package_identification:_identify(.) by extension 'ros'
[0.347s] Level 1:colcon.colcon_core.package_identification:_identify(.) by extensions ['cmake', 'python']
[0.347s] Level 1:colcon.colcon_core.package_identification:_identify(.) by extension 'cmake'
[0.347s] Level 1:colcon.colcon_core.package_identification:_identify(.) by extension 'python'
[0.347s] Level 1:colcon.colcon_core.package_identification:_identify(.) by extensions ['python_setup_py']
[0.347s] Level 1:colcon.colcon_core.package_identification:_identify(.) by extension 'python_setup_py'
[0.347s] Level 1:colcon.colcon_core.package_identification:_identify(build) by extensions ['ignore', 'ignore_ament_install']
[0.347s] Level 1:colcon.colcon_core.package_identification:_identify(build) by extension 'ignore'
[0.347s] Level 1:colcon.colcon_core.package_identification:_identify(build) ignored
[0.347s] Level 1:colcon.colcon_core.package_identification:_identify(install) by extensions ['ignore', 'ignore_ament_install']
[0.347s] Level 1:colcon.colcon_core.package_identification:_identify(install) by extension 'ignore'
[0.348s] Level 1:colcon.colcon_core.package_identification:_identify(install) ignored
[0.348s] Level 1:colcon.colcon_core.package_identification:_identify(log) by extensions ['ignore', 'ignore_ament_install']
[0.348s] Level 1:colcon.colcon_core.package_identification:_identify(log) by extension 'ignore'
[0.348s] Level 1:colcon.colcon_core.package_identification:_identify(log) ignored
[0.348s] Level 1:colcon.colcon_core.package_identification:_identify(src) by extensions ['ignore', 'ignore_ament_install']
[0.348s] Level 1:colcon.colcon_core.package_identification:_identify(src) by extension 'ignore'
[0.348s] Level 1:colcon.colcon_core.package_identification:_identify(src) by extension 'ignore_ament_install'
[0.348s] Level 1:colcon.colcon_core.package_identification:_identify(src) by extensions ['colcon_pkg']
[0.348s] Level 1:colcon.colcon_core.package_identification:_identify(src) by extension 'colcon_pkg'
[0.348s] Level 1:colcon.colcon_core.package_identification:_identify(src) by extensions ['colcon_meta']
[0.348s] Level 1:colcon.colcon_core.package_identification:_identify(src) by extension 'colcon_meta'
[0.348s] Level 1:colcon.colcon_core.package_identification:_identify(src) by extensions ['ros']
[0.348s] Level 1:colcon.colcon_core.package_identification:_identify(src) by extension 'ros'
[0.348s] Level 1:colcon.colcon_core.package_identification:_identify(src) by extensions ['cmake', 'python']
[0.348s] Level 1:colcon.colcon_core.package_identification:_identify(src) by extension 'cmake'
[0.348s] Level 1:colcon.colcon_core.package_identification:_identify(src) by extension 'python'
[0.348s] Level 1:colcon.colcon_core.package_identification:_identify(src) by extensions ['python_setup_py']
[0.348s] Level 1:colcon.colcon_core.package_identification:_identify(src) by extension 'python_setup_py'
[0.348s] Level 1:colcon.colcon_core.package_identification:_identify(src/tf_lab_t1_bringup) by extensions ['ignore', 'ignore_ament_install']
[0.349s] Level 1:colcon.colcon_core.package_identification:_identify(src/tf_lab_t1_bringup) by extension 'ignore'
[0.349s] Level 1:colcon.colcon_core.package_identification:_identify(src/tf_lab_t1_bringup) by extension 'ignore_ament_install'
[0.349s] Level 1:colcon.colcon_core.package_identification:_identify(src/tf_lab_t1_bringup) by extensions ['colcon_pkg']
[0.349s] Level 1:colcon.colcon_core.package_identification:_identify(src/tf_lab_t1_bringup) by extension 'colcon_pkg'
[0.349s] Level 1:colcon.colcon_core.package_identification:_identify(src/tf_lab_t1_bringup) by extensions ['colcon_meta']
[0.349s] Level 1:colcon.colcon_core.package_identification:_identify(src/tf_lab_t1_bringup) by extension 'colcon_meta'
[0.349s] Level 1:colcon.colcon_core.package_identification:_identify(src/tf_lab_t1_bringup) by extensions ['ros']
[0.349s] Level 1:colcon.colcon_core.package_identification:_identify(src/tf_lab_t1_bringup) by extension 'ros'
[0.351s] DEBUG:colcon.colcon_core.package_identification:Package 'src/tf_lab_t1_bringup' with type 'ros.ament_cmake' and name 'tf_lab_bringup'
[0.351s] Level 1:colcon.colcon_core.package_identification:_identify(src/tf_lab_t2) by extensions ['ignore', 'ignore_ament_install']
[0.351s] Level 1:colcon.colcon_core.package_identification:_identify(src/tf_lab_t2) by extension 'ignore'
[0.351s] Level 1:colcon.colcon_core.package_identification:_identify(src/tf_lab_t2) by extension 'ignore_ament_install'
[0.351s] Level 1:colcon.colcon_core.package_identification:_identify(src/tf_lab_t2) by extensions ['colcon_pkg']
[0.351s] Level 1:colcon.colcon_core.package_identification:_identify(src/tf_lab_t2) by extension 'colcon_pkg'
[0.351s] Level 1:colcon.colcon_core.package_identification:_identify(src/tf_lab_t2) by extensions ['colcon_meta']
[0.351s] Level 1:colcon.colcon_core.package_identification:_identify(src/tf_lab_t2) by extension 'colcon_meta'
[0.351s] Level 1:colcon.colcon_core.package_identification:_identify(src/tf_lab_t2) by extensions ['ros']
[0.351s] Level 1:colcon.colcon_core.package_identification:_identify(src/tf_lab_t2) by extension 'ros'
[0.352s] DEBUG:colcon.colcon_core.package_identification:Package 'src/tf_lab_t2' with type 'ros.ament_python' and name 'tf_lab_t2'
[0.352s] Level 1:colcon.colcon_core.package_discovery:discover_packages(recursive) using defaults
[0.352s] Level 1:colcon.colcon_core.package_discovery:discover_packages(ignore) discover
[0.352s] Level 1:colcon.colcon_core.package_discovery:discover_packages(ignore) using defaults
[0.352s] Level 1:colcon.colcon_core.package_discovery:discover_packages(path) discover
[0.352s] Level 1:colcon.colcon_core.package_discovery:discover_packages(path) using defaults
[0.372s] INFO:colcon.colcon_core.package_selection:Skipping not selected package 'tf_lab_t2' in 'src/tf_lab_t2'
[0.372s] Level 1:colcon.colcon_core.package_discovery:discover_packages(prefix_path) check parameters
[0.373s] Level 1:colcon.colcon_core.package_discovery:discover_packages(prefix_path) discover
[0.375s] DEBUG:colcon.colcon_installed_package_information.package_discovery:Found 2 installed packages in /home/NightBaRron1412/ros2_ws/install
[0.376s] DEBUG:colcon.colcon_installed_package_information.package_discovery:Found 354 installed packages in /opt/ros/humble
[0.378s] Level 1:colcon.colcon_core.package_discovery:discover_packages(prefix_path) using defaults
[0.442s] Level 5:colcon.colcon_core.verb:set package 'tf_lab_bringup' build argument 'cmake_args' from command line to 'None'
[0.442s] Level 5:colcon.colcon_core.verb:set package 'tf_lab_bringup' build argument 'cmake_target' from command line to 'None'
[0.442s] Level 5:colcon.colcon_core.verb:set package 'tf_lab_bringup' build argument 'cmake_target_skip_unavailable' from command line to 'False'
[0.442s] Level 5:colcon.colcon_core.verb:set package 'tf_lab_bringup' build argument 'cmake_clean_cache' from command line to 'False'
[0.442s] Level 5:colcon.colcon_core.verb:set package 'tf_lab_bringup' build argument 'cmake_clean_first' from command line to 'False'
[0.442s] Level 5:colcon.colcon_core.verb:set package 'tf_lab_bringup' build argument 'cmake_force_configure' from command line to 'False'
[0.442s] Level 5:colcon.colcon_core.verb:set package 'tf_lab_bringup' build argument 'ament_cmake_args' from command line to 'None'
[0.443s] Level 5:colcon.colcon_core.verb:set package 'tf_lab_bringup' build argument 'catkin_cmake_args' from command line to 'None'
[0.443s] Level 5:colcon.colcon_core.verb:set package 'tf_lab_bringup' build argument 'catkin_skip_building_tests' from command line to 'False'
[0.443s] DEBUG:colcon.colcon_core.verb:Building package 'tf_lab_bringup' with the following arguments: {'ament_cmake_args': None, 'build_base': '/home/NightBaRron1412/Desktop/Robotics_ITI/Day_12/build/tf_lab_bringup', 'catkin_cmake_args': None, 'catkin_skip_building_tests': False, 'cmake_args': None, 'cmake_clean_cache': False, 'cmake_clean_first': False, 'cmake_force_configure': False, 'cmake_target': None, 'cmake_target_skip_unavailable': False, 'install_base': '/home/NightBaRron1412/Desktop/Robotics_ITI/Day_12/install/tf_lab_bringup', 'merge_install': False, 'path': '/home/NightBaRron1412/Desktop/Robotics_ITI/Day_12/src/tf_lab_t1_bringup', 'symlink_install': False, 'test_result_base': None}
[0.443s] INFO:colcon.colcon_core.executor:Executing jobs using 'parallel' executor
[0.446s] DEBUG:colcon.colcon_parallel_executor.executor.parallel:run_until_complete
[0.447s] INFO:colcon.colcon_ros.task.ament_cmake.build:Building ROS package in '/home/NightBaRron1412/Desktop/Robotics_ITI/Day_12/src/tf_lab_t1_bringup' with build type 'ament_cmake'
[0.447s] INFO:colcon.colcon_cmake.task.cmake.build:Building CMake package in '/home/NightBaRron1412/Desktop/Robotics_ITI/Day_12/src/tf_lab_t1_bringup'
[0.450s] INFO:colcon.colcon_core.plugin_system:Skipping extension 'colcon_core.shell.bat': Not used on non-Windows systems
[0.451s] INFO:colcon.colcon_core.shell:Skip shell extension 'powershell' for command environment: Not usable outside of PowerShell
[0.451s] DEBUG:colcon.colcon_core.shell:Skip shell extension 'dsv' for command environment
[0.478s] DEBUG:colcon.colcon_core.event_handler.log_command:Invoking command in '/home/NightBaRron1412/Desktop/Robotics_ITI/Day_12/build/tf_lab_bringup': CMAKE_PREFIX_PATH=${CMAKE_PREFIX_PATH}:/home/NightBaRron1412/ros2_ws/install/my_py_pkg:/opt/ros/humble /usr/bin/cmake /home/NightBaRron1412/Desktop/Robotics_ITI/Day_12/src/tf_lab_t1_bringup -DCMAKE_INSTALL_PREFIX=/home/NightBaRron1412/Desktop/Robotics_ITI/Day_12/install/tf_lab_bringup
[3.948s] DEBUG:colcon.colcon_core.event_handler.log_command:Invoked command in '/home/NightBaRron1412/Desktop/Robotics_ITI/Day_12/build/tf_lab_bringup' returned '0': CMAKE_PREFIX_PATH=${CMAKE_PREFIX_PATH}:/home/NightBaRron1412/ros2_ws/install/my_py_pkg:/opt/ros/humble /usr/bin/cmake /home/NightBaRron1412/Desktop/Robotics_ITI/Day_12/src/tf_lab_t1_bringup -DCMAKE_INSTALL_PREFIX=/home/NightBaRron1412/Desktop/Robotics_ITI/Day_12/install/tf_lab_bringup
[3.950s] DEBUG:colcon.colcon_core.event_handler.log_command:Invoking command in '/home/NightBaRron1412/Desktop/Robotics_ITI/Day_12/build/tf_lab_bringup': CMAKE_PREFIX_PATH=${CMAKE_PREFIX_PATH}:/home/NightBaRron1412/ros2_ws/install/my_py_pkg:/opt/ros/humble /usr/bin/cmake --build /home/NightBaRron1412/Desktop/Robotics_ITI/Day_12/build/tf_lab_bringup -- -j12 -l12
[3.980s] DEBUG:colcon.colcon_core.event_handler.log_command:Invoked command in '/home/NightBaRron1412/Desktop/Robotics_ITI/Day_12/build/tf_lab_bringup' returned '0': CMAKE_PREFIX_PATH=${CMAKE_PREFIX_PATH}:/home/NightBaRron1412/ros2_ws/install/my_py_pkg:/opt/ros/humble /usr/bin/cmake --build /home/NightBaRron1412/Desktop/Robotics_ITI/Day_12/build/tf_lab_bringup -- -j12 -l12
[4.006s] DEBUG:colcon.colcon_core.event_handler.log_command:Invoking command in '/home/NightBaRron1412/Desktop/Robotics_ITI/Day_12/build/tf_lab_bringup': CMAKE_PREFIX_PATH=${CMAKE_PREFIX_PATH}:/home/NightBaRron1412/ros2_ws/install/my_py_pkg:/opt/ros/humble /usr/bin/cmake --install /home/NightBaRron1412/Desktop/Robotics_ITI/Day_12/build/tf_lab_bringup
[4.022s] Level 1:colcon.colcon_core.environment:create_environment_scripts_only(tf_lab_bringup)
[4.023s] DEBUG:colcon.colcon_core.event_handler.log_command:Invoked command in '/home/NightBaRron1412/Desktop/Robotics_ITI/Day_12/build/tf_lab_bringup' returned '0': CMAKE_PREFIX_PATH=${CMAKE_PREFIX_PATH}:/home/NightBaRron1412/ros2_ws/install/my_py_pkg:/opt/ros/humble /usr/bin/cmake --install /home/NightBaRron1412/Desktop/Robotics_ITI/Day_12/build/tf_lab_bringup
[4.027s] Level 1:colcon.colcon_core.environment:checking '/home/NightBaRron1412/Desktop/Robotics_ITI/Day_12/install/tf_lab_bringup' for CMake module files
[4.028s] Level 1:colcon.colcon_core.environment:checking '/home/NightBaRron1412/Desktop/Robotics_ITI/Day_12/install/tf_lab_bringup' for CMake config files
[4.028s] Level 1:colcon.colcon_core.shell:create_environment_hook('tf_lab_bringup', 'cmake_prefix_path')
[4.030s] INFO:colcon.colcon_core.shell:Creating environment hook '/home/NightBaRron1412/Desktop/Robotics_ITI/Day_12/install/tf_lab_bringup/share/tf_lab_bringup/hook/cmake_prefix_path.ps1'
[4.038s] INFO:colcon.colcon_core.shell:Creating environment descriptor '/home/NightBaRron1412/Desktop/Robotics_ITI/Day_12/install/tf_lab_bringup/share/tf_lab_bringup/hook/cmake_prefix_path.dsv'
[4.039s] INFO:colcon.colcon_core.shell:Creating environment hook '/home/NightBaRron1412/Desktop/Robotics_ITI/Day_12/install/tf_lab_bringup/share/tf_lab_bringup/hook/cmake_prefix_path.sh'
[4.039s] Level 1:colcon.colcon_core.environment:checking '/home/NightBaRron1412/Desktop/Robotics_ITI/Day_12/install/tf_lab_bringup/bin'
[4.040s] Level 1:colcon.colcon_core.environment:checking '/home/NightBaRron1412/Desktop/Robotics_ITI/Day_12/install/tf_lab_bringup/lib/pkgconfig/tf_lab_bringup.pc'
[4.040s] Level 1:colcon.colcon_core.environment:checking '/home/NightBaRron1412/Desktop/Robotics_ITI/Day_12/install/tf_lab_bringup/lib/python3.10/site-packages'
[4.040s] Level 1:colcon.colcon_core.environment:checking '/home/NightBaRron1412/Desktop/Robotics_ITI/Day_12/install/tf_lab_bringup/bin'
[4.042s] INFO:colcon.colcon_core.shell:Creating package script '/home/NightBaRron1412/Desktop/Robotics_ITI/Day_12/install/tf_lab_bringup/share/tf_lab_bringup/package.ps1'
[4.042s] INFO:colcon.colcon_core.shell:Creating package descriptor '/home/NightBaRron1412/Desktop/Robotics_ITI/Day_12/install/tf_lab_bringup/share/tf_lab_bringup/package.dsv'
[4.043s] INFO:colcon.colcon_core.shell:Creating package script '/home/NightBaRron1412/Desktop/Robotics_ITI/Day_12/install/tf_lab_bringup/share/tf_lab_bringup/package.sh'
[4.044s] INFO:colcon.colcon_core.shell:Creating package script '/home/NightBaRron1412/Desktop/Robotics_ITI/Day_12/install/tf_lab_bringup/share/tf_lab_bringup/package.bash'
[4.044s] INFO:colcon.colcon_core.shell:Creating package script '/home/NightBaRron1412/Desktop/Robotics_ITI/Day_12/install/tf_lab_bringup/share/tf_lab_bringup/package.zsh'
[4.045s] Level 1:colcon.colcon_core.environment:create_file_with_runtime_dependencies(/home/NightBaRron1412/Desktop/Robotics_ITI/Day_12/install/tf_lab_bringup/share/colcon-core/packages/tf_lab_bringup)
[4.069s] Level 1:colcon.colcon_core.environment:create_environment_scripts_only(tf_lab_bringup)
[4.072s] Level 1:colcon.colcon_core.environment:checking '/home/NightBaRron1412/Desktop/Robotics_ITI/Day_12/install/tf_lab_bringup' for CMake module files
[4.072s] Level 1:colcon.colcon_core.environment:checking '/home/NightBaRron1412/Desktop/Robotics_ITI/Day_12/install/tf_lab_bringup' for CMake config files
[4.073s] Level 1:colcon.colcon_core.shell:create_environment_hook('tf_lab_bringup', 'cmake_prefix_path')
[4.074s] INFO:colcon.colcon_core.shell:Creating environment hook '/home/NightBaRron1412/Desktop/Robotics_ITI/Day_12/install/tf_lab_bringup/share/tf_lab_bringup/hook/cmake_prefix_path.ps1'
[4.074s] INFO:colcon.colcon_core.shell:Creating environment descriptor '/home/NightBaRron1412/Desktop/Robotics_ITI/Day_12/install/tf_lab_bringup/share/tf_lab_bringup/hook/cmake_prefix_path.dsv'
[4.075s] INFO:colcon.colcon_core.shell:Creating environment hook '/home/NightBaRron1412/Desktop/Robotics_ITI/Day_12/install/tf_lab_bringup/share/tf_lab_bringup/hook/cmake_prefix_path.sh'
[4.075s] Level 1:colcon.colcon_core.environment:checking '/home/NightBaRron1412/Desktop/Robotics_ITI/Day_12/install/tf_lab_bringup/bin'
[4.075s] Level 1:colcon.colcon_core.environment:checking '/home/NightBaRron1412/Desktop/Robotics_ITI/Day_12/install/tf_lab_bringup/lib/pkgconfig/tf_lab_bringup.pc'
[4.076s] Level 1:colcon.colcon_core.environment:checking '/home/NightBaRron1412/Desktop/Robotics_ITI/Day_12/install/tf_lab_bringup/lib/python3.10/site-packages'
[4.076s] Level 1:colcon.colcon_core.environment:checking '/home/NightBaRron1412/Desktop/Robotics_ITI/Day_12/install/tf_lab_bringup/bin'
[4.077s] INFO:colcon.colcon_core.shell:Creating package script '/home/NightBaRron1412/Desktop/Robotics_ITI/Day_12/install/tf_lab_bringup/share/tf_lab_bringup/package.ps1'
[4.078s] INFO:colcon.colcon_core.shell:Creating package descriptor '/home/NightBaRron1412/Desktop/Robotics_ITI/Day_12/install/tf_lab_bringup/share/tf_lab_bringup/package.dsv'
[4.078s] INFO:colcon.colcon_core.shell:Creating package script '/home/NightBaRron1412/Desktop/Robotics_ITI/Day_12/install/tf_lab_bringup/share/tf_lab_bringup/package.sh'
[4.078s] INFO:colcon.colcon_core.shell:Creating package script '/home/NightBaRron1412/Desktop/Robotics_ITI/Day_12/install/tf_lab_bringup/share/tf_lab_bringup/package.bash'
[4.079s] INFO:colcon.colcon_core.shell:Creating package script '/home/NightBaRron1412/Desktop/Robotics_ITI/Day_12/install/tf_lab_bringup/share/tf_lab_bringup/package.zsh'
[4.079s] Level 1:colcon.colcon_core.environment:create_file_with_runtime_dependencies(/home/NightBaRron1412/Desktop/Robotics_ITI/Day_12/install/tf_lab_bringup/share/colcon-core/packages/tf_lab_bringup)
[4.079s] DEBUG:colcon.colcon_parallel_executor.executor.parallel:closing loop
[4.080s] DEBUG:colcon.colcon_parallel_executor.executor.parallel:loop closed
[4.080s] DEBUG:colcon.colcon_parallel_executor.executor.parallel:run_until_complete finished with '0'
[4.080s] DEBUG:colcon.colcon_core.event_reactor:joining thread
[4.087s] INFO:colcon.colcon_core.plugin_system:Skipping extension 'colcon_notification.desktop_notification.terminal_notifier': Not used on non-Darwin systems
[4.087s] INFO:colcon.colcon_core.plugin_system:Skipping extension 'colcon_notification.desktop_notification.win32': Not used on non-Windows systems
[4.087s] INFO:colcon.colcon_notification.desktop_notification:Sending desktop notification using 'notify2'
[4.099s] DEBUG:colcon.colcon_core.event_reactor:joined thread
[4.102s] INFO:colcon.colcon_core.shell:Creating prefix script '/home/NightBaRron1412/Desktop/Robotics_ITI/Day_12/install/local_setup.ps1'
[4.104s] INFO:colcon.colcon_core.shell:Creating prefix util module '/home/NightBaRron1412/Desktop/Robotics_ITI/Day_12/install/_local_setup_util_ps1.py'
[4.105s] INFO:colcon.colcon_core.shell:Creating prefix chain script '/home/NightBaRron1412/Desktop/Robotics_ITI/Day_12/install/setup.ps1'
[4.107s] INFO:colcon.colcon_core.shell:Creating prefix script '/home/NightBaRron1412/Desktop/Robotics_ITI/Day_12/install/local_setup.sh'
[4.107s] INFO:colcon.colcon_core.shell:Creating prefix util module '/home/NightBaRron1412/Desktop/Robotics_ITI/Day_12/install/_local_setup_util_sh.py'
[4.108s] INFO:colcon.colcon_core.shell:Creating prefix chain script '/home/NightBaRron1412/Desktop/Robotics_ITI/Day_12/install/setup.sh'
[4.110s] INFO:colcon.colcon_core.shell:Creating prefix script '/home/NightBaRron1412/Desktop/Robotics_ITI/Day_12/install/local_setup.bash'
[4.110s] INFO:colcon.colcon_core.shell:Creating prefix chain script '/home/NightBaRron1412/Desktop/Robotics_ITI/Day_12/install/setup.bash'
[4.111s] INFO:colcon.colcon_core.shell:Creating prefix script '/home/NightBaRron1412/Desktop/Robotics_ITI/Day_12/install/local_setup.zsh'
[4.112s] INFO:colcon.colcon_core.shell:Creating prefix chain script '/home/NightBaRron1412/Desktop/Robotics_ITI/Day_12/install/setup.zsh'
