[0.634s] Invoking command in '/home/NightBaRron1412/Desktop/Robotics_ITI/Day_12/src/tf_lab_t2': PYTHONPATH=/home/NightBaRron1412/Desktop/Robotics_ITI/Day_12/install/tf_lab_t2/lib/python3.10/site-packages:${PYTHONPATH} /usr/bin/python3 setup.py egg_info --egg-base ../../build/tf_lab_t2 build --build-base /home/NightBaRron1412/Desktop/Robotics_ITI/Day_12/build/tf_lab_t2/build install --prefix /home/NightBaRron1412/Desktop/Robotics_ITI/Day_12/install/tf_lab_t2 --record /home/NightBaRron1412/Desktop/Robotics_ITI/Day_12/build/tf_lab_t2/install.log --single-version-externally-managed
[0.887s] running egg_info
[0.888s] writing ../../build/tf_lab_t2/tf_lab_t2.egg-info/PKG-INFO
[0.888s] writing dependency_links to ../../build/tf_lab_t2/tf_lab_t2.egg-info/dependency_links.txt
[0.888s] writing entry points to ../../build/tf_lab_t2/tf_lab_t2.egg-info/entry_points.txt
[0.888s] writing requirements to ../../build/tf_lab_t2/tf_lab_t2.egg-info/requires.txt
[0.889s] writing top-level names to ../../build/tf_lab_t2/tf_lab_t2.egg-info/top_level.txt
[0.891s] reading manifest file '../../build/tf_lab_t2/tf_lab_t2.egg-info/SOURCES.txt'
[0.892s] writing manifest file '../../build/tf_lab_t2/tf_lab_t2.egg-info/SOURCES.txt'
[0.892s] running build
[0.892s] running build_py
[0.892s] running install
[0.892s] /usr/lib/python3/dist-packages/setuptools/command/install.py:34: SetuptoolsDeprecationWarning: setup.py install is deprecated. Use build and pip and other standards-based tools.
[0.892s]   warnings.warn(
[0.893s] running install_lib
[0.894s] running install_data
[0.894s] running install_egg_info
[0.895s] removing '/home/NightBaRron1412/Desktop/Robotics_ITI/Day_12/install/tf_lab_t2/lib/python3.10/site-packages/tf_lab_t2-0.0.0-py3.10.egg-info' (and everything under it)
[0.896s] Copying ../../build/tf_lab_t2/tf_lab_t2.egg-info to /home/NightBaRron1412/Desktop/Robotics_ITI/Day_12/install/tf_lab_t2/lib/python3.10/site-packages/tf_lab_t2-0.0.0-py3.10.egg-info
[0.896s] running install_scripts
[0.914s] Installing frame_pub script to /home/NightBaRron1412/Desktop/Robotics_ITI/Day_12/install/tf_lab_t2/lib/tf_lab_t2
[0.914s] writing list of installed files to '/home/NightBaRron1412/Desktop/Robotics_ITI/Day_12/build/tf_lab_t2/install.log'
[0.936s] Invoked command in '/home/NightBaRron1412/Desktop/Robotics_ITI/Day_12/src/tf_lab_t2' returned '0': PYTHONPATH=/home/NightBaRron1412/Desktop/Robotics_ITI/Day_12/install/tf_lab_t2/lib/python3.10/site-packages:${PYTHONPATH} /usr/bin/python3 setup.py egg_info --egg-base ../../build/tf_lab_t2 build --build-base /home/NightBaRron1412/Desktop/Robotics_ITI/Day_12/build/tf_lab_t2/build install --prefix /home/NightBaRron1412/Desktop/Robotics_ITI/Day_12/install/tf_lab_t2 --record /home/NightBaRron1412/Desktop/Robotics_ITI/Day_12/build/tf_lab_t2/install.log --single-version-externally-managed
